<?xml version="1.0" encoding="UTF-8"?>
<TestRun id="d9905e37-3cef-4f85-9a25-19e0f0a9a150" name="Administrator@MININT-3MVF30N 2016-06-15 15:43:10" runUser="MININT-3MVF30N\Administrator" xmlns="http://microsoft.com/schemas/VisualStudio/TeamTest/2010">
  <TestSettings name="Local" id="ce1befce-c7ce-4f95-bdc9-d76a680a87f9">
    <Description>These are default test settings for a local test run.</Description>
    <Execution>
      <TestTypeSpecific />
      <AgentRule name="Execution Agents">
      </AgentRule>
    </Execution>
    <Deployment runDeploymentRoot="Administrator_MININT-3MVF30N 2016-06-15 15_43_10" />
    <Properties>
      <Property name="TestSettingsUIType" value="LoadTest" />
    </Properties>
  </TestSettings>
  <Times creation="2016-06-15T15:43:10.9205526+08:00" queuing="2016-06-15T15:43:12.2955537+08:00" start="2016-06-15T15:43:12.9830561+08:00" finish="2016-06-15T15:43:24.3424293+08:00" />
  <ResultSummary outcome="Failed">
    <Counters total="1" executed="1" error="0" failed="1" timeout="0" aborted="0" inconclusive="0" passedButRunAborted="0" notRunnable="0" notExecuted="0" disconnected="0" warning="0" passed="0" completed="0" inProgress="0" pending="0" />
  </ResultSummary>
  <TestDefinitions>
    <WebTest name="WebTest1" storage="d:\knowledgecenter\sourcecode\nodejs-socketio-chat\socketioloadtest\webtest1.webtest" id="c1b7396d-e2b3-4a00-a3f5-8a635881f92a" persistedWebTest="77u/PD94bWwgdmVyc2lvbj0iMS4wIiBlbmNvZGluZz0iVVRGLTgiIHN0YW5kYWxvbmU9InllcyI/Pg0KPFdlYlRlc3QgTmFtZT0iV2ViVGVzdDEiIElkPSJjMWI3Mzk2ZC1lMmIzLTRhMDAtYTNmNS04YTYzNTg4MWY5MmEiIE93bmVyPSIiIFByaW9yaXR5PSIyMTQ3NDgzNjQ3IiBFbmFibGVkPSJUcnVlIiBDc3NQcm9qZWN0U3RydWN0dXJlPSIiIENzc0l0ZXJhdGlvbj0iIiBUaW1lb3V0PSIwIiBXb3JrSXRlbUlkcz0iIiB4bWxucz0iaHR0cDovL21pY3Jvc29mdC5jb20vc2NoZW1hcy9WaXN1YWxTdHVkaW8vVGVhbVRlc3QvMjAxMCIgRGVzY3JpcHRpb249IiIgQ3JlZGVudGlhbFVzZXJOYW1lPSIiIENyZWRlbnRpYWxQYXNzd29yZD0iIiBQcmVBdXRoZW50aWNhdGU9IlRydWUiIFByb3h5PSJkZWZhdWx0IiBTdG9wT25FcnJvcj0iRmFsc2UiIFJlY29yZGVkUmVzdWx0RmlsZT0iV2ViVGVzdDEuMGQ0ODk0YmItNTNkMi00OTgzLTgxNTItZDI4OTlhMWY2OWEwLnJlYy53ZWJ0ZXN0cmVzdWx0IiBSZXN1bHRzTG9jYWxlPSIiPg0KICA8SXRlbXM+DQogICAgPFJlcXVlc3QgTWV0aG9kPSJQT1NUIiBHdWlkPSI3ZmQ2YmI4YS03OTRhLTQ3YjktODY2NS0wMGUxMDhlMmI5ZTkiIFZlcnNpb249IjEuMSIgVXJsPSJodHRwczovL2xvY2FsaG9zdDoyNjE0My9za3lwZWN0b2MvdjEvcG5yL3BhcnNlIiBUaGlua1RpbWU9IjQiIFRpbWVvdXQ9IjMwMCIgUGFyc2VEZXBlbmRlbnRSZXF1ZXN0cz0iVHJ1ZSIgRm9sbG93UmVkaXJlY3RzPSJUcnVlIiBSZWNvcmRSZXN1bHQ9IlRydWUiIENhY2hlPSJGYWxzZSIgUmVzcG9uc2VUaW1lR29hbD0iMCIgRW5jb2Rpbmc9InV0Zi04IiBFeHBlY3RlZEh0dHBTdGF0dXNDb2RlPSIwIiBFeHBlY3RlZFJlc3BvbnNlVXJsPSIiIFJlcG9ydGluZ05hbWU9IiIgSWdub3JlSHR0cFN0YXR1c0NvZGU9IkZhbHNlIj4NCiAgICAgIDxIZWFkZXJzPg0KICAgICAgICA8SGVhZGVyIE5hbWU9IlByYWdtYSIgVmFsdWU9Im5vLWNhY2hlIiAvPg0KICAgICAgPC9IZWFkZXJzPg0KICAgICAgPFN0cmluZ0h0dHBCb2R5IENvbnRlbnRUeXBlPSJhcHBsaWNhdGlvbi9qc29uIiBJbnNlcnRCeXRlT3JkZXJNYXJrPSJGYWxzZSI+ZXdBaUFHa0FaQUFpQURvQUlnQXdBQ0lBTEFBaUFHd0FZUUJ1QUdjQWRRQmhBR2NBWlFCekFDSUFPZ0FpQUdVQWJnQWlBQ3dBSWdCMEFHVUFlQUIwQUNJQU9nQWlBRHdBUkFCSkFGWUFJQUJwQUdRQVBRQmNBQ0lBYndCdUFHd0FhUUJ1QUdVQVl3QnZBSFVBYmdCMEFGd0FJZ0FnQUhNQWRBQjVBR3dBWlFBOUFGd0FJZ0JpQUdFQVl3QnJBR2NBY2dCdkFIVUFiZ0JrQURvQUlBQnlBR2NBWWdBb0FESUFNd0E1QUN3QUlBQXlBRE1BT1FBc0FDQUFNZ0EwQURRQUtRQTdBQ0FBWXdCdkFHd0Fid0J5QURvQUlBQnlBR2NBWWdBb0FERUFNQUF5QUN3QUlBQXhBREFBTWdBc0FDQUFNUUF3QURJQUtRQTdBQ0FBWmdCdkFHNEFkQUF0QUhNQWFRQjZBR1VBT2dBZ0FERUFNZ0J3QUhnQU93QWdBRzBBWVFCeUFHY0FhUUJ1QUMwQWRBQnZBSEFBT2dBZ0FERUFNQUJ3QUhnQU93QWdBRzBBWVFCeUFHY0FhUUJ1QUMwQWJBQmxBR1lBZEFBNkFDQUFNUUF3QUhBQWVBQTdBRndBSWdBK0FGTmZUVkp4VVFsbklBQXhBQ0FBdWs0b1Y3OStEUDhvVjc5K0YxSm9pQnIvZEFCbEFITUFkQUF3QURBQU1RQThBQzhBUkFCSkFGWUFQZ0E4QUZNQVJRQkRBRlFBU1FCUEFFNEFJQUJqQUd3QVlRQnpBSE1BUFFCY0FDSUFjd0I1QUhNQWRBQmxBRzBBSUFCS0FDMEFiUUJxQUhJQWJBQnBBRzRBYXdCWEFISUFZUUJ3QUNBQVNnQXRBR01BZFFCMEFFMEFjd0JuQUZ3QUlnQStBRHdBUkFCSkFGWUFJQUJqQUd3QVlRQnpBSE1BUFFCY0FDSUFiUUJ6QUdjQUxRQnpBSGtBY3dCMEFHVUFiUUJjQUNJQVBnQjBBR1VBY3dCMEFEQUFNQUF4QUNBQW9GSmxVWVpPU29BcFdhUmJQQUF2QUVRQVNRQldBRDRBUEFBdkFGTUFSUUJEQUZRQVNRQlBBRTRBUGdBOEFGTUFSUUJEQUZRQVNRQlBBRTRBSUFCakFHd0FZUUJ6QUhNQVBRQmNBQ0lBZFFCekFHVUFjZ0JjQUNJQVBnQThBRVFBU1FCV0FENEFhQUJsQUd3QWJBQnZBQ0VBUEFBdkFFUUFTUUJXQUQ0QVBBQlRBRkFBUVFCT0FENEFkQUJsQUhNQWRBQXdBREFBTVFBOEFDOEFVd0JRQUVFQVRnQStBRHdBTHdCVEFFVUFRd0JVQUVrQVR3Qk9BRDRBUEFCVEFFVUFRd0JVQUVrQVR3Qk9BQ0FBWXdCc0FHRUFjd0J6QUQwQVhBQWlBSE1BZVFCekFIUUFaUUJ0QUNBQVNnQXRBRzBBYWdCeUFHd0FhUUJ1QUdzQVZ3QnlBR0VBY0FBZ0FFb0FMUUJqQUhVQWRBQk5BSE1BWndCY0FDSUFQZ0E4QUVRQVNRQldBQ0FBWXdCc0FHRUFjd0J6QUQwQVhBQWlBRzBBY3dCbkFDMEFjd0I1QUhNQWRBQmxBRzBBWEFBaUFENEFkQUJ6QUdVQWRBQWdBQUNRK2xHR1RrcUFLVm1rV3p3QUx3QkVBRWtBVmdBK0FEd0FMd0JUQUVVQVF3QlVBRWtBVHdCT0FENEFJZ0FzQUNJQWRRQnlBR3dBSWdBNkFDSUFaZ0JwQUd3QVpRQTZBQzhBTHdCRUFEb0FYQUJjQUVzQWJnQnZBSGNBYkFCbEFHUUFad0JsQUVNQVpRQnVBSFFBWlFCeUFGd0FYQUJUQUc4QWRRQnlBR01BWlFCREFHOEFaQUJsQUZ3QVhBQnVBRzhBWkFCbEFHb0Fjd0F0QUhNQWJ3QmpBR3NBWlFCMEFHa0Fid0F0QUdNQWFBQmhBSFFBWEFCY0FHTUFiQUJwQUdVQWJnQjBBRndBWEFCcEFHNEFaQUJsQUhnQUxnQm9BSFFBYlFCc0FDSUFmUUFLQUE9PTwvU3RyaW5nSHR0cEJvZHk+DQogICAgPC9SZXF1ZXN0Pg0KICAgIDxSZXF1ZXN0IE1ldGhvZD0iUE9TVCIgR3VpZD0iNDgwMjMyNmEtYmUzMi00ZWY5LWI1MDgtYjE2ZWE3NmQ2ZjkwIiBWZXJzaW9uPSIxLjEiIFVybD0iaHR0cHM6Ly9sb2NhbGhvc3Q6MjYxNDMvc2t5cGVjdG9jL3YxL3Buci9wYXJzZSIgVGhpbmtUaW1lPSIyIiBUaW1lb3V0PSIzMDAiIFBhcnNlRGVwZW5kZW50UmVxdWVzdHM9IlRydWUiIEZvbGxvd1JlZGlyZWN0cz0iVHJ1ZSIgUmVjb3JkUmVzdWx0PSJUcnVlIiBDYWNoZT0iRmFsc2UiIFJlc3BvbnNlVGltZUdvYWw9IjAiIEVuY29kaW5nPSJ1dGYtOCIgRXhwZWN0ZWRIdHRwU3RhdHVzQ29kZT0iMCIgRXhwZWN0ZWRSZXNwb25zZVVybD0iIiBSZXBvcnRpbmdOYW1lPSIiIElnbm9yZUh0dHBTdGF0dXNDb2RlPSJGYWxzZSI+DQogICAgICA8SGVhZGVycz4NCiAgICAgICAgPEhlYWRlciBOYW1lPSJQcmFnbWEiIFZhbHVlPSJuby1jYWNoZSIgLz4NCiAgICAgIDwvSGVhZGVycz4NCiAgICAgIDxTdHJpbmdIdHRwQm9keSBDb250ZW50VHlwZT0iYXBwbGljYXRpb24vanNvbiIgSW5zZXJ0Qnl0ZU9yZGVyTWFyaz0iRmFsc2UiPmV3QWlBR2tBWkFBaUFEb0FJZ0F3QUNJQUxBQWlBR3dBWVFCdUFHY0FkUUJoQUdjQVpRQnpBQ0lBT2dBaUFHVUFiZ0FpQUN3QUlnQjBBR1VBZUFCMEFDSUFPZ0FpQUR3QVJBQkpBRllBSUFCcEFHUUFQUUJjQUNJQWJBQnZBR2NBYVFCdUFHSUFid0I0QUZ3QUlnQStBRHdBUkFCSkFGWUFJQUJ6QUhRQWVRQnNBR1VBUFFCY0FDSUFiUUJoQUhJQVp3QnBBRzRBT2dBZ0FESUFNQUF3QUhBQWVBQWdBR0VBZFFCMEFHOEFPd0FnQUhjQWFRQmtBSFFBYUFBNkFDQUFNZ0EyQURBQWNBQjRBRHNBWEFBaUFENEE5NHRJVVpPUFpWRmdUeWhYU29BcFdhUmJoSFkxWnZCNUlBQWdBQ0FBSUFBZ0FDQUFJQUFnQUNBQUlBQWdBQ0FBSUFBZ0FDQUFJQUFnQUR3QVFnQlNBRDRBUEFCQ0FGSUFQZ0E4QUVrQVRnQlFBRlVBVkFBZ0FHNEFZUUJ0QUdVQVBRQmNBQ0lBZFFCekFHVUFjZ0J1QUdFQWJRQmxBRndBSWdBZ0FHa0FaQUE5QUZ3QUlnQjFBSE1BWlFCeUFHNEFZUUJ0QUdVQVhBQWlBQ0FBY3dCMEFIa0FiQUJsQUQwQVhBQWlBSGNBYVFCa0FIUUFhQUE2QUNBQU1RQTRBREFBY0FCNEFEc0FYQUFpQUNBQWRBQjVBSEFBWlFBOUFGd0FJZ0IwQUdVQWVBQjBBRndBSWdBZ0FIQUFiQUJoQUdNQVpRQm9BRzhBYkFCa0FHVUFjZ0E5QUZ3QUlnRDNpNU9QWlZFb2RUZGlEVlJjQUNJQVBnQmNBSFFBWEFCMEFGd0FkQUJjQUhRQUlBQThBRWtBVGdCUUFGVUFWQUFnQUhNQWRBQjVBR3dBWlFBOUFGd0FJZ0IzQUdrQVpBQjBBR2dBT2dBZ0FEVUFNQUJ3QUhnQU93QmNBQ0lBSUFCdkFHNEFZd0JzQUdrQVl3QnJBRDBBWEFBaUFFTUFTQUJCQUZRQUxnQjFBSE1BWlFCeUFHNEFZUUJ0QUdVQVV3QjFBR0lBYlFCcEFIUUFLQUFwQURzQVhBQWlBQ0FBZEFCNUFIQUFaUUE5QUZ3QUlnQmlBSFVBZEFCMEFHOEFiZ0JjQUNJQUlBQjJBR0VBYkFCMUFHVUFQUUJjQUNJQTBHT2tUbHdBSWdBK0FDQUFJQUFnQUNBQUlBQWdBQ0FBSUFBZ0FDQUFJQUFnQUNBQVBBQXZBRVFBU1FCV0FENEFQQUF2QUVRQVNRQldBRDRBUEFCRUFFa0FWZ0FnQUdrQVpBQTlBRndBSWdCakFHZ0FZUUIwQUdJQWJ3QjRBRndBSWdBZ0FITUFkQUI1QUd3QVpRQTlBRndBSWdCa0FHa0Fjd0J3QUd3QVlRQjVBRG9BSUFCdUFHOEFiZ0JsQURzQVhBQWlBRDRBUEFCRUFFa0FWZ0FnQUhNQWRBQjVBR3dBWlFBOUFGd0FJZ0JpQUdFQVl3QnJBR2NBY2dCdkFIVUFiZ0JrQURvQUlBQnlBR2NBWWdBb0FEWUFNUUFzQUNBQU5nQXhBQ3dBSUFBMkFERUFLUUE3QUNBQWR3QnBBR1FBZEFCb0FEb0FJQUF4QURBQU1BQWxBRHNBSUFCb0FHVUFhUUJuQUdnQWRBQTZBQ0FBTWdBNEFIQUFlQUE3QUNBQVpnQnZBRzRBZEFBdEFITUFhUUI2QUdVQU9nQWdBREVBTWdCd0FIZ0FPd0JjQUNJQVBnQThBRVFBU1FCV0FDQUFjd0IwQUhrQWJBQmxBRDBBWEFBaUFHTUFid0JzQUc4QWNnQTZBQ0FBY2dCbkFHSUFLQUF5QURVQU5RQXNBQ0FBTWdBMUFEVUFMQUFnQURJQU5RQTFBQ2tBT3dBZ0FHd0FhUUJ1QUdVQUxRQm9BR1VBYVFCbkFHZ0FkQUE2QUNBQU1nQTRBSEFBZUFBN0FGd0FJZ0ErQUR3QVV3QlFBRUVBVGdBZ0FITUFkQUI1QUd3QVpRQTlBRndBSWdCMEFHVUFlQUIwQUMwQVlRQnNBR2tBWndCdUFEb0FJQUJzQUdVQVpnQjBBRHNBSUFCdEFHRUFjZ0JuQUdrQWJnQXRBR3dBWlFCbUFIUUFPZ0FnQURFQU1BQndBSGdBT3dCY0FDSUFQZ0JYQUdVQVlnQnpBRzhBWXdCckFHVUFkQUFhV2JwT1NvQXBXYVJiUEFBdkFGTUFVQUJCQUU0QVBnQWdBQ0FBSUFBZ0FDQUFJQUFnQUNBQUlBQWdBQ0FBSUFBZ0FDQUFJQUFnQUNBQUlBQWdBQ0FBSUFBOEFGTUFVQUJCQUU0QUlBQnpBSFFBZVFCc0FHVUFQUUJjQUNJQWJRQmhBSElBWndCcEFHNEFMUUJ5QUdrQVp3Qm9BSFFBT2dBZ0FERUFNQUJ3QUhnQU93QWdBR1lBYkFCdkFHRUFkQUE2QUNBQWNnQnBBR2NBYUFCMEFEc0FYQUFpQUQ0QVBBQlRBRkFBUVFCT0FDQUFhUUJrQUQwQVhBQWlBSE1BYUFCdkFIY0FkUUJ6QUdVQWNnQnVBR0VBYlFCbEFGd0FJZ0ErQUR3QUx3QlRBRkFBUVFCT0FENEFJQUI4QUNBQVhBQjBBRndBZEFCY0FIUUFYQUIwQUZ3QWRBQWdBRHdBUVFBZ0FITUFkQUI1QUd3QVpRQTlBRndBSWdCakFHOEFiQUJ2QUhJQU9nQWdBSElBWndCaUFDZ0FNZ0ExQURVQUxBQWdBRElBTlFBMUFDd0FJQUF5QURVQU5RQXBBRHNBWEFBaUFDQUFid0J1QUdNQWJBQnBBR01BYXdBOUFGd0FJZ0JEQUVnQVFRQlVBQzRBYkFCdkFHY0Fid0IxQUhRQUtBQXBBRndBSWdBZ0FHZ0FjZ0JsQUdZQVBRQmNBQ0lBYWdCaEFIWUFZUUJ6QUdNQWNnQnBBSEFBZEFBNkFEc0FYQUFpQUQ0QUFKRDZVVHdBTHdCQkFENEFQQUF2QUZNQVVBQkJBRTRBUGdBZ0FDQUFJQUFnQUNBQUlBQWdBQ0FBSUFBZ0FDQUFJQUFnQUNBQUlBQWdBQ0FBUEFBdkFFUUFTUUJXQUQ0QVBBQXZBRVFBU1FCV0FENEFQQUJFQUVrQVZnQWdBR2tBWkFBOUFGd0FJZ0JrQUc4QVl3QmNBQ0lBUGdBOEFFUUFTUUJXQUNBQWFRQmtBRDBBWEFBaUFHTUFhQUJoQUhRQVhBQWlBRDRBUEFCRUFFa0FWZ0FnQUdNQWJBQmhBSE1BY3dBOUFGd0FJZ0J0QUdVQWN3QnpBR0VBWndCbEFGd0FJZ0FnQUdrQVpBQTlBRndBSWdCdEFHVUFjd0J6QUdFQVp3QmxBRndBSWdBK0FEd0FSQUJKQUZZQUlBQnBBR1FBUFFCY0FDSUFid0J1QUd3QWFRQnVBR1VBWXdCdkFIVUFiZ0IwQUZ3QUlnQWdBSE1BZEFCNUFHd0FaUUE5QUZ3QUlnQmlBR0VBWXdCckFHY0FjZ0J2QUhVQWJnQmtBRG9BSUFCeUFHY0FZZ0FvQURJQU13QTVBQ3dBSUFBeUFETUFPUUFzQUNBQU1nQTBBRFFBS1FBN0FDQUFZd0J2QUd3QWJ3QnlBRG9BSUFCeUFHY0FZZ0FvQURFQU1BQXlBQ3dBSUFBeEFEQUFNZ0FzQUNBQU1RQXdBRElBS1FBN0FDQUFaZ0J2QUc0QWRBQXRBSE1BYVFCNkFHVUFPZ0FnQURFQU1nQndBSGdBT3dBZ0FHMEFZUUJ5QUdjQWFRQnVBQzBBZEFCdkFIQUFPZ0FnQURFQU1BQndBSGdBT3dBZ0FHMEFZUUJ5QUdjQWFRQnVBQzBBYkFCbEFHWUFkQUE2QUNBQU1RQXdBSEFBZUFBN0FGd0FJZ0ErQUR3QUx3QkVBRWtBVmdBK0FEd0FMd0JFQUVrQVZnQStBRHdBUkFCSkFGWUFJQUJqQUd3QVlRQnpBSE1BUFFCY0FDSUFhUUJ1QUhBQWRRQjBBQzBBWWdCdkFIZ0FYQUFpQUQ0QVBBQkVBRWtBVmdBZ0FHTUFiQUJoQUhNQWN3QTlBRndBSWdCcEFHNEFjQUIxQUhRQVhBQWlBRDRBUEFCSkFFNEFVQUJWQUZRQUlBQnVBR0VBYlFCbEFEMEFYQUFpQUdNQWJ3QnVBSFFBWlFCdUFIUUFYQUFpQUNBQWFRQmtBRDBBWEFBaUFHTUFid0J1QUhRQVpRQnVBSFFBWEFBaUFDQUFkQUI1QUhBQVpRQTlBRndBSWdCMEFHVUFlQUIwQUZ3QUlnQWdBRzBBWVFCNEFHd0FaUUJ1QUdjQWRBQm9BRDBBWEFBaUFERUFOQUF3QUZ3QUlnQWdBSEFBYkFCaEFHTUFaUUJvQUc4QWJBQmtBR1VBY2dBOUFGd0FJZ0QzaTVPUFpWRktnQ2xaaFZHNVd3ei9DV05EQUhRQWNnQnNBTkJqcEU1Y0FDSUFQZ0FnQUNBQUlBQWdBQ0FBSUFBZ0FDQUFJQUFnQUNBQUlBQWdBQ0FBSUFBZ0FDQUFJQUFnQUNBQUlBQWdBQ0FBSUFBZ0FEd0FMd0JFQUVrQVZnQStBRHdBUkFCSkFGWUFJQUJqQUd3QVlRQnpBSE1BUFFCY0FDSUFZUUJqQUhRQWFRQnZBRzRBWEFBaUFENEFQQUJDQUZVQVZBQlVBRThBVGdBZ0FHa0FaQUE5QUZ3QUlnQnRBR29BY2dCZkFITUFaUUJ1QUdRQVhBQWlBQ0FBYndCdUFHTUFiQUJwQUdNQWF3QTlBRndBSWdCREFFZ0FRUUJVQUM0QWN3QjFBR0lBYlFCcEFIUUFLQUFwQURzQVhBQWlBQ0FBZEFCNUFIQUFaUUE5QUZ3QUlnQmlBSFVBZEFCMEFHOEFiZ0JjQUNJQVBnRFFZNlJPUEFBdkFFSUFWUUJVQUZRQVR3Qk9BRDRBSUFBZ0FDQUFJQUFnQUNBQUlBQWdBQ0FBSUFBZ0FDQUFJQUFnQUNBQUlBQWdBQ0FBSUFBZ0FDQUFJQUFnQUNBQUlBQThBQzhBUkFCSkFGWUFQZ0E4QUVRQVNRQldBQ0FBY3dCMEFIa0FiQUJsQUQwQVhBQWlBR3dBWlFCbUFIUUFPZ0FnQURFQU1BQndBSGdBT3dBZ0FIUUFid0J3QURvQUlBQTBBRFVBY0FCNEFEc0FJQUIzQUdrQVpBQjBBR2dBT2dBZ0FERUFNQUF3QUNVQU93QWdBR1lBYndCdUFIUUFMUUJ6QUdrQWVnQmxBRG9BSUFBeEFESUFjQUI0QURzQUlBQm1BR3dBYndCaEFIUUFPZ0FnQUd3QVpRQm1BSFFBT3dBZ0FIQUFid0J6QUdrQWRBQnBBRzhBYmdBNkFDQUFZUUJpQUhNQWJ3QnNBSFVBZEFCbEFEc0FYQUFpQUQ0QVBBQlFBRDRBZ2xtY1o5bVBLazVFQUdVQWJRQnZBUGxiWUU4Slp5NWVxVklNL3p3QVFRQWdBR2dBY2dCbEFHWUFQUUJjQUNJQWFBQjBBSFFBY0FCekFEb0FMd0F2QUdjQWFRQjBBR2dBZFFCaUFDNEFZd0J2QUcwQUx3QndBR3dBYUFCM0FHa0FiZ0JjQUNJQUlBQjBBR0VBY2dCbkFHVUFkQUE5QUZ3QUlnQmZBR0lBYkFCaEFHNEFhd0JjQUNJQVBnRDNpekJTUndCcEFIUUFhQUIxQUdJQWMxSG9iQkZpUEFBdkFFRUFQZ0E4QUM4QVVBQStBRHdBVUFBK0FGbGxDM29hL3p3QVFRQWdBR2dBY2dCbEFHWUFQUUJjQUNJQWFBQjBBSFFBY0FBNkFDOEFMd0IzQUhjQWR3QXVBSEFBYkFCb0FIY0FhUUJ1QUM0QVl3QnZBRzBBTHdBeUFEQUFNUUEwQUM4QU1BQTFBQzhBTWdBNEFDOEFiZ0J2QUdRQVpRQnFBSE1BTFFCekFHOEFZd0JyQUdVQWRBQnBBRzhBTHdCY0FDSUFJQUIwQUdFQWNnQm5BR1VBZEFBOUFGd0FJZ0JmQUdJQWJBQmhBRzRBYXdCY0FDSUFQZ0JvQUhRQWRBQndBRG9BTHdBdkFIY0Fkd0IzQUM0QWNBQnNBR2dBZHdCcEFHNEFMZ0JqQUc4QWJRQXZBRElBTUFBeEFEUUFMd0F3QURVQUx3QXlBRGdBTHdCdUFHOEFaQUJsQUdvQWN3QXRBSE1BYndCakFHc0FaUUIwQUdrQWJ3QXZBRHdBTHdCQkFENEFQQUF2QUZBQVBnQThBRkFBUGdDUWJnRjRHdjg4QUVFQUlBQm9BSElBWlFCbUFEMEFYQUFpQUdnQWRBQjBBSEFBY3dBNkFDOEFMd0JuQUdrQWRBQm9BSFVBWWdBdUFHTUFid0J0QUM4QWNBQnNBR2dBZHdCcEFHNEFMd0J1QUc4QVpBQmxBR29BY3dBdEFITUFid0JqQUdzQVpRQjBBR2tBYndBdEFHTUFhQUJoQUhRQVhBQWlBQ0FBZEFCaEFISUFad0JsQUhRQVBRQmNBQ0lBWHdCaUFHd0FZUUJ1QUdzQVhBQWlBRDRBYUFCMEFIUUFjQUJ6QURvQUx3QXZBR2NBYVFCMEFHZ0FkUUJpQUM0QVl3QnZBRzBBTHdCd0FHd0FhQUIzQUdrQWJnQXZBRzRBYndCa0FHVUFhZ0J6QUMwQWN3QnZBR01BYXdCbEFIUUFhUUJ2QUMwQVl3Qm9BR0VBZEFBOEFDOEFRUUErQUR3QUx3QlFBRDRBUEFBdkFFUUFTUUJXQUQ0QVBBQXZBRVFBU1FCV0FENEFQQUF2QUVRQVNRQldBRDRBUEFBdkFFUUFTUUJXQUQ0QVBBQXZBRVFBU1FCV0FENEFQQUJUQUVNQVVnQkpBRkFBVkFBZ0FITUFjZ0JqQUQwQVhBQWlBQzRBTHdCakFHd0FhUUJsQUc0QWRBQXVBR29BY3dCY0FDSUFJQUIwQUhrQWNBQmxBRDBBWEFBaUFIUUFaUUI0QUhRQUx3QnFBR0VBZGdCaEFITUFZd0J5QUdrQWNBQjBBRndBSWdBK0FEd0FMd0JUQUVNQVVnQkpBRkFBVkFBK0FDQUFJQUFnQUNBQUlBQWlBQ3dBSWdCMUFISUFiQUFpQURvQUlnQm1BR2tBYkFCbEFEb0FMd0F2QUVRQU9nQmNBRndBU3dCdUFHOEFkd0JzQUdVQVpBQm5BR1VBUXdCbEFHNEFkQUJsQUhJQVhBQmNBRk1BYndCMUFISUFZd0JsQUVNQWJ3QmtBR1VBWEFCY0FHNEFid0JrQUdVQWFnQnpBQzBBY3dCdkFHTUFhd0JsQUhRQWFRQnZBQzBBWXdCb0FHRUFkQUJjQUZ3QVl3QnNBR2tBWlFCdUFIUUFYQUJjQUdrQWJnQmtBR1VBZUFBdUFHZ0FkQUJ0QUd3QUlnQjlBQW9BPC9TdHJpbmdIdHRwQm9keT4NCiAgICA8L1JlcXVlc3Q+DQogICAgPFJlcXVlc3QgTWV0aG9kPSJQT1NUIiBHdWlkPSI4NGI5ZjgyMS0zOWFhLTQzZDgtYjE2MS1lOTI2ZDFiMThjMTUiIFZlcnNpb249IjEuMSIgVXJsPSJodHRwczovL2xvY2FsaG9zdDoyNjE0My9za3lwZWN0b2MvdjEvcG5yL3BhcnNlIiBUaGlua1RpbWU9IjEyIiBUaW1lb3V0PSIzMDAiIFBhcnNlRGVwZW5kZW50UmVxdWVzdHM9IlRydWUiIEZvbGxvd1JlZGlyZWN0cz0iVHJ1ZSIgUmVjb3JkUmVzdWx0PSJUcnVlIiBDYWNoZT0iRmFsc2UiIFJlc3BvbnNlVGltZUdvYWw9IjAiIEVuY29kaW5nPSJ1dGYtOCIgRXhwZWN0ZWRIdHRwU3RhdHVzQ29kZT0iMCIgRXhwZWN0ZWRSZXNwb25zZVVybD0iIiBSZXBvcnRpbmdOYW1lPSIiIElnbm9yZUh0dHBTdGF0dXNDb2RlPSJGYWxzZSI+DQogICAgICA8SGVhZGVycz4NCiAgICAgICAgPEhlYWRlciBOYW1lPSJQcmFnbWEiIFZhbHVlPSJuby1jYWNoZSIgLz4NCiAgICAgIDwvSGVhZGVycz4NCiAgICAgIDxTdHJpbmdIdHRwQm9keSBDb250ZW50VHlwZT0iYXBwbGljYXRpb24vanNvbiIgSW5zZXJ0Qnl0ZU9yZGVyTWFyaz0iRmFsc2UiPmV3QWlBR2tBWkFBaUFEb0FJZ0F3QUNJQUxBQWlBR3dBWVFCdUFHY0FkUUJoQUdjQVpRQnpBQ0lBT2dBaUFHVUFiZ0FpQUN3QUlnQjBBR1VBZUFCMEFDSUFPZ0FpQUR3QVJBQkpBRllBSUFCcEFHUUFQUUJjQUNJQWJBQnZBR2NBYVFCdUFHSUFid0I0QUZ3QUlnQStBRHdBUkFCSkFGWUFJQUJ6QUhRQWVRQnNBR1VBUFFCY0FDSUFiUUJoQUhJQVp3QnBBRzRBT2dBZ0FESUFNQUF3QUhBQWVBQWdBR0VBZFFCMEFHOEFPd0FnQUhjQWFRQmtBSFFBYUFBNkFDQUFNZ0EyQURBQWNBQjRBRHNBWEFBaUFENEE5NHRJVVpPUFpWRmdUeWhYU29BcFdhUmJoSFkxWnZCNUlBQWdBQ0FBSUFBZ0FDQUFJQUFnQUNBQUlBQWdBQ0FBSUFBZ0FDQUFJQUFnQUR3QVFnQlNBRDRBUEFCQ0FGSUFQZ0E4QUVrQVRnQlFBRlVBVkFBZ0FHNEFZUUJ0QUdVQVBRQmNBQ0lBZFFCekFHVUFjZ0J1QUdFQWJRQmxBRndBSWdBZ0FHa0FaQUE5QUZ3QUlnQjFBSE1BWlFCeUFHNEFZUUJ0QUdVQVhBQWlBQ0FBY3dCMEFIa0FiQUJsQUQwQVhBQWlBSGNBYVFCa0FIUUFhQUE2QUNBQU1RQTRBREFBY0FCNEFEc0FYQUFpQUNBQWRBQjVBSEFBWlFBOUFGd0FJZ0IwQUdVQWVBQjBBRndBSWdBZ0FIQUFiQUJoQUdNQVpRQm9BRzhBYkFCa0FHVUFjZ0E5QUZ3QUlnRDNpNU9QWlZFb2RUZGlEVlJjQUNJQVBnQmNBSFFBWEFCMEFGd0FkQUJjQUhRQUlBQThBRWtBVGdCUUFGVUFWQUFnQUhNQWRBQjVBR3dBWlFBOUFGd0FJZ0IzQUdrQVpBQjBBR2dBT2dBZ0FEVUFNQUJ3QUhnQU93QmNBQ0lBSUFCdkFHNEFZd0JzQUdrQVl3QnJBRDBBWEFBaUFFTUFTQUJCQUZRQUxnQjFBSE1BWlFCeUFHNEFZUUJ0QUdVQVV3QjFBR0lBYlFCcEFIUUFLQUFwQURzQVhBQWlBQ0FBZEFCNUFIQUFaUUE5QUZ3QUlnQmlBSFVBZEFCMEFHOEFiZ0JjQUNJQUlBQjJBR0VBYkFCMUFHVUFQUUJjQUNJQTBHT2tUbHdBSWdBK0FDQUFJQUFnQUNBQUlBQWdBQ0FBSUFBZ0FDQUFJQUFnQUNBQVBBQXZBRVFBU1FCV0FENEFQQUF2QUVRQVNRQldBRDRBUEFCRUFFa0FWZ0FnQUdrQVpBQTlBRndBSWdCakFHZ0FZUUIwQUdJQWJ3QjRBRndBSWdBZ0FITUFkQUI1QUd3QVpRQTlBRndBSWdCa0FHa0Fjd0J3QUd3QVlRQjVBRG9BSUFCdUFHOEFiZ0JsQURzQVhBQWlBRDRBUEFCRUFFa0FWZ0FnQUhNQWRBQjVBR3dBWlFBOUFGd0FJZ0JpQUdFQVl3QnJBR2NBY2dCdkFIVUFiZ0JrQURvQUlBQnlBR2NBWWdBb0FEWUFNUUFzQUNBQU5nQXhBQ3dBSUFBMkFERUFLUUE3QUNBQWR3QnBBR1FBZEFCb0FEb0FJQUF4QURBQU1BQWxBRHNBSUFCb0FHVUFhUUJuQUdnQWRBQTZBQ0FBTWdBNEFIQUFlQUE3QUNBQVpnQnZBRzRBZEFBdEFITUFhUUI2QUdVQU9nQWdBREVBTWdCd0FIZ0FPd0JjQUNJQVBnQThBRVFBU1FCV0FDQUFjd0IwQUhrQWJBQmxBRDBBWEFBaUFHTUFid0JzQUc4QWNnQTZBQ0FBY2dCbkFHSUFLQUF5QURVQU5RQXNBQ0FBTWdBMUFEVUFMQUFnQURJQU5RQTFBQ2tBT3dBZ0FHd0FhUUJ1QUdVQUxRQm9BR1VBYVFCbkFHZ0FkQUE2QUNBQU1nQTRBSEFBZUFBN0FGd0FJZ0ErQUR3QVV3QlFBRUVBVGdBZ0FITUFkQUI1QUd3QVpRQTlBRndBSWdCMEFHVUFlQUIwQUMwQVlRQnNBR2tBWndCdUFEb0FJQUJzQUdVQVpnQjBBRHNBSUFCdEFHRUFjZ0JuQUdrQWJnQXRBR3dBWlFCbUFIUUFPZ0FnQURFQU1BQndBSGdBT3dCY0FDSUFQZ0JYQUdVQVlnQnpBRzhBWXdCckFHVUFkQUFhV2JwT1NvQXBXYVJiUEFBdkFGTUFVQUJCQUU0QVBnQWdBQ0FBSUFBZ0FDQUFJQUFnQUNBQUlBQWdBQ0FBSUFBZ0FDQUFJQUFnQUNBQUlBQWdBQ0FBSUFBOEFGTUFVQUJCQUU0QUlBQnpBSFFBZVFCc0FHVUFQUUJjQUNJQWJRQmhBSElBWndCcEFHNEFMUUJ5QUdrQVp3Qm9BSFFBT2dBZ0FERUFNQUJ3QUhnQU93QWdBR1lBYkFCdkFHRUFkQUE2QUNBQWNnQnBBR2NBYUFCMEFEc0FYQUFpQUQ0QVBBQlRBRkFBUVFCT0FDQUFhUUJrQUQwQVhBQWlBSE1BYUFCdkFIY0FkUUJ6QUdVQWNnQnVBR0VBYlFCbEFGd0FJZ0ErQUR3QUx3QlRBRkFBUVFCT0FENEFJQUI4QUNBQVhBQjBBRndBZEFCY0FIUUFYQUIwQUZ3QWRBQWdBRHdBUVFBZ0FITUFkQUI1QUd3QVpRQTlBRndBSWdCakFHOEFiQUJ2QUhJQU9nQWdBSElBWndCaUFDZ0FNZ0ExQURVQUxBQWdBRElBTlFBMUFDd0FJQUF5QURVQU5RQXBBRHNBWEFBaUFDQUFid0J1QUdNQWJBQnBBR01BYXdBOUFGd0FJZ0JEQUVnQVFRQlVBQzRBYkFCdkFHY0Fid0IxQUhRQUtBQXBBRndBSWdBZ0FHZ0FjZ0JsQUdZQVBRQmNBQ0lBYWdCaEFIWUFZUUJ6QUdNQWNnQnBBSEFBZEFBNkFEc0FYQUFpQUQ0QUFKRDZVVHdBTHdCQkFENEFQQUF2QUZNQVVBQkJBRTRBUGdBZ0FDQUFJQUFnQUNBQUlBQWdBQ0FBSUFBZ0FDQUFJQUFnQUNBQUlBQWdBQ0FBUEFBdkFFUUFTUUJXQUQ0QVBBQXZBRVFBU1FCV0FENEFQQUJFQUVrQVZnQWdBR2tBWkFBOUFGd0FJZ0JrQUc4QVl3QmNBQ0lBUGdBOEFFUUFTUUJXQUNBQWFRQmtBRDBBWEFBaUFHTUFhQUJoQUhRQVhBQWlBRDRBUEFCRUFFa0FWZ0FnQUdNQWJBQmhBSE1BY3dBOUFGd0FJZ0J0QUdVQWN3QnpBR0VBWndCbEFGd0FJZ0FnQUdrQVpBQTlBRndBSWdCdEFHVUFjd0J6QUdFQVp3QmxBRndBSWdBK0FEd0FSQUJKQUZZQUlBQnBBR1FBUFFCY0FDSUFid0J1QUd3QWFRQnVBR1VBWXdCdkFIVUFiZ0IwQUZ3QUlnQWdBSE1BZEFCNUFHd0FaUUE5QUZ3QUlnQmlBR0VBWXdCckFHY0FjZ0J2QUhVQWJnQmtBRG9BSUFCeUFHY0FZZ0FvQURJQU13QTVBQ3dBSUFBeUFETUFPUUFzQUNBQU1nQTBBRFFBS1FBN0FDQUFZd0J2QUd3QWJ3QnlBRG9BSUFCeUFHY0FZZ0FvQURFQU1BQXlBQ3dBSUFBeEFEQUFNZ0FzQUNBQU1RQXdBRElBS1FBN0FDQUFaZ0J2QUc0QWRBQXRBSE1BYVFCNkFHVUFPZ0FnQURFQU1nQndBSGdBT3dBZ0FHMEFZUUJ5QUdjQWFRQnVBQzBBZEFCdkFIQUFPZ0FnQURFQU1BQndBSGdBT3dBZ0FHMEFZUUJ5QUdjQWFRQnVBQzBBYkFCbEFHWUFkQUE2QUNBQU1RQXdBSEFBZUFBN0FGd0FJZ0ErQUR3QUx3QkVBRWtBVmdBK0FEd0FMd0JFQUVrQVZnQStBRHdBUkFCSkFGWUFJQUJqQUd3QVlRQnpBSE1BUFFCY0FDSUFhUUJ1QUhBQWRRQjBBQzBBWWdCdkFIZ0FYQUFpQUQ0QVBBQkVBRWtBVmdBZ0FHTUFiQUJoQUhNQWN3QTlBRndBSWdCcEFHNEFjQUIxQUhRQVhBQWlBRDRBUEFCSkFFNEFVQUJWQUZRQUlBQnVBR0VBYlFCbEFEMEFYQUFpQUdNQWJ3QnVBSFFBWlFCdUFIUUFYQUFpQUNBQWFRQmtBRDBBWEFBaUFHTUFid0J1QUhRQVpRQnVBSFFBWEFBaUFDQUFkQUI1QUhBQVpRQTlBRndBSWdCMEFHVUFlQUIwQUZ3QUlnQWdBRzBBWVFCNEFHd0FaUUJ1QUdjQWRBQm9BRDBBWEFBaUFERUFOQUF3QUZ3QUlnQWdBSEFBYkFCaEFHTUFaUUJvQUc4QWJBQmtBR1VBY2dBOUFGd0FJZ0QzaTVPUFpWRktnQ2xaaFZHNVd3ei9DV05EQUhRQWNnQnNBTkJqcEU1Y0FDSUFQZ0FnQUNBQUlBQWdBQ0FBSUFBZ0FDQUFJQUFnQUNBQUlBQWdBQ0FBSUFBZ0FDQUFJQUFnQUNBQUlBQWdBQ0FBSUFBZ0FEd0FMd0JFQUVrQVZnQStBRHdBUkFCSkFGWUFJQUJqQUd3QVlRQnpBSE1BUFFCY0FDSUFZUUJqQUhRQWFRQnZBRzRBWEFBaUFENEFQQUJDQUZVQVZBQlVBRThBVGdBZ0FHa0FaQUE5QUZ3QUlnQnRBR29BY2dCZkFITUFaUUJ1QUdRQVhBQWlBQ0FBYndCdUFHTUFiQUJwQUdNQWF3QTlBRndBSWdCREFFZ0FRUUJVQUM0QWN3QjFBR0lBYlFCcEFIUUFLQUFwQURzQVhBQWlBQ0FBZEFCNUFIQUFaUUE5QUZ3QUlnQmlBSFVBZEFCMEFHOEFiZ0JjQUNJQVBnRFFZNlJPUEFBdkFFSUFWUUJVQUZRQVR3Qk9BRDRBSUFBZ0FDQUFJQUFnQUNBQUlBQWdBQ0FBSUFBZ0FDQUFJQUFnQUNBQUlBQWdBQ0FBSUFBZ0FDQUFJQUFnQUNBQUlBQThBQzhBUkFCSkFGWUFQZ0E4QUVRQVNRQldBQ0FBY3dCMEFIa0FiQUJsQUQwQVhBQWlBR3dBWlFCbUFIUUFPZ0FnQURFQU1BQndBSGdBT3dBZ0FIUUFid0J3QURvQUlBQTBBRFVBY0FCNEFEc0FJQUIzQUdrQVpBQjBBR2dBT2dBZ0FERUFNQUF3QUNVQU93QWdBR1lBYndCdUFIUUFMUUJ6QUdrQWVnQmxBRG9BSUFBeEFESUFjQUI0QURzQUlBQm1BR3dBYndCaEFIUUFPZ0FnQUd3QVpRQm1BSFFBT3dBZ0FIQUFid0J6QUdrQWRBQnBBRzhBYmdBNkFDQUFZUUJpQUhNQWJ3QnNBSFVBZEFCbEFEc0FYQUFpQUQ0QVBBQlFBRDRBZ2xtY1o5bVBLazVFQUdVQWJRQnZBUGxiWUU4Slp5NWVxVklNL3p3QVFRQWdBR2dBY2dCbEFHWUFQUUJjQUNJQWFBQjBBSFFBY0FCekFEb0FMd0F2QUdjQWFRQjBBR2dBZFFCaUFDNEFZd0J2QUcwQUx3QndBR3dBYUFCM0FHa0FiZ0JjQUNJQUlBQjBBR0VBY2dCbkFHVUFkQUE5QUZ3QUlnQmZBR0lBYkFCaEFHNEFhd0JjQUNJQVBnRDNpekJTUndCcEFIUUFhQUIxQUdJQWMxSG9iQkZpUEFBdkFFRUFQZ0E4QUM4QVVBQStBRHdBVUFBK0FGbGxDM29hL3p3QVFRQWdBR2dBY2dCbEFHWUFQUUJjQUNJQWFBQjBBSFFBY0FBNkFDOEFMd0IzQUhjQWR3QXVBSEFBYkFCb0FIY0FhUUJ1QUM0QVl3QnZBRzBBTHdBeUFEQUFNUUEwQUM4QU1BQTFBQzhBTWdBNEFDOEFiZ0J2QUdRQVpRQnFBSE1BTFFCekFHOEFZd0JyQUdVQWRBQnBBRzhBTHdCY0FDSUFJQUIwQUdFQWNnQm5BR1VBZEFBOUFGd0FJZ0JmQUdJQWJBQmhBRzRBYXdCY0FDSUFQZ0JvQUhRQWRBQndBRG9BTHdBdkFIY0Fkd0IzQUM0QWNBQnNBR2dBZHdCcEFHNEFMZ0JqQUc4QWJRQXZBRElBTUFBeEFEUUFMd0F3QURVQUx3QXlBRGdBTHdCdUFHOEFaQUJsQUdvQWN3QXRBSE1BYndCakFHc0FaUUIwQUdrQWJ3QXZBRHdBTHdCQkFENEFQQUF2QUZBQVBnQThBRkFBUGdDUWJnRjRHdjg4QUVFQUlBQm9BSElBWlFCbUFEMEFYQUFpQUdnQWRBQjBBSEFBY3dBNkFDOEFMd0JuQUdrQWRBQm9BSFVBWWdBdUFHTUFid0J0QUM4QWNBQnNBR2dBZHdCcEFHNEFMd0J1QUc4QVpBQmxBR29BY3dBdEFITUFid0JqQUdzQVpRQjBBR2tBYndBdEFHTUFhQUJoQUhRQVhBQWlBQ0FBZEFCaEFISUFad0JsQUhRQVBRQmNBQ0lBWHdCaUFHd0FZUUJ1QUdzQVhBQWlBRDRBYUFCMEFIUUFjQUJ6QURvQUx3QXZBR2NBYVFCMEFHZ0FkUUJpQUM0QVl3QnZBRzBBTHdCd0FHd0FhQUIzQUdrQWJnQXZBRzRBYndCa0FHVUFhZ0J6QUMwQWN3QnZBR01BYXdCbEFIUUFhUUJ2QUMwQVl3Qm9BR0VBZEFBOEFDOEFRUUErQUR3QUx3QlFBRDRBUEFBdkFFUUFTUUJXQUQ0QVBBQXZBRVFBU1FCV0FENEFQQUF2QUVRQVNRQldBRDRBUEFBdkFFUUFTUUJXQUQ0QVBBQXZBRVFBU1FCV0FENEFQQUJUQUVNQVVnQkpBRkFBVkFBZ0FITUFjZ0JqQUQwQVhBQWlBQzRBTHdCakFHd0FhUUJsQUc0QWRBQXVBR29BY3dCY0FDSUFJQUIwQUhrQWNBQmxBRDBBWEFBaUFIUUFaUUI0QUhRQUx3QnFBR0VBZGdCaEFITUFZd0J5QUdrQWNBQjBBRndBSWdBK0FEd0FMd0JUQUVNQVVnQkpBRkFBVkFBK0FDQUFJQUFnQUNBQUlBQWlBQ3dBSWdCMUFISUFiQUFpQURvQUlnQm1BR2tBYkFCbEFEb0FMd0F2QUVRQU9nQmNBRndBU3dCdUFHOEFkd0JzQUdVQVpBQm5BR1VBUXdCbEFHNEFkQUJsQUhJQVhBQmNBRk1BYndCMUFISUFZd0JsQUVNQWJ3QmtBR1VBWEFCY0FHNEFid0JrQUdVQWFnQnpBQzBBY3dCdkFHTUFhd0JsQUhRQWFRQnZBQzBBWXdCb0FHRUFkQUJjQUZ3QVl3QnNBR2tBWlFCdUFIUUFYQUJjQUdrQWJnQmtBR1VBZUFBdUFHZ0FkQUJ0QUd3QUlnQjlBQW9BPC9TdHJpbmdIdHRwQm9keT4NCiAgICA8L1JlcXVlc3Q+DQogICAgPFJlcXVlc3QgTWV0aG9kPSJHRVQiIEd1aWQ9IjcwMWMyZWZkLWQyNmYtNGQ1Yi1iYmU5LWVlNjUyOWE0N2QxMiIgVmVyc2lvbj0iMS4xIiBVcmw9Imh0dHA6Ly8xMjcuMC4wLjE6ODA4OC9zb2NrZXQuaW8vIiBUaGlua1RpbWU9IjAiIFRpbWVvdXQ9IjMwMCIgUGFyc2VEZXBlbmRlbnRSZXF1ZXN0cz0iVHJ1ZSIgRm9sbG93UmVkaXJlY3RzPSJUcnVlIiBSZWNvcmRSZXN1bHQ9IlRydWUiIENhY2hlPSJGYWxzZSIgUmVzcG9uc2VUaW1lR29hbD0iMCIgRW5jb2Rpbmc9InV0Zi04IiBFeHBlY3RlZEh0dHBTdGF0dXNDb2RlPSIwIiBFeHBlY3RlZFJlc3BvbnNlVXJsPSIiIFJlcG9ydGluZ05hbWU9IiIgSWdub3JlSHR0cFN0YXR1c0NvZGU9IkZhbHNlIj4NCiAgICAgIDxRdWVyeVN0cmluZ1BhcmFtZXRlcnM+DQogICAgICAgIDxRdWVyeVN0cmluZ1BhcmFtZXRlciBOYW1lPSJFSU8iIFZhbHVlPSIzIiBSZWNvcmRlZFZhbHVlPSIzIiBDb3JyZWxhdGlvbkJpbmRpbmc9IiIgVXJsRW5jb2RlPSJGYWxzZSIgVXNlVG9Hcm91cFJlc3VsdHM9IkZhbHNlIiAvPg0KICAgICAgICA8UXVlcnlTdHJpbmdQYXJhbWV0ZXIgTmFtZT0idHJhbnNwb3J0IiBWYWx1ZT0icG9sbGluZyIgUmVjb3JkZWRWYWx1ZT0icG9sbGluZyIgQ29ycmVsYXRpb25CaW5kaW5nPSIiIFVybEVuY29kZT0iRmFsc2UiIFVzZVRvR3JvdXBSZXN1bHRzPSJGYWxzZSIgLz4NCiAgICAgICAgPFF1ZXJ5U3RyaW5nUGFyYW1ldGVyIE5hbWU9InQiIFZhbHVlPSJMTEl6dDg1IiBSZWNvcmRlZFZhbHVlPSJMTEl6dDg1IiBDb3JyZWxhdGlvbkJpbmRpbmc9IiIgVXJsRW5jb2RlPSJGYWxzZSIgVXNlVG9Hcm91cFJlc3VsdHM9IkZhbHNlIiAvPg0KICAgICAgPC9RdWVyeVN0cmluZ1BhcmFtZXRlcnM+DQogICAgPC9SZXF1ZXN0Pg0KICAgIDxSZXF1ZXN0IE1ldGhvZD0iUE9TVCIgR3VpZD0iNzNjNjE2NjQtZmNjNS00ZjQ5LWI5OWUtOGY1Mjg0NjFlNzM1IiBWZXJzaW9uPSIxLjEiIFVybD0iaHR0cHM6Ly9sb2NhbGhvc3Q6MjYxNDMvc2t5cGVjdG9jL3YxL3Buci9wYXJzZSIgVGhpbmtUaW1lPSIwIiBUaW1lb3V0PSIzMDAiIFBhcnNlRGVwZW5kZW50UmVxdWVzdHM9IlRydWUiIEZvbGxvd1JlZGlyZWN0cz0iVHJ1ZSIgUmVjb3JkUmVzdWx0PSJUcnVlIiBDYWNoZT0iRmFsc2UiIFJlc3BvbnNlVGltZUdvYWw9IjAiIEVuY29kaW5nPSJ1dGYtOCIgRXhwZWN0ZWRIdHRwU3RhdHVzQ29kZT0iMCIgRXhwZWN0ZWRSZXNwb25zZVVybD0iIiBSZXBvcnRpbmdOYW1lPSIiIElnbm9yZUh0dHBTdGF0dXNDb2RlPSJGYWxzZSI+DQogICAgICA8SGVhZGVycz4NCiAgICAgICAgPEhlYWRlciBOYW1lPSJQcmFnbWEiIFZhbHVlPSJuby1jYWNoZSIgLz4NCiAgICAgIDwvSGVhZGVycz4NCiAgICAgIDxTdHJpbmdIdHRwQm9keSBDb250ZW50VHlwZT0iYXBwbGljYXRpb24vanNvbiIgSW5zZXJ0Qnl0ZU9yZGVyTWFyaz0iRmFsc2UiPmV3QWlBR2tBWkFBaUFEb0FJZ0F3QUNJQUxBQWlBR3dBWVFCdUFHY0FkUUJoQUdjQVpRQnpBQ0lBT2dBaUFHVUFiZ0FpQUN3QUlnQjBBR1VBZUFCMEFDSUFPZ0FpQUR3QVJBQkpBRllBSUFCekFIUUFlUUJzQUdVQVBRQmNBQ0lBWWdCaEFHTUFhd0JuQUhJQWJ3QjFBRzRBWkFBNkFDQUFjZ0JuQUdJQUtBQTJBREVBTEFBZ0FEWUFNUUFzQUNBQU5nQXhBQ2tBT3dBZ0FIY0FhUUJrQUhRQWFBQTZBQ0FBTVFBd0FEQUFKUUE3QUNBQWFBQmxBR2tBWndCb0FIUUFPZ0FnQURJQU9BQndBSGdBT3dBZ0FHWUFid0J1QUhRQUxRQnpBR2tBZWdCbEFEb0FJQUF4QURJQWNBQjRBRHNBWEFBaUFENEFQQUJFQUVrQVZnQWdBSE1BZEFCNUFHd0FaUUE5QUZ3QUlnQmpBRzhBYkFCdkFISUFPZ0FnQUhJQVp3QmlBQ2dBTWdBMUFEVUFMQUFnQURJQU5RQTFBQ3dBSUFBeUFEVUFOUUFwQURzQUlBQnNBR2tBYmdCbEFDMEFhQUJsQUdrQVp3Qm9BSFFBT2dBZ0FESUFPQUJ3QUhnQU93QmNBQ0lBUGdBOEFGTUFVQUJCQUU0QUlBQnpBSFFBZVFCc0FHVUFQUUJjQUNJQWJRQmhBSElBWndCcEFHNEFMUUJ5QUdrQVp3Qm9BSFFBT2dBZ0FERUFNQUJ3QUhnQU93QWdBR1lBYkFCdkFHRUFkQUE2QUNBQWNnQnBBR2NBYUFCMEFEc0FYQUFpQUQ0QVBBQlRBRkFBUVFCT0FDQUFhUUJrQUQwQVhBQWlBSE1BYUFCdkFIY0FkUUJ6QUdVQWNnQnVBR0VBYlFCbEFGd0FJZ0ErQUhRQVpRQnpBSFFBTUFBd0FERUFQQUF2QUZNQVVBQkJBRTRBUGdBZ0FId0FJQUJjQUhRQVhBQjBBRndBZEFCY0FIUUFYQUIwQUNBQVBBQkJBQ0FBY3dCMEFIa0FiQUJsQUQwQVhBQWlBR01BYndCc0FHOEFjZ0E2QUNBQWNnQm5BR0lBS0FBeUFEVUFOUUFzQUNBQU1nQTFBRFVBTEFBZ0FESUFOUUExQUNrQU93QmNBQ0lBSUFCdkFHNEFZd0JzQUdrQVl3QnJBRDBBWEFBaUFFTUFTQUJCQUZRQUxnQnNBRzhBWndCdkFIVUFkQUFvQUNrQVhBQWlBQ0FBYUFCeUFHVUFaZ0E5QUZ3QUlnQnFBR0VBZGdCaEFITUFZd0J5QUdrQWNBQjBBRG9BT3dCY0FDSUFQZ0FBa1BwUlBBQXZBRUVBUGdBOEFDOEFVd0JRQUVFQVRnQStBQ0FBSUFBZ0FDQUFJQUFnQUNBQUlBQWdBQ0FBSUFBZ0FDQUFJQUFnQUNBQUlBQThBQzhBUkFCSkFGWUFQZ0E4QUM4QVJBQkpBRllBUGdBOEFFUUFTUUJXQUNBQWFRQmtBRDBBWEFBaUFHUUFid0JqQUZ3QUlnQStBRHdBUkFCSkFGWUFJQUJwQUdRQVBRQmNBQ0lBWXdCb0FHRUFkQUJjQUNJQVBnQThBRVFBU1FCV0FDQUFZd0JzQUdFQWN3QnpBRDBBWEFBaUFHMEFaUUJ6QUhNQVlRQm5BR1VBWEFBaUFDQUFhUUJrQUQwQVhBQWlBRzBBWlFCekFITUFZUUJuQUdVQVhBQWlBRDRBUEFCRUFFa0FWZ0FnQUdrQVpBQTlBRndBSWdCdkFHNEFiQUJwQUc0QVpRQmpBRzhBZFFCdUFIUUFYQUFpQUNBQWN3QjBBSGtBYkFCbEFEMEFYQUFpQUdJQVlRQmpBR3NBWndCeUFHOEFkUUJ1QUdRQU9nQWdBSElBWndCaUFDZ0FNZ0F6QURrQUxBQWdBRElBTXdBNUFDd0FJQUF5QURRQU5BQXBBRHNBSUFCakFHOEFiQUJ2QUhJQU9nQWdBSElBWndCaUFDZ0FNUUF3QURJQUxBQWdBREVBTUFBeUFDd0FJQUF4QURBQU1nQXBBRHNBSUFCbUFHOEFiZ0IwQUMwQWN3QnBBSG9BWlFBNkFDQUFNUUF5QUhBQWVBQTdBQ0FBYlFCaEFISUFad0JwQUc0QUxRQjBBRzhBY0FBNkFDQUFNUUF3QUhBQWVBQTdBQ0FBYlFCaEFISUFad0JwQUc0QUxRQnNBR1VBWmdCMEFEb0FJQUF4QURBQWNBQjRBRHNBWEFBaUFENEFQQUF2QUVRQVNRQldBRDRBUEFBdkFFUUFTUUJXQUQ0QVBBQkVBRWtBVmdBZ0FHTUFiQUJoQUhNQWN3QTlBRndBSWdCcEFHNEFjQUIxQUhRQUxRQmlBRzhBZUFCY0FDSUFQZ0E4QUVRQVNRQldBQ0FBWXdCc0FHRUFjd0J6QUQwQVhBQWlBR2tBYmdCd0FIVUFkQUJjQUNJQVBnQThBRWtBVGdCUUFGVUFWQUFnQUc0QVlRQnRBR1VBUFFCY0FDSUFZd0J2QUc0QWRBQmxBRzRBZEFCY0FDSUFJQUJwQUdRQVBRQmNBQ0lBWXdCdkFHNEFkQUJsQUc0QWRBQmNBQ0lBSUFCMEFIa0FjQUJsQUQwQVhBQWlBSFFBWlFCNEFIUUFYQUFpQUNBQWJRQmhBSGdBYkFCbEFHNEFad0IwQUdnQVBRQmNBQ0lBTVFBMEFEQUFYQUFpQUNBQWNBQnNBR0VBWXdCbEFHZ0Fid0JzQUdRQVpRQnlBRDBBWEFBaUFQZUxrNDlsVVVxQUtWbUZVYmxiRFA4SlkwTUFkQUJ5QUd3QTBHT2tUbHdBSWdBK0FDQUFJQUFnQUNBQUlBQWdBQ0FBSUFBZ0FDQUFJQUFnQUNBQUlBQWdBQ0FBSUFBZ0FDQUFJQUFnQUNBQUlBQWdBQ0FBUEFBdkFFUUFTUUJXQUQ0QVBBQkVBRWtBVmdBZ0FHTUFiQUJoQUhNQWN3QTlBRndBSWdCaEFHTUFkQUJwQUc4QWJnQmNBQ0lBUGdBOEFFSUFWUUJVQUZRQVR3Qk9BQ0FBYVFCa0FEMEFYQUFpQUcwQWFnQnlBRjhBY3dCbEFHNEFaQUJjQUNJQUlBQnZBRzRBWXdCc0FHa0FZd0JyQUQwQVhBQWlBRU1BU0FCQkFGUUFMZ0J6QUhVQVlnQnRBR2tBZEFBb0FDa0FPd0JjQUNJQUlBQjBBSGtBY0FCbEFEMEFYQUFpQUdJQWRRQjBBSFFBYndCdUFGd0FJZ0ErQU5CanBFNDhBQzhBUWdCVkFGUUFWQUJQQUU0QVBnQWdBQ0FBSUFBZ0FDQUFJQUFnQUNBQUlBQWdBQ0FBSUFBZ0FDQUFJQUFnQUNBQUlBQWdBQ0FBSUFBZ0FDQUFJQUFnQUR3QUx3QkVBRWtBVmdBK0FEd0FSQUJKQUZZQUlBQnpBSFFBZVFCc0FHVUFQUUJjQUNJQWJBQmxBR1lBZEFBNkFDQUFNUUF3QUhBQWVBQTdBQ0FBZEFCdkFIQUFPZ0FnQURRQU5RQndBSGdBT3dBZ0FIY0FhUUJrQUhRQWFBQTZBQ0FBTVFBd0FEQUFKUUE3QUNBQVpnQnZBRzRBZEFBdEFITUFhUUI2QUdVQU9nQWdBREVBTWdCd0FIZ0FPd0FnQUdZQWJBQnZBR0VBZEFBNkFDQUFiQUJsQUdZQWRBQTdBQ0FBY0FCdkFITUFhUUIwQUdrQWJ3QnVBRG9BSUFCaEFHSUFjd0J2QUd3QWRRQjBBR1VBT3dCY0FDSUFQZ0E4QUZBQVBnQ0NXWnhuMlk4cVRrUUFaUUJ0QUc4QStWdGdUd2xuTGw2cFVnei9QQUJCQUNBQWFBQnlBR1VBWmdBOUFGd0FJZ0JvQUhRQWRBQndBSE1BT2dBdkFDOEFad0JwQUhRQWFBQjFBR0lBTGdCakFHOEFiUUF2QUhBQWJBQm9BSGNBYVFCdUFGd0FJZ0FnQUhRQVlRQnlBR2NBWlFCMEFEMEFYQUFpQUY4QVlnQnNBR0VBYmdCckFGd0FJZ0ErQVBlTE1GSkhBR2tBZEFCb0FIVUFZZ0J6VWVoc0VXSThBQzhBUVFBK0FEd0FMd0JRQUQ0QVBBQlFBRDRBV1dVTGVoci9QQUJCQUNBQWFBQnlBR1VBWmdBOUFGd0FJZ0JvQUhRQWRBQndBRG9BTHdBdkFIY0Fkd0IzQUM0QWNBQnNBR2dBZHdCcEFHNEFMZ0JqQUc4QWJRQXZBRElBTUFBeEFEUUFMd0F3QURVQUx3QXlBRGdBTHdCdUFHOEFaQUJsQUdvQWN3QXRBSE1BYndCakFHc0FaUUIwQUdrQWJ3QXZBRndBSWdBZ0FIUUFZUUJ5QUdjQVpRQjBBRDBBWEFBaUFGOEFZZ0JzQUdFQWJnQnJBRndBSWdBK0FHZ0FkQUIwQUhBQU9nQXZBQzhBZHdCM0FIY0FMZ0J3QUd3QWFBQjNBR2tBYmdBdUFHTUFid0J0QUM4QU1nQXdBREVBTkFBdkFEQUFOUUF2QURJQU9BQXZBRzRBYndCa0FHVUFhZ0J6QUMwQWN3QnZBR01BYXdCbEFIUUFhUUJ2QUM4QVBBQXZBRUVBUGdBOEFDOEFVQUErQUR3QVVBQStBSkJ1QVhnYS96d0FRUUFnQUdnQWNnQmxBR1lBUFFCY0FDSUFhQUIwQUhRQWNBQnpBRG9BTHdBdkFHY0FhUUIwQUdnQWRRQmlBQzRBWXdCdkFHMEFMd0J3QUd3QWFBQjNBR2tBYmdBdkFHNEFid0JrQUdVQWFnQnpBQzBBY3dCdkFHTUFhd0JsQUhRQWFRQnZBQzBBWXdCb0FHRUFkQUJjQUNJQUlBQjBBR0VBY2dCbkFHVUFkQUE5QUZ3QUlnQmZBR0lBYkFCaEFHNEFhd0JjQUNJQVBnQm9BSFFBZEFCd0FITUFPZ0F2QUM4QVp3QnBBSFFBYUFCMUFHSUFMZ0JqQUc4QWJRQXZBSEFBYkFCb0FIY0FhUUJ1QUM4QWJnQnZBR1FBWlFCcUFITUFMUUJ6QUc4QVl3QnJBR1VBZEFCcEFHOEFMUUJqQUdnQVlRQjBBRHdBTHdCQkFENEFQQUF2QUZBQVBnQThBQzhBUkFCSkFGWUFQZ0E4QUM4QVJBQkpBRllBUGdBOEFDOEFSQUJKQUZZQVBnQThBQzhBUkFCSkFGWUFQZ0FpQUN3QUlnQjFBSElBYkFBaUFEb0FJZ0JtQUdrQWJBQmxBRG9BTHdBdkFFUUFPZ0JjQUZ3QVN3QnVBRzhBZHdCc0FHVUFaQUJuQUdVQVF3QmxBRzRBZEFCbEFISUFYQUJjQUZNQWJ3QjFBSElBWXdCbEFFTUFid0JrQUdVQVhBQmNBRzRBYndCa0FHVUFhZ0J6QUMwQWN3QnZBR01BYXdCbEFIUUFhUUJ2QUMwQVl3Qm9BR0VBZEFCY0FGd0FZd0JzQUdrQVpRQnVBSFFBWEFCY0FHa0FiZ0JrQUdVQWVBQXVBR2dBZEFCdEFHd0FJZ0I5QUFvQTwvU3RyaW5nSHR0cEJvZHk+DQogICAgPC9SZXF1ZXN0Pg0KICAgIDxSZXF1ZXN0IE1ldGhvZD0iR0VUIiBHdWlkPSI5MmFiMmE3Yi00ZGU4LTQ4NjgtYmU3MS04M2FkOTk5NmVhMDciIFZlcnNpb249IjEuMSIgVXJsPSJodHRwOi8vMTI3LjAuMC4xOjgwODgvc29ja2V0LmlvLyIgVGhpbmtUaW1lPSIwIiBUaW1lb3V0PSIzMDAiIFBhcnNlRGVwZW5kZW50UmVxdWVzdHM9IlRydWUiIEZvbGxvd1JlZGlyZWN0cz0iVHJ1ZSIgUmVjb3JkUmVzdWx0PSJUcnVlIiBDYWNoZT0iRmFsc2UiIFJlc3BvbnNlVGltZUdvYWw9IjAiIEVuY29kaW5nPSJ1dGYtOCIgRXhwZWN0ZWRIdHRwU3RhdHVzQ29kZT0iMCIgRXhwZWN0ZWRSZXNwb25zZVVybD0iIiBSZXBvcnRpbmdOYW1lPSIiIElnbm9yZUh0dHBTdGF0dXNDb2RlPSJGYWxzZSI+DQogICAgICA8UXVlcnlTdHJpbmdQYXJhbWV0ZXJzPg0KICAgICAgICA8UXVlcnlTdHJpbmdQYXJhbWV0ZXIgTmFtZT0iRUlPIiBWYWx1ZT0iMyIgUmVjb3JkZWRWYWx1ZT0iMyIgQ29ycmVsYXRpb25CaW5kaW5nPSIiIFVybEVuY29kZT0iRmFsc2UiIFVzZVRvR3JvdXBSZXN1bHRzPSJGYWxzZSIgLz4NCiAgICAgICAgPFF1ZXJ5U3RyaW5nUGFyYW1ldGVyIE5hbWU9InRyYW5zcG9ydCIgVmFsdWU9IndlYnNvY2tldCIgUmVjb3JkZWRWYWx1ZT0id2Vic29ja2V0IiBDb3JyZWxhdGlvbkJpbmRpbmc9IiIgVXJsRW5jb2RlPSJGYWxzZSIgVXNlVG9Hcm91cFJlc3VsdHM9IkZhbHNlIiAvPg0KICAgICAgICA8UXVlcnlTdHJpbmdQYXJhbWV0ZXIgTmFtZT0ic2lkIiBWYWx1ZT0iUzdXM3EtRmIxYkN2Qzc4RUFBQUMiIFJlY29yZGVkVmFsdWU9IlM3VzNxLUZiMWJDdkM3OEVBQUFDIiBDb3JyZWxhdGlvbkJpbmRpbmc9IiIgVXJsRW5jb2RlPSJGYWxzZSIgVXNlVG9Hcm91cFJlc3VsdHM9IkZhbHNlIiAvPg0KICAgICAgPC9RdWVyeVN0cmluZ1BhcmFtZXRlcnM+DQogICAgPC9SZXF1ZXN0Pg0KICAgIDxSZXF1ZXN0IE1ldGhvZD0iR0VUIiBHdWlkPSI5MTAzNTZiNi1jNjBjLTQ5NzctYjA4YS0yOGE4OGI3MmUwNDciIFZlcnNpb249IjEuMSIgVXJsPSJodHRwOi8vMTI3LjAuMC4xOjgwODgvc29ja2V0LmlvLyIgVGhpbmtUaW1lPSIwIiBUaW1lb3V0PSIzMDAiIFBhcnNlRGVwZW5kZW50UmVxdWVzdHM9IlRydWUiIEZvbGxvd1JlZGlyZWN0cz0iVHJ1ZSIgUmVjb3JkUmVzdWx0PSJUcnVlIiBDYWNoZT0iRmFsc2UiIFJlc3BvbnNlVGltZUdvYWw9IjAiIEVuY29kaW5nPSJ1dGYtOCIgRXhwZWN0ZWRIdHRwU3RhdHVzQ29kZT0iMCIgRXhwZWN0ZWRSZXNwb25zZVVybD0iIiBSZXBvcnRpbmdOYW1lPSIiIElnbm9yZUh0dHBTdGF0dXNDb2RlPSJGYWxzZSI+DQogICAgICA8UXVlcnlTdHJpbmdQYXJhbWV0ZXJzPg0KICAgICAgICA8UXVlcnlTdHJpbmdQYXJhbWV0ZXIgTmFtZT0iRUlPIiBWYWx1ZT0iMyIgUmVjb3JkZWRWYWx1ZT0iMyIgQ29ycmVsYXRpb25CaW5kaW5nPSIiIFVybEVuY29kZT0iRmFsc2UiIFVzZVRvR3JvdXBSZXN1bHRzPSJGYWxzZSIgLz4NCiAgICAgICAgPFF1ZXJ5U3RyaW5nUGFyYW1ldGVyIE5hbWU9InRyYW5zcG9ydCIgVmFsdWU9InBvbGxpbmciIFJlY29yZGVkVmFsdWU9InBvbGxpbmciIENvcnJlbGF0aW9uQmluZGluZz0iIiBVcmxFbmNvZGU9IkZhbHNlIiBVc2VUb0dyb3VwUmVzdWx0cz0iRmFsc2UiIC8+DQogICAgICAgIDxRdWVyeVN0cmluZ1BhcmFtZXRlciBOYW1lPSJ0IiBWYWx1ZT0iTExJenQ4ZiIgUmVjb3JkZWRWYWx1ZT0iTExJenQ4ZiIgQ29ycmVsYXRpb25CaW5kaW5nPSIiIFVybEVuY29kZT0iRmFsc2UiIFVzZVRvR3JvdXBSZXN1bHRzPSJGYWxzZSIgLz4NCiAgICAgICAgPFF1ZXJ5U3RyaW5nUGFyYW1ldGVyIE5hbWU9InNpZCIgVmFsdWU9IlM3VzNxLUZiMWJDdkM3OEVBQUFDIiBSZWNvcmRlZFZhbHVlPSJTN1czcS1GYjFiQ3ZDNzhFQUFBQyIgQ29ycmVsYXRpb25CaW5kaW5nPSIiIFVybEVuY29kZT0iRmFsc2UiIFVzZVRvR3JvdXBSZXN1bHRzPSJGYWxzZSIgLz4NCiAgICAgIDwvUXVlcnlTdHJpbmdQYXJhbWV0ZXJzPg0KICAgIDwvUmVxdWVzdD4NCiAgICA8UmVxdWVzdCBNZXRob2Q9IlBPU1QiIEd1aWQ9ImUwNzliOGYyLTY1ZWYtNDYyMS1hYmVkLTU3YzAxMDNmYmZkMyIgVmVyc2lvbj0iMS4xIiBVcmw9Imh0dHBzOi8vbG9jYWxob3N0OjI2MTQzL3NreXBlY3RvYy92MS9wbnIvcGFyc2UiIFRoaW5rVGltZT0iMCIgVGltZW91dD0iMzAwIiBQYXJzZURlcGVuZGVudFJlcXVlc3RzPSJUcnVlIiBGb2xsb3dSZWRpcmVjdHM9IlRydWUiIFJlY29yZFJlc3VsdD0iVHJ1ZSIgQ2FjaGU9IkZhbHNlIiBSZXNwb25zZVRpbWVHb2FsPSIwIiBFbmNvZGluZz0idXRmLTgiIEV4cGVjdGVkSHR0cFN0YXR1c0NvZGU9IjAiIEV4cGVjdGVkUmVzcG9uc2VVcmw9IiIgUmVwb3J0aW5nTmFtZT0iIiBJZ25vcmVIdHRwU3RhdHVzQ29kZT0iRmFsc2UiPg0KICAgICAgPEhlYWRlcnM+DQogICAgICAgIDxIZWFkZXIgTmFtZT0iUHJhZ21hIiBWYWx1ZT0ibm8tY2FjaGUiIC8+DQogICAgICA8L0hlYWRlcnM+DQogICAgICA8U3RyaW5nSHR0cEJvZHkgQ29udGVudFR5cGU9ImFwcGxpY2F0aW9uL2pzb24iIEluc2VydEJ5dGVPcmRlck1hcms9IkZhbHNlIj5ld0FpQUdrQVpBQWlBRG9BSWdBd0FDSUFMQUFpQUd3QVlRQnVBR2NBZFFCaEFHY0FaUUJ6QUNJQU9nQWlBR1VBYmdBaUFDd0FJZ0IwQUdVQWVBQjBBQ0lBT2dBaUFEd0FSQUJKQUZZQUlBQnBBR1FBUFFCY0FDSUFid0J1QUd3QWFRQnVBR1VBWXdCdkFIVUFiZ0IwQUZ3QUlnQWdBSE1BZEFCNUFHd0FaUUE5QUZ3QUlnQmlBR0VBWXdCckFHY0FjZ0J2QUhVQWJnQmtBRG9BSUFCeUFHY0FZZ0FvQURJQU13QTVBQ3dBSUFBeUFETUFPUUFzQUNBQU1nQTBBRFFBS1FBN0FDQUFZd0J2QUd3QWJ3QnlBRG9BSUFCeUFHY0FZZ0FvQURFQU1BQXlBQ3dBSUFBeEFEQUFNZ0FzQUNBQU1RQXdBRElBS1FBN0FDQUFaZ0J2QUc0QWRBQXRBSE1BYVFCNkFHVUFPZ0FnQURFQU1nQndBSGdBT3dBZ0FHMEFZUUJ5QUdjQWFRQnVBQzBBZEFCdkFIQUFPZ0FnQURFQU1BQndBSGdBT3dBZ0FHMEFZUUJ5QUdjQWFRQnVBQzBBYkFCbEFHWUFkQUE2QUNBQU1RQXdBSEFBZUFBN0FGd0FJZ0ErQUZOZlRWSnhVUWxuSUFBeUFDQUF1azRvVjc5K0RQOG9WNzkrRjFKb2lCci9kQUJsQUhNQWRBQXdBREFBTVFBQk1IUUFaUUJ6QUhRQU1BQXdBREVBUEFBdkFFUUFTUUJXQUQ0QVBBQlRBRVVBUXdCVUFFa0FUd0JPQUNBQVl3QnNBR0VBY3dCekFEMEFYQUFpQUhNQWVRQnpBSFFBWlFCdEFDQUFTZ0F0QUcwQWFnQnlBR3dBYVFCdUFHc0FWd0J5QUdFQWNBQWdBRW9BTFFCakFIVUFkQUJOQUhNQVp3QmNBQ0lBUGdBOEFFUUFTUUJXQUNBQVl3QnNBR0VBY3dCekFEMEFYQUFpQUcwQWN3Qm5BQzBBY3dCNUFITUFkQUJsQUcwQVhBQWlBRDRBZEFCbEFITUFkQUF3QURBQU1RQWdBS0JTWlZHR1RrcUFLVm1rV3p3QUx3QkVBRWtBVmdBK0FEd0FMd0JUQUVVQVF3QlVBRWtBVHdCT0FENEFJZ0FzQUNJQWRRQnlBR3dBSWdBNkFDSUFaZ0JwQUd3QVpRQTZBQzhBTHdCRUFEb0FYQUJjQUVzQWJnQnZBSGNBYkFCbEFHUUFad0JsQUVNQVpRQnVBSFFBWlFCeUFGd0FYQUJUQUc4QWRRQnlBR01BWlFCREFHOEFaQUJsQUZ3QVhBQnVBRzhBWkFCbEFHb0Fjd0F0QUhNQWJ3QmpBR3NBWlFCMEFHa0Fid0F0QUdNQWFBQmhBSFFBWEFCY0FHTUFiQUJwQUdVQWJnQjBBRndBWEFCcEFHNEFaQUJsQUhnQUxnQm9BSFFBYlFCc0FDSUFmUUFLQUE9PTwvU3RyaW5nSHR0cEJvZHk+DQogICAgPC9SZXF1ZXN0Pg0KICAgIDxSZXF1ZXN0IE1ldGhvZD0iUE9TVCIgR3VpZD0iNzJhMzY1MTktZDM4Yy00Mjg1LWJhN2MtNjM1ZWIxMTBkNDUyIiBWZXJzaW9uPSIxLjEiIFVybD0iaHR0cHM6Ly9sb2NhbGhvc3Q6MjYxNDMvc2t5cGVjdG9jL3YxL3Buci9wYXJzZSIgVGhpbmtUaW1lPSI2IiBUaW1lb3V0PSIzMDAiIFBhcnNlRGVwZW5kZW50UmVxdWVzdHM9IlRydWUiIEZvbGxvd1JlZGlyZWN0cz0iVHJ1ZSIgUmVjb3JkUmVzdWx0PSJUcnVlIiBDYWNoZT0iRmFsc2UiIFJlc3BvbnNlVGltZUdvYWw9IjAiIEVuY29kaW5nPSJ1dGYtOCIgRXhwZWN0ZWRIdHRwU3RhdHVzQ29kZT0iMCIgRXhwZWN0ZWRSZXNwb25zZVVybD0iIiBSZXBvcnRpbmdOYW1lPSIiIElnbm9yZUh0dHBTdGF0dXNDb2RlPSJGYWxzZSI+DQogICAgICA8SGVhZGVycz4NCiAgICAgICAgPEhlYWRlciBOYW1lPSJQcmFnbWEiIFZhbHVlPSJuby1jYWNoZSIgLz4NCiAgICAgIDwvSGVhZGVycz4NCiAgICAgIDxTdHJpbmdIdHRwQm9keSBDb250ZW50VHlwZT0iYXBwbGljYXRpb24vanNvbiIgSW5zZXJ0Qnl0ZU9yZGVyTWFyaz0iRmFsc2UiPmV3QWlBR2tBWkFBaUFEb0FJZ0F3QUNJQUxBQWlBR3dBWVFCdUFHY0FkUUJoQUdjQVpRQnpBQ0lBT2dBaUFHVUFiZ0FpQUN3QUlnQjBBR1VBZUFCMEFDSUFPZ0FpQUR3QVJBQkpBRllBSUFCcEFHUUFQUUJjQUNJQWJ3QnVBR3dBYVFCdUFHVUFZd0J2QUhVQWJnQjBBRndBSWdBZ0FITUFkQUI1QUd3QVpRQTlBRndBSWdCaUFHRUFZd0JyQUdjQWNnQnZBSFVBYmdCa0FEb0FJQUJ5QUdjQVlnQW9BRElBTXdBNUFDd0FJQUF5QURNQU9RQXNBQ0FBTWdBMEFEUUFLUUE3QUNBQVl3QnZBR3dBYndCeUFEb0FJQUJ5QUdjQVlnQW9BREVBTUFBeUFDd0FJQUF4QURBQU1nQXNBQ0FBTVFBd0FESUFLUUE3QUNBQVpnQnZBRzRBZEFBdEFITUFhUUI2QUdVQU9nQWdBREVBTWdCd0FIZ0FPd0FnQUcwQVlRQnlBR2NBYVFCdUFDMEFkQUJ2QUhBQU9nQWdBREVBTUFCd0FIZ0FPd0FnQUcwQVlRQnlBR2NBYVFCdUFDMEFiQUJsQUdZQWRBQTZBQ0FBTVFBd0FIQUFlQUE3QUZ3QUlnQStBRk5mVFZKeFVRbG5JQUF5QUNBQXVrNG9WNzkrRFA4b1Y3OStGMUpvaUJyL2RBQmxBSE1BZEFBd0FEQUFNUUFCTUhRQVpRQnpBSFFBTUFBd0FERUFQQUF2QUVRQVNRQldBRDRBUEFCVEFFVUFRd0JVQUVrQVR3Qk9BQ0FBWXdCc0FHRUFjd0J6QUQwQVhBQWlBSE1BZVFCekFIUUFaUUJ0QUNBQVNnQXRBRzBBYWdCeUFHd0FhUUJ1QUdzQVZ3QnlBR0VBY0FBZ0FFb0FMUUJqQUhVQWRBQk5BSE1BWndCY0FDSUFQZ0E4QUVRQVNRQldBQ0FBWXdCc0FHRUFjd0J6QUQwQVhBQWlBRzBBY3dCbkFDMEFjd0I1QUhNQWRBQmxBRzBBWEFBaUFENEFkQUJsQUhNQWRBQXdBREFBTVFBZ0FLQlNaVkdHVGtxQUtWbWtXendBTHdCRUFFa0FWZ0ErQUR3QUx3QlRBRVVBUXdCVUFFa0FUd0JPQUQ0QVBBQlRBRVVBUXdCVUFFa0FUd0JPQUNBQVl3QnNBR0VBY3dCekFEMEFYQUFpQUhVQWN3QmxBSElBWEFBaUFENEFQQUJFQUVrQVZnQStBR2dBWlFCc0FHd0Fid0FoQUR3QUx3QkVBRWtBVmdBK0FEd0FVd0JRQUVFQVRnQStBSFFBWlFCekFIUUFNQUF3QURFQVBBQXZBRk1BVUFCQkFFNEFQZ0E4QUM4QVV3QkZBRU1BVkFCSkFFOEFUZ0ErQUR3QVV3QkZBRU1BVkFCSkFFOEFUZ0FnQUdNQWJBQmhBSE1BY3dBOUFGd0FJZ0J6QUhrQWN3QjBBR1VBYlFBZ0FFb0FMUUJ0QUdvQWNnQnNBR2tBYmdCckFGY0FjZ0JoQUhBQUlBQktBQzBBWXdCMUFIUUFUUUJ6QUdjQVhBQWlBRDRBUEFCRUFFa0FWZ0FnQUdNQWJBQmhBSE1BY3dBOUFGd0FJZ0J0QUhNQVp3QXRBSE1BZVFCekFIUUFaUUJ0QUZ3QUlnQStBSFFBY3dCbEFIUUFJQUFBa1BwUmhrNUtnQ2xacEZzOEFDOEFSQUJKQUZZQVBnQThBQzhBVXdCRkFFTUFWQUJKQUU4QVRnQStBRHdBVXdCRkFFTUFWQUJKQUU4QVRnQWdBR01BYkFCaEFITUFjd0E5QUZ3QUlnQnpBSGtBY3dCMEFHVUFiUUFnQUVvQUxRQnRBR29BY2dCc0FHa0FiZ0JyQUZjQWNnQmhBSEFBSUFCS0FDMEFZd0IxQUhRQVRRQnpBR2NBWEFBaUFENEFQQUJFQUVrQVZnQWdBR01BYkFCaEFITUFjd0E5QUZ3QUlnQnRBSE1BWndBdEFITUFlUUJ6QUhRQVpRQnRBRndBSWdBK0FIUUFaUUJ6QUhRQU1BQXdBREVBSUFDZ1VtVlJoazVLZ0NsWnBGczhBQzhBUkFCSkFGWUFQZ0E4QUM4QVV3QkZBRU1BVkFCSkFFOEFUZ0ErQUNJQUxBQWlBSFVBY2dCc0FDSUFPZ0FpQUdZQWFRQnNBR1VBT2dBdkFDOEFSQUE2QUZ3QVhBQkxBRzRBYndCM0FHd0FaUUJrQUdjQVpRQkRBR1VBYmdCMEFHVUFjZ0JjQUZ3QVV3QnZBSFVBY2dCakFHVUFRd0J2QUdRQVpRQmNBRndBYmdCdkFHUUFaUUJxQUhNQUxRQnpBRzhBWXdCckFHVUFkQUJwQUc4QUxRQmpBR2dBWVFCMEFGd0FYQUJqQUd3QWFRQmxBRzRBZEFCY0FGd0FhUUJ1QUdRQVpRQjRBQzRBYUFCMEFHMEFiQUFpQUgwQUNnQT08L1N0cmluZ0h0dHBCb2R5Pg0KICAgIDwvUmVxdWVzdD4NCiAgICA8UmVxdWVzdCBNZXRob2Q9IlBPU1QiIEd1aWQ9IjUwZGVmNGJkLWM4NTMtNDJlZS05MTYwLWE5YjIyYWY4NjI1YiIgVmVyc2lvbj0iMS4xIiBVcmw9Imh0dHBzOi8vbG9jYWxob3N0OjI2MTQzL3NreXBlY3RvYy92MS9wbnIvcGFyc2UiIFRoaW5rVGltZT0iMCIgVGltZW91dD0iMzAwIiBQYXJzZURlcGVuZGVudFJlcXVlc3RzPSJUcnVlIiBGb2xsb3dSZWRpcmVjdHM9IlRydWUiIFJlY29yZFJlc3VsdD0iVHJ1ZSIgQ2FjaGU9IkZhbHNlIiBSZXNwb25zZVRpbWVHb2FsPSIwIiBFbmNvZGluZz0idXRmLTgiIEV4cGVjdGVkSHR0cFN0YXR1c0NvZGU9IjAiIEV4cGVjdGVkUmVzcG9uc2VVcmw9IiIgUmVwb3J0aW5nTmFtZT0iIiBJZ25vcmVIdHRwU3RhdHVzQ29kZT0iRmFsc2UiPg0KICAgICAgPEhlYWRlcnM+DQogICAgICAgIDxIZWFkZXIgTmFtZT0iUHJhZ21hIiBWYWx1ZT0ibm8tY2FjaGUiIC8+DQogICAgICA8L0hlYWRlcnM+DQogICAgICA8U3RyaW5nSHR0cEJvZHkgQ29udGVudFR5cGU9ImFwcGxpY2F0aW9uL2pzb24iIEluc2VydEJ5dGVPcmRlck1hcms9IkZhbHNlIj5ld0FpQUdrQVpBQWlBRG9BSWdBd0FDSUFMQUFpQUd3QVlRQnVBR2NBZFFCaEFHY0FaUUJ6QUNJQU9nQWlBR1VBYmdBaUFDd0FJZ0IwQUdVQWVBQjBBQ0lBT2dBaUFEd0FVd0JGQUVNQVZBQkpBRThBVGdBZ0FHTUFiQUJoQUhNQWN3QTlBRndBSWdCMUFITUFaUUJ5QUZ3QUlnQStBRHdBUkFCSkFGWUFQZ0JvQUdVQWJBQnNBRzhBSVFBOEFDOEFSQUJKQUZZQVBnQThBRk1BVUFCQkFFNEFQZ0IwQUdVQWN3QjBBREFBTUFBeEFEd0FMd0JUQUZBQVFRQk9BRDRBUEFBdkFGTUFSUUJEQUZRQVNRQlBBRTRBUGdBaUFDd0FJZ0IxQUhJQWJBQWlBRG9BSWdCbUFHa0FiQUJsQURvQUx3QXZBRVFBT2dCY0FGd0FTd0J1QUc4QWR3QnNBR1VBWkFCbkFHVUFRd0JsQUc0QWRBQmxBSElBWEFCY0FGTUFid0IxQUhJQVl3QmxBRU1BYndCa0FHVUFYQUJjQUc0QWJ3QmtBR1VBYWdCekFDMEFjd0J2QUdNQWF3QmxBSFFBYVFCdkFDMEFZd0JvQUdFQWRBQmNBRndBWXdCc0FHa0FaUUJ1QUhRQVhBQmNBR2tBYmdCa0FHVUFlQUF1QUdnQWRBQnRBR3dBSWdCOUFBb0E8L1N0cmluZ0h0dHBCb2R5Pg0KICAgIDwvUmVxdWVzdD4NCiAgICA8UmVxdWVzdCBNZXRob2Q9IlBPU1QiIEd1aWQ9ImE3OWI5M2IwLWExMmMtNGNmNi05NTFkLWJiOWVlZjcxNmZkNiIgVmVyc2lvbj0iMS4xIiBVcmw9Imh0dHBzOi8vbG9jYWxob3N0OjI2MTQzL3NreXBlY3RvYy92MS9wbnIvcGFyc2UiIFRoaW5rVGltZT0iOSIgVGltZW91dD0iMzAwIiBQYXJzZURlcGVuZGVudFJlcXVlc3RzPSJUcnVlIiBGb2xsb3dSZWRpcmVjdHM9IlRydWUiIFJlY29yZFJlc3VsdD0iVHJ1ZSIgQ2FjaGU9IkZhbHNlIiBSZXNwb25zZVRpbWVHb2FsPSIwIiBFbmNvZGluZz0idXRmLTgiIEV4cGVjdGVkSHR0cFN0YXR1c0NvZGU9IjAiIEV4cGVjdGVkUmVzcG9uc2VVcmw9IiIgUmVwb3J0aW5nTmFtZT0iIiBJZ25vcmVIdHRwU3RhdHVzQ29kZT0iRmFsc2UiPg0KICAgICAgPEhlYWRlcnM+DQogICAgICAgIDxIZWFkZXIgTmFtZT0iUHJhZ21hIiBWYWx1ZT0ibm8tY2FjaGUiIC8+DQogICAgICA8L0hlYWRlcnM+DQogICAgICA8U3RyaW5nSHR0cEJvZHkgQ29udGVudFR5cGU9ImFwcGxpY2F0aW9uL2pzb24iIEluc2VydEJ5dGVPcmRlck1hcms9IkZhbHNlIj5ld0FpQUdrQVpBQWlBRG9BSWdBd0FDSUFMQUFpQUd3QVlRQnVBR2NBZFFCaEFHY0FaUUJ6QUNJQU9nQWlBR1VBYmdBaUFDd0FJZ0IwQUdVQWVBQjBBQ0lBT2dBaUFEd0FVd0JGQUVNQVZBQkpBRThBVGdBZ0FHTUFiQUJoQUhNQWN3QTlBRndBSWdCekFHVUFjZ0IyQUdrQVl3QmxBRndBSWdBK0FEd0FVd0JRQUVFQVRnQStBSFFBWlFCekFIUUFNQUF3QURFQVBBQXZBRk1BVUFCQkFFNEFQZ0E4QUVRQVNRQldBRDRBYUFCbEFHd0FiQUJ2QUNFQVBBQXZBRVFBU1FCV0FENEFQQUF2QUZNQVJRQkRBRlFBU1FCUEFFNEFQZ0FpQUN3QUlnQjFBSElBYkFBaUFEb0FJZ0JtQUdrQWJBQmxBRG9BTHdBdkFFUUFPZ0JjQUZ3QVN3QnVBRzhBZHdCc0FHVUFaQUJuQUdVQVF3QmxBRzRBZEFCbEFISUFYQUJjQUZNQWJ3QjFBSElBWXdCbEFFTUFid0JrQUdVQVhBQmNBRzRBYndCa0FHVUFhZ0J6QUMwQWN3QnZBR01BYXdCbEFIUUFhUUJ2QUMwQVl3Qm9BR0VBZEFCY0FGd0FZd0JzQUdrQVpRQnVBSFFBWEFCY0FHa0FiZ0JrQUdVQWVBQXVBR2dBZEFCdEFHd0FJZ0I5QUFvQTwvU3RyaW5nSHR0cEJvZHk+DQogICAgPC9SZXF1ZXN0Pg0KICAgIDxSZXF1ZXN0IE1ldGhvZD0iUE9TVCIgR3VpZD0iZTRjZWQwNTgtMDU0MS00ZjBjLTk0ZGItZWQwZGMwYzI1NTk1IiBWZXJzaW9uPSIxLjEiIFVybD0iaHR0cHM6Ly9sb2NhbGhvc3Q6MjYxNDMvc2t5cGVjdG9jL3YxL3Buci9wYXJzZSIgVGhpbmtUaW1lPSIwIiBUaW1lb3V0PSIzMDAiIFBhcnNlRGVwZW5kZW50UmVxdWVzdHM9IlRydWUiIEZvbGxvd1JlZGlyZWN0cz0iVHJ1ZSIgUmVjb3JkUmVzdWx0PSJUcnVlIiBDYWNoZT0iRmFsc2UiIFJlc3BvbnNlVGltZUdvYWw9IjAiIEVuY29kaW5nPSJ1dGYtOCIgRXhwZWN0ZWRIdHRwU3RhdHVzQ29kZT0iMCIgRXhwZWN0ZWRSZXNwb25zZVVybD0iIiBSZXBvcnRpbmdOYW1lPSIiIElnbm9yZUh0dHBTdGF0dXNDb2RlPSJGYWxzZSI+DQogICAgICA8SGVhZGVycz4NCiAgICAgICAgPEhlYWRlciBOYW1lPSJQcmFnbWEiIFZhbHVlPSJuby1jYWNoZSIgLz4NCiAgICAgIDwvSGVhZGVycz4NCiAgICAgIDxTdHJpbmdIdHRwQm9keSBDb250ZW50VHlwZT0iYXBwbGljYXRpb24vanNvbiIgSW5zZXJ0Qnl0ZU9yZGVyTWFyaz0iRmFsc2UiPmV3QWlBR2tBWkFBaUFEb0FJZ0F3QUNJQUxBQWlBR3dBWVFCdUFHY0FkUUJoQUdjQVpRQnpBQ0lBT2dBaUFHVUFiZ0FpQUN3QUlnQjBBR1VBZUFCMEFDSUFPZ0FpQUR3QVV3QkZBRU1BVkFCSkFFOEFUZ0FnQUdNQWJBQmhBSE1BY3dBOUFGd0FJZ0J6QUdVQWNnQjJBR2tBWXdCbEFGd0FJZ0ErQUR3QVV3QlFBRUVBVGdBK0FIUUFaUUJ6QUhRQU1BQXdBREVBUEFBdkFGTUFVQUJCQUU0QVBnQThBRVFBU1FCV0FENEFPZ0F0QUNrQVBBQXZBRVFBU1FCV0FENEFQQUF2QUZNQVJRQkRBRlFBU1FCUEFFNEFQZ0FpQUN3QUlnQjFBSElBYkFBaUFEb0FJZ0JtQUdrQWJBQmxBRG9BTHdBdkFFUUFPZ0JjQUZ3QVN3QnVBRzhBZHdCc0FHVUFaQUJuQUdVQVF3QmxBRzRBZEFCbEFISUFYQUJjQUZNQWJ3QjFBSElBWXdCbEFFTUFid0JrQUdVQVhBQmNBRzRBYndCa0FHVUFhZ0J6QUMwQWN3QnZBR01BYXdCbEFIUUFhUUJ2QUMwQVl3Qm9BR0VBZEFCY0FGd0FZd0JzQUdrQVpRQnVBSFFBWEFCY0FHa0FiZ0JrQUdVQWVBQXVBR2dBZEFCdEFHd0FJZ0I5QUFvQTwvU3RyaW5nSHR0cEJvZHk+DQogICAgPC9SZXF1ZXN0Pg0KICAgIDxSZXF1ZXN0IE1ldGhvZD0iUE9TVCIgR3VpZD0iMjVkOGRmY2UtZTA3Ni00NDBlLWExZGQtNjlmODUyYzMwOGVmIiBWZXJzaW9uPSIxLjEiIFVybD0iaHR0cHM6Ly9sb2NhbGhvc3Q6MjYxNDMvc2t5cGVjdG9jL3YxL3Buci9wYXJzZSIgVGhpbmtUaW1lPSIyMyIgVGltZW91dD0iMzAwIiBQYXJzZURlcGVuZGVudFJlcXVlc3RzPSJUcnVlIiBGb2xsb3dSZWRpcmVjdHM9IlRydWUiIFJlY29yZFJlc3VsdD0iVHJ1ZSIgQ2FjaGU9IkZhbHNlIiBSZXNwb25zZVRpbWVHb2FsPSIwIiBFbmNvZGluZz0idXRmLTgiIEV4cGVjdGVkSHR0cFN0YXR1c0NvZGU9IjAiIEV4cGVjdGVkUmVzcG9uc2VVcmw9IiIgUmVwb3J0aW5nTmFtZT0iIiBJZ25vcmVIdHRwU3RhdHVzQ29kZT0iRmFsc2UiPg0KICAgICAgPEhlYWRlcnM+DQogICAgICAgIDxIZWFkZXIgTmFtZT0iUHJhZ21hIiBWYWx1ZT0ibm8tY2FjaGUiIC8+DQogICAgICA8L0hlYWRlcnM+DQogICAgICA8U3RyaW5nSHR0cEJvZHkgQ29udGVudFR5cGU9ImFwcGxpY2F0aW9uL2pzb24iIEluc2VydEJ5dGVPcmRlck1hcms9IkZhbHNlIj5ld0FpQUdrQVpBQWlBRG9BSWdBd0FDSUFMQUFpQUd3QVlRQnVBR2NBZFFCaEFHY0FaUUJ6QUNJQU9nQWlBR1VBYmdBaUFDd0FJZ0IwQUdVQWVBQjBBQ0lBT2dBaUFEd0FVd0JGQUVNQVZBQkpBRThBVGdBZ0FHTUFiQUJoQUhNQWN3QTlBRndBSWdCMUFITUFaUUJ5QUZ3QUlnQStBRHdBUkFCSkFGWUFQZ0E2QUMwQUtRQThBQzhBUkFCSkFGWUFQZ0E4QUZNQVVBQkJBRTRBUGdCMEFHVUFjd0IwQURBQU1BQXhBRHdBTHdCVEFGQUFRUUJPQUQ0QVBBQXZBRk1BUlFCREFGUUFTUUJQQUU0QVBnQWlBQ3dBSWdCMUFISUFiQUFpQURvQUlnQm1BR2tBYkFCbEFEb0FMd0F2QUVRQU9nQmNBRndBU3dCdUFHOEFkd0JzQUdVQVpBQm5BR1VBUXdCbEFHNEFkQUJsQUhJQVhBQmNBRk1BYndCMUFISUFZd0JsQUVNQWJ3QmtBR1VBWEFCY0FHNEFid0JrQUdVQWFnQnpBQzBBY3dCdkFHTUFhd0JsQUhRQWFRQnZBQzBBWXdCb0FHRUFkQUJjQUZ3QVl3QnNBR2tBWlFCdUFIUUFYQUJjQUdrQWJnQmtBR1VBZUFBdUFHZ0FkQUJ0QUd3QUlnQjlBQW9BPC9TdHJpbmdIdHRwQm9keT4NCiAgICA8L1JlcXVlc3Q+DQogICAgPFJlcXVlc3QgTWV0aG9kPSJQT1NUIiBHdWlkPSIxNDk3YjhhNC1mNjIyLTQ1MjAtOTFlZC03NWIzMDE0NTRkNDIiIFZlcnNpb249IjEuMSIgVXJsPSJodHRwczovL2xvY2FsaG9zdDoyNjE0My9za3lwZWN0b2MvdjEvcG5yL3BhcnNlIiBUaGlua1RpbWU9IjAiIFRpbWVvdXQ9IjMwMCIgUGFyc2VEZXBlbmRlbnRSZXF1ZXN0cz0iVHJ1ZSIgRm9sbG93UmVkaXJlY3RzPSJUcnVlIiBSZWNvcmRSZXN1bHQ9IlRydWUiIENhY2hlPSJGYWxzZSIgUmVzcG9uc2VUaW1lR29hbD0iMCIgRW5jb2Rpbmc9InV0Zi04IiBFeHBlY3RlZEh0dHBTdGF0dXNDb2RlPSIwIiBFeHBlY3RlZFJlc3BvbnNlVXJsPSIiIFJlcG9ydGluZ05hbWU9IiIgSWdub3JlSHR0cFN0YXR1c0NvZGU9IkZhbHNlIj4NCiAgICAgIDxIZWFkZXJzPg0KICAgICAgICA8SGVhZGVyIE5hbWU9IlByYWdtYSIgVmFsdWU9Im5vLWNhY2hlIiAvPg0KICAgICAgPC9IZWFkZXJzPg0KICAgICAgPFN0cmluZ0h0dHBCb2R5IENvbnRlbnRUeXBlPSJhcHBsaWNhdGlvbi9qc29uIiBJbnNlcnRCeXRlT3JkZXJNYXJrPSJGYWxzZSI+ZXdBaUFHa0FaQUFpQURvQUlnQXdBQ0lBTEFBaUFHd0FZUUJ1QUdjQWRRQmhBR2NBWlFCekFDSUFPZ0FpQUdVQWJnQWlBQ3dBSWdCMEFHVUFlQUIwQUNJQU9nQWlBRHdBUkFCSkFGWUFJQUJwQUdRQVBRQmNBQ0lBYndCdUFHd0FhUUJ1QUdVQVl3QnZBSFVBYmdCMEFGd0FJZ0FnQUhNQWRBQjVBR3dBWlFBOUFGd0FJZ0JpQUdFQVl3QnJBR2NBY2dCdkFIVUFiZ0JrQURvQUlBQnlBR2NBWWdBb0FESUFNd0E1QUN3QUlBQXlBRE1BT1FBc0FDQUFNZ0EwQURRQUtRQTdBQ0FBWXdCdkFHd0Fid0J5QURvQUlBQnlBR2NBWWdBb0FERUFNQUF5QUN3QUlBQXhBREFBTWdBc0FDQUFNUUF3QURJQUtRQTdBQ0FBWmdCdkFHNEFkQUF0QUhNQWFRQjZBR1VBT2dBZ0FERUFNZ0J3QUhnQU93QWdBRzBBWVFCeUFHY0FhUUJ1QUMwQWRBQnZBSEFBT2dBZ0FERUFNQUJ3QUhnQU93QWdBRzBBWVFCeUFHY0FhUUJ1QUMwQWJBQmxBR1lBZEFBNkFDQUFNUUF3QUhBQWVBQTdBRndBSWdBK0FGTmZUVkp4VVFsbklBQXhBQ0FBdWs0b1Y3OStEUDhvVjc5K0YxSm9pQnIvZEFCbEFITUFkQUF3QURBQU1RQThBQzhBUkFCSkFGWUFQZ0E4QUZNQVJRQkRBRlFBU1FCUEFFNEFJQUJqQUd3QVlRQnpBSE1BUFFCY0FDSUFjd0I1QUhNQWRBQmxBRzBBSUFCS0FDMEFiUUJxQUhJQWJBQnBBRzRBYXdCWEFISUFZUUJ3QUNBQVNnQXRBR01BZFFCMEFFMEFjd0JuQUZ3QUlnQStBRHdBUkFCSkFGWUFJQUJqQUd3QVlRQnpBSE1BUFFCY0FDSUFiUUJ6QUdjQUxRQnpBSGtBY3dCMEFHVUFiUUJjQUNJQVBnQjBBR1VBY3dCMEFEQUFNQUF4QUNBQW9GSmxVWVpPU29BcFdhUmJQQUF2QUVRQVNRQldBRDRBUEFBdkFGTUFSUUJEQUZRQVNRQlBBRTRBUGdBOEFGTUFSUUJEQUZRQVNRQlBBRTRBSUFCakFHd0FZUUJ6QUhNQVBRQmNBQ0lBZFFCekFHVUFjZ0JjQUNJQVBnQThBRVFBU1FCV0FENEFhQUJsQUd3QWJBQnZBQ0VBUEFBdkFFUUFTUUJXQUQ0QVBBQlRBRkFBUVFCT0FENEFkQUJsQUhNQWRBQXdBREFBTVFBOEFDOEFVd0JRQUVFQVRnQStBRHdBTHdCVEFFVUFRd0JVQUVrQVR3Qk9BRDRBUEFCVEFFVUFRd0JVQUVrQVR3Qk9BQ0FBWXdCc0FHRUFjd0J6QUQwQVhBQWlBSE1BZVFCekFIUUFaUUJ0QUNBQVNnQXRBRzBBYWdCeUFHd0FhUUJ1QUdzQVZ3QnlBR0VBY0FBZ0FFb0FMUUJqQUhVQWRBQk5BSE1BWndCY0FDSUFQZ0E4QUVRQVNRQldBQ0FBWXdCc0FHRUFjd0J6QUQwQVhBQWlBRzBBY3dCbkFDMEFjd0I1QUhNQWRBQmxBRzBBWEFBaUFENEFkQUJ6QUdVQWRBQWdBQUNRK2xHR1RrcUFLVm1rV3p3QUx3QkVBRWtBVmdBK0FEd0FMd0JUQUVVQVF3QlVBRWtBVHdCT0FENEFQQUJUQUVVQVF3QlVBRWtBVHdCT0FDQUFZd0JzQUdFQWN3QnpBRDBBWEFBaUFITUFlUUJ6QUhRQVpRQnRBQ0FBU2dBdEFHMEFhZ0J5QUd3QWFRQnVBR3NBVndCeUFHRUFjQUFnQUVvQUxRQmpBSFVBZEFCTkFITUFad0JjQUNJQVBnQThBRVFBU1FCV0FDQUFZd0JzQUdFQWN3QnpBRDBBWEFBaUFHMEFjd0JuQUMwQWN3QjVBSE1BZEFCbEFHMEFYQUFpQUQ0QWRBQmxBSE1BZEFBd0FEQUFNUUFnQUtCU1pWR0dUa3FBS1Zta1d6d0FMd0JFQUVrQVZnQStBRHdBTHdCVEFFVUFRd0JVQUVrQVR3Qk9BRDRBUEFCVEFFVUFRd0JVQUVrQVR3Qk9BQ0FBWXdCc0FHRUFjd0J6QUQwQVhBQWlBSE1BWlFCeUFIWUFhUUJqQUdVQVhBQWlBRDRBUEFCVEFGQUFRUUJPQUQ0QWRBQmxBSE1BZEFBd0FEQUFNUUE4QUM4QVV3QlFBRUVBVGdBK0FEd0FSQUJKQUZZQVBnQm9BR1VBYkFCc0FHOEFJUUE4QUM4QVJBQkpBRllBUGdBOEFDOEFVd0JGQUVNQVZBQkpBRThBVGdBK0FEd0FVd0JGQUVNQVZBQkpBRThBVGdBZ0FHTUFiQUJoQUhNQWN3QTlBRndBSWdCekFHVUFjZ0IyQUdrQVl3QmxBRndBSWdBK0FEd0FVd0JRQUVFQVRnQStBSFFBWlFCekFIUUFNQUF3QURFQVBBQXZBRk1BVUFCQkFFNEFQZ0E4QUVRQVNRQldBRDRBT2dBdEFDa0FQQUF2QUVRQVNRQldBRDRBUEFBdkFGTUFSUUJEQUZRQVNRQlBBRTRBUGdBOEFGTUFSUUJEQUZRQVNRQlBBRTRBSUFCakFHd0FZUUJ6QUhNQVBRQmNBQ0lBY3dCNUFITUFkQUJsQUcwQUlBQktBQzBBYlFCcUFISUFiQUJwQUc0QWF3QlhBSElBWVFCd0FDQUFTZ0F0QUdNQWRRQjBBRTBBY3dCbkFGd0FJZ0ErQUR3QVJBQkpBRllBSUFCakFHd0FZUUJ6QUhNQVBRQmNBQ0lBYlFCekFHY0FMUUJ6QUhrQWN3QjBBR1VBYlFCY0FDSUFQZ0IwQUdVQWN3QjBBREFBTUFBeEFDQUFBSkQ2VVlaT1NvQXBXYVJiUEFBdkFFUUFTUUJXQUQ0QVBBQXZBRk1BUlFCREFGUUFTUUJQQUU0QVBnQWlBQ3dBSWdCMUFISUFiQUFpQURvQUlnQm1BR2tBYkFCbEFEb0FMd0F2QUVRQU9nQmNBRndBU3dCdUFHOEFkd0JzQUdVQVpBQm5BR1VBUXdCbEFHNEFkQUJsQUhJQVhBQmNBRk1BYndCMUFISUFZd0JsQUVNQWJ3QmtBR1VBWEFCY0FHNEFid0JrQUdVQWFnQnpBQzBBY3dCdkFHTUFhd0JsQUhRQWFRQnZBQzBBWXdCb0FHRUFkQUJjQUZ3QVl3QnNBR2tBWlFCdUFIUUFYQUJjQUdrQWJnQmtBR1VBZUFBdUFHZ0FkQUJ0QUd3QUlnQjlBQW9BPC9TdHJpbmdIdHRwQm9keT4NCiAgICA8L1JlcXVlc3Q+DQogICAgPFJlcXVlc3QgTWV0aG9kPSJQT1NUIiBHdWlkPSI3ZjMwMWNlZS0yODBmLTQ2NjctOWJhNS1kOWJmZjU5MTAzMzIiIFZlcnNpb249IjEuMSIgVXJsPSJodHRwczovL2xvY2FsaG9zdDoyNjE0My9za3lwZWN0b2MvdjEvcG5yL3BhcnNlIiBUaGlua1RpbWU9IjAiIFRpbWVvdXQ9IjMwMCIgUGFyc2VEZXBlbmRlbnRSZXF1ZXN0cz0iVHJ1ZSIgRm9sbG93UmVkaXJlY3RzPSJUcnVlIiBSZWNvcmRSZXN1bHQ9IlRydWUiIENhY2hlPSJGYWxzZSIgUmVzcG9uc2VUaW1lR29hbD0iMCIgRW5jb2Rpbmc9InV0Zi04IiBFeHBlY3RlZEh0dHBTdGF0dXNDb2RlPSIwIiBFeHBlY3RlZFJlc3BvbnNlVXJsPSIiIFJlcG9ydGluZ05hbWU9IiIgSWdub3JlSHR0cFN0YXR1c0NvZGU9IkZhbHNlIj4NCiAgICAgIDxIZWFkZXJzPg0KICAgICAgICA8SGVhZGVyIE5hbWU9IlByYWdtYSIgVmFsdWU9Im5vLWNhY2hlIiAvPg0KICAgICAgPC9IZWFkZXJzPg0KICAgICAgPFN0cmluZ0h0dHBCb2R5IENvbnRlbnRUeXBlPSJhcHBsaWNhdGlvbi9qc29uIiBJbnNlcnRCeXRlT3JkZXJNYXJrPSJGYWxzZSI+ZXdBaUFHa0FaQUFpQURvQUlnQXdBQ0lBTEFBaUFHd0FZUUJ1QUdjQWRRQmhBR2NBWlFCekFDSUFPZ0FpQUdVQWJnQWlBQ3dBSWdCMEFHVUFlQUIwQUNJQU9nQWlBRHdBUkFCSkFGWUFJQUJwQUdRQVBRQmNBQ0lBYkFCdkFHY0FhUUJ1QUdJQWJ3QjRBRndBSWdBK0FEd0FSQUJKQUZZQUlBQnpBSFFBZVFCc0FHVUFQUUJjQUNJQWJRQmhBSElBWndCcEFHNEFPZ0FnQURJQU1BQXdBSEFBZUFBZ0FHRUFkUUIwQUc4QU93QWdBSGNBYVFCa0FIUUFhQUE2QUNBQU1nQTJBREFBY0FCNEFEc0FYQUFpQUQ0QTk0dElVWk9QWlZGZ1R5aFhTb0FwV2FSYmhIWTFadkI1SUFBZ0FDQUFJQUFnQUNBQUlBQWdBQ0FBSUFBZ0FDQUFJQUFnQUNBQUlBQWdBRHdBUWdCU0FENEFQQUJDQUZJQVBnQThBRWtBVGdCUUFGVUFWQUFnQUc0QVlRQnRBR1VBUFFCY0FDSUFkUUJ6QUdVQWNnQnVBR0VBYlFCbEFGd0FJZ0FnQUdrQVpBQTlBRndBSWdCMUFITUFaUUJ5QUc0QVlRQnRBR1VBWEFBaUFDQUFjd0IwQUhrQWJBQmxBRDBBWEFBaUFIY0FhUUJrQUhRQWFBQTZBQ0FBTVFBNEFEQUFjQUI0QURzQVhBQWlBQ0FBZEFCNUFIQUFaUUE5QUZ3QUlnQjBBR1VBZUFCMEFGd0FJZ0FnQUhBQWJBQmhBR01BWlFCb0FHOEFiQUJrQUdVQWNnQTlBRndBSWdEM2k1T1BaVkVvZFRkaURWUmNBQ0lBUGdCY0FIUUFYQUIwQUZ3QWRBQmNBSFFBSUFBOEFFa0FUZ0JRQUZVQVZBQWdBSE1BZEFCNUFHd0FaUUE5QUZ3QUlnQjNBR2tBWkFCMEFHZ0FPZ0FnQURVQU1BQndBSGdBT3dCY0FDSUFJQUJ2QUc0QVl3QnNBR2tBWXdCckFEMEFYQUFpQUVNQVNBQkJBRlFBTGdCMUFITUFaUUJ5QUc0QVlRQnRBR1VBVXdCMUFHSUFiUUJwQUhRQUtBQXBBRHNBWEFBaUFDQUFkQUI1QUhBQVpRQTlBRndBSWdCaUFIVUFkQUIwQUc4QWJnQmNBQ0lBSUFCMkFHRUFiQUIxQUdVQVBRQmNBQ0lBMEdPa1Rsd0FJZ0ErQUNBQUlBQWdBQ0FBSUFBZ0FDQUFJQUFnQUNBQUlBQWdBQ0FBUEFBdkFFUUFTUUJXQUQ0QVBBQXZBRVFBU1FCV0FENEFQQUJFQUVrQVZnQWdBR2tBWkFBOUFGd0FJZ0JqQUdnQVlRQjBBR0lBYndCNEFGd0FJZ0FnQUhNQWRBQjVBR3dBWlFBOUFGd0FJZ0JrQUdrQWN3QndBR3dBWVFCNUFEb0FJQUJ1QUc4QWJnQmxBRHNBWEFBaUFENEFQQUJFQUVrQVZnQWdBSE1BZEFCNUFHd0FaUUE5QUZ3QUlnQmlBR0VBWXdCckFHY0FjZ0J2QUhVQWJnQmtBRG9BSUFCeUFHY0FZZ0FvQURZQU1RQXNBQ0FBTmdBeEFDd0FJQUEyQURFQUtRQTdBQ0FBZHdCcEFHUUFkQUJvQURvQUlBQXhBREFBTUFBbEFEc0FJQUJvQUdVQWFRQm5BR2dBZEFBNkFDQUFNZ0E0QUhBQWVBQTdBQ0FBWmdCdkFHNEFkQUF0QUhNQWFRQjZBR1VBT2dBZ0FERUFNZ0J3QUhnQU93QmNBQ0lBUGdBOEFFUUFTUUJXQUNBQWN3QjBBSGtBYkFCbEFEMEFYQUFpQUdNQWJ3QnNBRzhBY2dBNkFDQUFjZ0JuQUdJQUtBQXlBRFVBTlFBc0FDQUFNZ0ExQURVQUxBQWdBRElBTlFBMUFDa0FPd0FnQUd3QWFRQnVBR1VBTFFCb0FHVUFhUUJuQUdnQWRBQTZBQ0FBTWdBNEFIQUFlQUE3QUZ3QUlnQStBRHdBVXdCUUFFRUFUZ0FnQUhNQWRBQjVBR3dBWlFBOUFGd0FJZ0IwQUdVQWVBQjBBQzBBWVFCc0FHa0Fad0J1QURvQUlBQnNBR1VBWmdCMEFEc0FJQUJ0QUdFQWNnQm5BR2tBYmdBdEFHd0FaUUJtQUhRQU9nQWdBREVBTUFCd0FIZ0FPd0JjQUNJQVBnQlhBR1VBWWdCekFHOEFZd0JyQUdVQWRBQWFXYnBPU29BcFdhUmJQQUF2QUZNQVVBQkJBRTRBUGdBZ0FDQUFJQUFnQUNBQUlBQWdBQ0FBSUFBZ0FDQUFJQUFnQUNBQUlBQWdBQ0FBSUFBZ0FDQUFJQUE4QUZNQVVBQkJBRTRBSUFCekFIUUFlUUJzQUdVQVBRQmNBQ0lBYlFCaEFISUFad0JwQUc0QUxRQnlBR2tBWndCb0FIUUFPZ0FnQURFQU1BQndBSGdBT3dBZ0FHWUFiQUJ2QUdFQWRBQTZBQ0FBY2dCcEFHY0FhQUIwQURzQVhBQWlBRDRBUEFCVEFGQUFRUUJPQUNBQWFRQmtBRDBBWEFBaUFITUFhQUJ2QUhjQWRRQnpBR1VBY2dCdUFHRUFiUUJsQUZ3QUlnQStBRHdBTHdCVEFGQUFRUUJPQUQ0QUlBQjhBQ0FBWEFCMEFGd0FkQUJjQUhRQVhBQjBBRndBZEFBZ0FEd0FRUUFnQUhNQWRBQjVBR3dBWlFBOUFGd0FJZ0JqQUc4QWJBQnZBSElBT2dBZ0FISUFad0JpQUNnQU1nQTFBRFVBTEFBZ0FESUFOUUExQUN3QUlBQXlBRFVBTlFBcEFEc0FYQUFpQUNBQWJ3QnVBR01BYkFCcEFHTUFhd0E5QUZ3QUlnQkRBRWdBUVFCVUFDNEFiQUJ2QUdjQWJ3QjFBSFFBS0FBcEFGd0FJZ0FnQUdnQWNnQmxBR1lBUFFCY0FDSUFhZ0JoQUhZQVlRQnpBR01BY2dCcEFIQUFkQUE2QURzQVhBQWlBRDRBQUpENlVUd0FMd0JCQUQ0QVBBQXZBRk1BVUFCQkFFNEFQZ0FnQUNBQUlBQWdBQ0FBSUFBZ0FDQUFJQUFnQUNBQUlBQWdBQ0FBSUFBZ0FDQUFQQUF2QUVRQVNRQldBRDRBUEFBdkFFUUFTUUJXQUQ0QVBBQkVBRWtBVmdBZ0FHa0FaQUE5QUZ3QUlnQmtBRzhBWXdCY0FDSUFQZ0E4QUVRQVNRQldBQ0FBYVFCa0FEMEFYQUFpQUdNQWFBQmhBSFFBWEFBaUFENEFQQUJFQUVrQVZnQWdBR01BYkFCaEFITUFjd0E5QUZ3QUlnQnRBR1VBY3dCekFHRUFad0JsQUZ3QUlnQWdBR2tBWkFBOUFGd0FJZ0J0QUdVQWN3QnpBR0VBWndCbEFGd0FJZ0ErQUR3QVJBQkpBRllBSUFCcEFHUUFQUUJjQUNJQWJ3QnVBR3dBYVFCdUFHVUFZd0J2QUhVQWJnQjBBRndBSWdBZ0FITUFkQUI1QUd3QVpRQTlBRndBSWdCaUFHRUFZd0JyQUdjQWNnQnZBSFVBYmdCa0FEb0FJQUJ5QUdjQVlnQW9BRElBTXdBNUFDd0FJQUF5QURNQU9RQXNBQ0FBTWdBMEFEUUFLUUE3QUNBQVl3QnZBR3dBYndCeUFEb0FJQUJ5QUdjQVlnQW9BREVBTUFBeUFDd0FJQUF4QURBQU1nQXNBQ0FBTVFBd0FESUFLUUE3QUNBQVpnQnZBRzRBZEFBdEFITUFhUUI2QUdVQU9nQWdBREVBTWdCd0FIZ0FPd0FnQUcwQVlRQnlBR2NBYVFCdUFDMEFkQUJ2QUhBQU9nQWdBREVBTUFCd0FIZ0FPd0FnQUcwQVlRQnlBR2NBYVFCdUFDMEFiQUJsQUdZQWRBQTZBQ0FBTVFBd0FIQUFlQUE3QUZ3QUlnQStBRHdBTHdCRUFFa0FWZ0ErQUR3QUx3QkVBRWtBVmdBK0FEd0FSQUJKQUZZQUlBQmpBR3dBWVFCekFITUFQUUJjQUNJQWFRQnVBSEFBZFFCMEFDMEFZZ0J2QUhnQVhBQWlBRDRBUEFCRUFFa0FWZ0FnQUdNQWJBQmhBSE1BY3dBOUFGd0FJZ0JwQUc0QWNBQjFBSFFBWEFBaUFENEFQQUJKQUU0QVVBQlZBRlFBSUFCdUFHRUFiUUJsQUQwQVhBQWlBR01BYndCdUFIUUFaUUJ1QUhRQVhBQWlBQ0FBYVFCa0FEMEFYQUFpQUdNQWJ3QnVBSFFBWlFCdUFIUUFYQUFpQUNBQWRBQjVBSEFBWlFBOUFGd0FJZ0IwQUdVQWVBQjBBRndBSWdBZ0FHMEFZUUI0QUd3QVpRQnVBR2NBZEFCb0FEMEFYQUFpQURFQU5BQXdBRndBSWdBZ0FIQUFiQUJoQUdNQVpRQm9BRzhBYkFCa0FHVUFjZ0E5QUZ3QUlnRDNpNU9QWlZGS2dDbFpoVkc1V3d6L0NXTkRBSFFBY2dCc0FOQmpwRTVjQUNJQVBnQWdBQ0FBSUFBZ0FDQUFJQUFnQUNBQUlBQWdBQ0FBSUFBZ0FDQUFJQUFnQUNBQUlBQWdBQ0FBSUFBZ0FDQUFJQUFnQUR3QUx3QkVBRWtBVmdBK0FEd0FSQUJKQUZZQUlBQmpBR3dBWVFCekFITUFQUUJjQUNJQVlRQmpBSFFBYVFCdkFHNEFYQUFpQUQ0QVBBQkNBRlVBVkFCVUFFOEFUZ0FnQUdrQVpBQTlBRndBSWdCdEFHb0FjZ0JmQUhNQVpRQnVBR1FBWEFBaUFDQUFid0J1QUdNQWJBQnBBR01BYXdBOUFGd0FJZ0JEQUVnQVFRQlVBQzRBY3dCMUFHSUFiUUJwQUhRQUtBQXBBRHNBWEFBaUFDQUFkQUI1QUhBQVpRQTlBRndBSWdCaUFIVUFkQUIwQUc4QWJnQmNBQ0lBUGdEUVk2Uk9QQUF2QUVJQVZRQlVBRlFBVHdCT0FENEFJQUFnQUNBQUlBQWdBQ0FBSUFBZ0FDQUFJQUFnQUNBQUlBQWdBQ0FBSUFBZ0FDQUFJQUFnQUNBQUlBQWdBQ0FBSUFBOEFDOEFSQUJKQUZZQVBnQThBRVFBU1FCV0FDQUFjd0IwQUhrQWJBQmxBRDBBWEFBaUFHd0FaUUJtQUhRQU9nQWdBREVBTUFCd0FIZ0FPd0FnQUhRQWJ3QndBRG9BSUFBMEFEVUFjQUI0QURzQUlBQjNBR2tBWkFCMEFHZ0FPZ0FnQURFQU1BQXdBQ1VBT3dBZ0FHWUFid0J1QUhRQUxRQnpBR2tBZWdCbEFEb0FJQUF4QURJQWNBQjRBRHNBSUFCbUFHd0Fid0JoQUhRQU9nQWdBR3dBWlFCbUFIUUFPd0FnQUhBQWJ3QnpBR2tBZEFCcEFHOEFiZ0E2QUNBQVlRQmlBSE1BYndCc0FIVUFkQUJsQURzQVhBQWlBRDRBUEFCUUFENEFnbG1jWjltUEtrNUVBR1VBYlFCdkFQbGJZRThKWnk1ZXFWSU0vendBUVFBZ0FHZ0FjZ0JsQUdZQVBRQmNBQ0lBYUFCMEFIUUFjQUJ6QURvQUx3QXZBR2NBYVFCMEFHZ0FkUUJpQUM0QVl3QnZBRzBBTHdCd0FHd0FhQUIzQUdrQWJnQmNBQ0lBSUFCMEFHRUFjZ0JuQUdVQWRBQTlBRndBSWdCZkFHSUFiQUJoQUc0QWF3QmNBQ0lBUGdEM2l6QlNSd0JwQUhRQWFBQjFBR0lBYzFIb2JCRmlQQUF2QUVFQVBnQThBQzhBVUFBK0FEd0FVQUErQUZsbEMzb2EvendBUVFBZ0FHZ0FjZ0JsQUdZQVBRQmNBQ0lBYUFCMEFIUUFjQUE2QUM4QUx3QjNBSGNBZHdBdUFIQUFiQUJvQUhjQWFRQnVBQzRBWXdCdkFHMEFMd0F5QURBQU1RQTBBQzhBTUFBMUFDOEFNZ0E0QUM4QWJnQnZBR1FBWlFCcUFITUFMUUJ6QUc4QVl3QnJBR1VBZEFCcEFHOEFMd0JjQUNJQUlBQjBBR0VBY2dCbkFHVUFkQUE5QUZ3QUlnQmZBR0lBYkFCaEFHNEFhd0JjQUNJQVBnQm9BSFFBZEFCd0FEb0FMd0F2QUhjQWR3QjNBQzRBY0FCc0FHZ0Fkd0JwQUc0QUxnQmpBRzhBYlFBdkFESUFNQUF4QURRQUx3QXdBRFVBTHdBeUFEZ0FMd0J1QUc4QVpBQmxBR29BY3dBdEFITUFid0JqQUdzQVpRQjBBR2tBYndBdkFEd0FMd0JCQUQ0QVBBQXZBRkFBUGdBOEFGQUFQZ0NRYmdGNEd2ODhBRUVBSUFCb0FISUFaUUJtQUQwQVhBQWlBR2dBZEFCMEFIQUFjd0E2QUM4QUx3Qm5BR2tBZEFCb0FIVUFZZ0F1QUdNQWJ3QnRBQzhBY0FCc0FHZ0Fkd0JwQUc0QUx3QnVBRzhBWkFCbEFHb0Fjd0F0QUhNQWJ3QmpBR3NBWlFCMEFHa0Fid0F0QUdNQWFBQmhBSFFBWEFBaUFDQUFkQUJoQUhJQVp3QmxBSFFBUFFCY0FDSUFYd0JpQUd3QVlRQnVBR3NBWEFBaUFENEFhQUIwQUhRQWNBQnpBRG9BTHdBdkFHY0FhUUIwQUdnQWRRQmlBQzRBWXdCdkFHMEFMd0J3QUd3QWFBQjNBR2tBYmdBdkFHNEFid0JrQUdVQWFnQnpBQzBBY3dCdkFHTUFhd0JsQUhRQWFRQnZBQzBBWXdCb0FHRUFkQUE4QUM4QVFRQStBRHdBTHdCUUFENEFQQUF2QUVRQVNRQldBRDRBUEFBdkFFUUFTUUJXQUQ0QVBBQXZBRVFBU1FCV0FENEFQQUF2QUVRQVNRQldBRDRBUEFBdkFFUUFTUUJXQUQ0QVBBQlRBRU1BVWdCSkFGQUFWQUFnQUhNQWNnQmpBRDBBWEFBaUFDNEFMd0JqQUd3QWFRQmxBRzRBZEFBdUFHb0Fjd0JjQUNJQUlBQjBBSGtBY0FCbEFEMEFYQUFpQUhRQVpRQjRBSFFBTHdCcUFHRUFkZ0JoQUhNQVl3QnlBR2tBY0FCMEFGd0FJZ0ErQUR3QUx3QlRBRU1BVWdCSkFGQUFWQUErQUNBQUlBQWdBQ0FBSUFBaUFDd0FJZ0IxQUhJQWJBQWlBRG9BSWdCbUFHa0FiQUJsQURvQUx3QXZBRVFBT2dCY0FGd0FTd0J1QUc4QWR3QnNBR1VBWkFCbkFHVUFRd0JsQUc0QWRBQmxBSElBWEFCY0FGTUFid0IxQUhJQVl3QmxBRU1BYndCa0FHVUFYQUJjQUc0QWJ3QmtBR1VBYWdCekFDMEFjd0J2QUdNQWF3QmxBSFFBYVFCdkFDMEFZd0JvQUdFQWRBQmNBRndBWXdCc0FHa0FaUUJ1QUhRQVhBQmNBR2tBYmdCa0FHVUFlQUF1QUdnQWRBQnRBR3dBSWdCOUFBb0E8L1N0cmluZ0h0dHBCb2R5Pg0KICAgIDwvUmVxdWVzdD4NCiAgICA8UmVxdWVzdCBNZXRob2Q9IlBPU1QiIEd1aWQ9IjFkMDhhMzQ0LWMzY2MtNDQ0Zi1hZWYzLWI5MzNhODBhMWUwZiIgVmVyc2lvbj0iMS4xIiBVcmw9Imh0dHBzOi8vbG9jYWxob3N0OjI2MTQzL3NreXBlY3RvYy92MS9wbnIvcGFyc2UiIFRoaW5rVGltZT0iMiIgVGltZW91dD0iMzAwIiBQYXJzZURlcGVuZGVudFJlcXVlc3RzPSJUcnVlIiBGb2xsb3dSZWRpcmVjdHM9IlRydWUiIFJlY29yZFJlc3VsdD0iVHJ1ZSIgQ2FjaGU9IkZhbHNlIiBSZXNwb25zZVRpbWVHb2FsPSIwIiBFbmNvZGluZz0idXRmLTgiIEV4cGVjdGVkSHR0cFN0YXR1c0NvZGU9IjAiIEV4cGVjdGVkUmVzcG9uc2VVcmw9IiIgUmVwb3J0aW5nTmFtZT0iIiBJZ25vcmVIdHRwU3RhdHVzQ29kZT0iRmFsc2UiPg0KICAgICAgPEhlYWRlcnM+DQogICAgICAgIDxIZWFkZXIgTmFtZT0iUHJhZ21hIiBWYWx1ZT0ibm8tY2FjaGUiIC8+DQogICAgICA8L0hlYWRlcnM+DQogICAgICA8U3RyaW5nSHR0cEJvZHkgQ29udGVudFR5cGU9ImFwcGxpY2F0aW9uL2pzb24iIEluc2VydEJ5dGVPcmRlck1hcms9IkZhbHNlIj5ld0FpQUdrQVpBQWlBRG9BSWdBd0FDSUFMQUFpQUd3QVlRQnVBR2NBZFFCaEFHY0FaUUJ6QUNJQU9nQWlBR1VBYmdBaUFDd0FJZ0IwQUdVQWVBQjBBQ0lBT2dBaUFEd0FSQUJKQUZZQUlBQnBBR1FBUFFCY0FDSUFiQUJ2QUdjQWFRQnVBR0lBYndCNEFGd0FJZ0ErQUR3QVJBQkpBRllBSUFCekFIUUFlUUJzQUdVQVBRQmNBQ0lBYlFCaEFISUFad0JwQUc0QU9nQWdBRElBTUFBd0FIQUFlQUFnQUdFQWRRQjBBRzhBT3dBZ0FIY0FhUUJrQUhRQWFBQTZBQ0FBTWdBMkFEQUFjQUI0QURzQVhBQWlBRDRBOTR0SVVaT1BaVkZnVHloWFNvQXBXYVJiaEhZMVp2QjVJQUFnQUNBQUlBQWdBQ0FBSUFBZ0FDQUFJQUFnQUNBQUlBQWdBQ0FBSUFBZ0FEd0FRZ0JTQUQ0QVBBQkNBRklBUGdBOEFFa0FUZ0JRQUZVQVZBQWdBRzRBWVFCdEFHVUFQUUJjQUNJQWRRQnpBR1VBY2dCdUFHRUFiUUJsQUZ3QUlnQWdBR2tBWkFBOUFGd0FJZ0IxQUhNQVpRQnlBRzRBWVFCdEFHVUFYQUFpQUNBQWN3QjBBSGtBYkFCbEFEMEFYQUFpQUhjQWFRQmtBSFFBYUFBNkFDQUFNUUE0QURBQWNBQjRBRHNBWEFBaUFDQUFkQUI1QUhBQVpRQTlBRndBSWdCMEFHVUFlQUIwQUZ3QUlnQWdBSEFBYkFCaEFHTUFaUUJvQUc4QWJBQmtBR1VBY2dBOUFGd0FJZ0QzaTVPUFpWRW9kVGRpRFZSY0FDSUFQZ0JjQUhRQVhBQjBBRndBZEFCY0FIUUFJQUE4QUVrQVRnQlFBRlVBVkFBZ0FITUFkQUI1QUd3QVpRQTlBRndBSWdCM0FHa0FaQUIwQUdnQU9nQWdBRFVBTUFCd0FIZ0FPd0JjQUNJQUlBQnZBRzRBWXdCc0FHa0FZd0JyQUQwQVhBQWlBRU1BU0FCQkFGUUFMZ0IxQUhNQVpRQnlBRzRBWVFCdEFHVUFVd0IxQUdJQWJRQnBBSFFBS0FBcEFEc0FYQUFpQUNBQWRBQjVBSEFBWlFBOUFGd0FJZ0JpQUhVQWRBQjBBRzhBYmdCY0FDSUFJQUIyQUdFQWJBQjFBR1VBUFFCY0FDSUEwR09rVGx3QUlnQStBQ0FBSUFBZ0FDQUFJQUFnQUNBQUlBQWdBQ0FBSUFBZ0FDQUFQQUF2QUVRQVNRQldBRDRBUEFBdkFFUUFTUUJXQUQ0QVBBQkVBRWtBVmdBZ0FHa0FaQUE5QUZ3QUlnQmpBR2dBWVFCMEFHSUFid0I0QUZ3QUlnQWdBSE1BZEFCNUFHd0FaUUE5QUZ3QUlnQmtBR2tBY3dCd0FHd0FZUUI1QURvQUlBQnVBRzhBYmdCbEFEc0FYQUFpQUQ0QVBBQkVBRWtBVmdBZ0FITUFkQUI1QUd3QVpRQTlBRndBSWdCaUFHRUFZd0JyQUdjQWNnQnZBSFVBYmdCa0FEb0FJQUJ5QUdjQVlnQW9BRFlBTVFBc0FDQUFOZ0F4QUN3QUlBQTJBREVBS1FBN0FDQUFkd0JwQUdRQWRBQm9BRG9BSUFBeEFEQUFNQUFsQURzQUlBQm9BR1VBYVFCbkFHZ0FkQUE2QUNBQU1nQTRBSEFBZUFBN0FDQUFaZ0J2QUc0QWRBQXRBSE1BYVFCNkFHVUFPZ0FnQURFQU1nQndBSGdBT3dCY0FDSUFQZ0E4QUVRQVNRQldBQ0FBY3dCMEFIa0FiQUJsQUQwQVhBQWlBR01BYndCc0FHOEFjZ0E2QUNBQWNnQm5BR0lBS0FBeUFEVUFOUUFzQUNBQU1nQTFBRFVBTEFBZ0FESUFOUUExQUNrQU93QWdBR3dBYVFCdUFHVUFMUUJvQUdVQWFRQm5BR2dBZEFBNkFDQUFNZ0E0QUhBQWVBQTdBRndBSWdBK0FEd0FVd0JRQUVFQVRnQWdBSE1BZEFCNUFHd0FaUUE5QUZ3QUlnQjBBR1VBZUFCMEFDMEFZUUJzQUdrQVp3QnVBRG9BSUFCc0FHVUFaZ0IwQURzQUlBQnRBR0VBY2dCbkFHa0FiZ0F0QUd3QVpRQm1BSFFBT2dBZ0FERUFNQUJ3QUhnQU93QmNBQ0lBUGdCWEFHVUFZZ0J6QUc4QVl3QnJBR1VBZEFBYVdicE9Tb0FwV2FSYlBBQXZBRk1BVUFCQkFFNEFQZ0FnQUNBQUlBQWdBQ0FBSUFBZ0FDQUFJQUFnQUNBQUlBQWdBQ0FBSUFBZ0FDQUFJQUFnQUNBQUlBQThBRk1BVUFCQkFFNEFJQUJ6QUhRQWVRQnNBR1VBUFFCY0FDSUFiUUJoQUhJQVp3QnBBRzRBTFFCeUFHa0Fad0JvQUhRQU9nQWdBREVBTUFCd0FIZ0FPd0FnQUdZQWJBQnZBR0VBZEFBNkFDQUFjZ0JwQUdjQWFBQjBBRHNBWEFBaUFENEFQQUJUQUZBQVFRQk9BQ0FBYVFCa0FEMEFYQUFpQUhNQWFBQnZBSGNBZFFCekFHVUFjZ0J1QUdFQWJRQmxBRndBSWdBK0FEd0FMd0JUQUZBQVFRQk9BRDRBSUFCOEFDQUFYQUIwQUZ3QWRBQmNBSFFBWEFCMEFGd0FkQUFnQUR3QVFRQWdBSE1BZEFCNUFHd0FaUUE5QUZ3QUlnQmpBRzhBYkFCdkFISUFPZ0FnQUhJQVp3QmlBQ2dBTWdBMUFEVUFMQUFnQURJQU5RQTFBQ3dBSUFBeUFEVUFOUUFwQURzQVhBQWlBQ0FBYndCdUFHTUFiQUJwQUdNQWF3QTlBRndBSWdCREFFZ0FRUUJVQUM0QWJBQnZBR2NBYndCMUFIUUFLQUFwQUZ3QUlnQWdBR2dBY2dCbEFHWUFQUUJjQUNJQWFnQmhBSFlBWVFCekFHTUFjZ0JwQUhBQWRBQTZBRHNBWEFBaUFENEFBSkQ2VVR3QUx3QkJBRDRBUEFBdkFGTUFVQUJCQUU0QVBnQWdBQ0FBSUFBZ0FDQUFJQUFnQUNBQUlBQWdBQ0FBSUFBZ0FDQUFJQUFnQUNBQVBBQXZBRVFBU1FCV0FENEFQQUF2QUVRQVNRQldBRDRBUEFCRUFFa0FWZ0FnQUdrQVpBQTlBRndBSWdCa0FHOEFZd0JjQUNJQVBnQThBRVFBU1FCV0FDQUFhUUJrQUQwQVhBQWlBR01BYUFCaEFIUUFYQUFpQUQ0QVBBQkVBRWtBVmdBZ0FHTUFiQUJoQUhNQWN3QTlBRndBSWdCdEFHVUFjd0J6QUdFQVp3QmxBRndBSWdBZ0FHa0FaQUE5QUZ3QUlnQnRBR1VBY3dCekFHRUFad0JsQUZ3QUlnQStBRHdBUkFCSkFGWUFJQUJwQUdRQVBRQmNBQ0lBYndCdUFHd0FhUUJ1QUdVQVl3QnZBSFVBYmdCMEFGd0FJZ0FnQUhNQWRBQjVBR3dBWlFBOUFGd0FJZ0JpQUdFQVl3QnJBR2NBY2dCdkFIVUFiZ0JrQURvQUlBQnlBR2NBWWdBb0FESUFNd0E1QUN3QUlBQXlBRE1BT1FBc0FDQUFNZ0EwQURRQUtRQTdBQ0FBWXdCdkFHd0Fid0J5QURvQUlBQnlBR2NBWWdBb0FERUFNQUF5QUN3QUlBQXhBREFBTWdBc0FDQUFNUUF3QURJQUtRQTdBQ0FBWmdCdkFHNEFkQUF0QUhNQWFRQjZBR1VBT2dBZ0FERUFNZ0J3QUhnQU93QWdBRzBBWVFCeUFHY0FhUUJ1QUMwQWRBQnZBSEFBT2dBZ0FERUFNQUJ3QUhnQU93QWdBRzBBWVFCeUFHY0FhUUJ1QUMwQWJBQmxBR1lBZEFBNkFDQUFNUUF3QUhBQWVBQTdBRndBSWdBK0FEd0FMd0JFQUVrQVZnQStBRHdBTHdCRUFFa0FWZ0ErQUR3QVJBQkpBRllBSUFCakFHd0FZUUJ6QUhNQVBRQmNBQ0lBYVFCdUFIQUFkUUIwQUMwQVlnQnZBSGdBWEFBaUFENEFQQUJFQUVrQVZnQWdBR01BYkFCaEFITUFjd0E5QUZ3QUlnQnBBRzRBY0FCMUFIUUFYQUFpQUQ0QVBBQkpBRTRBVUFCVkFGUUFJQUJ1QUdFQWJRQmxBRDBBWEFBaUFHTUFid0J1QUhRQVpRQnVBSFFBWEFBaUFDQUFhUUJrQUQwQVhBQWlBR01BYndCdUFIUUFaUUJ1QUhRQVhBQWlBQ0FBZEFCNUFIQUFaUUE5QUZ3QUlnQjBBR1VBZUFCMEFGd0FJZ0FnQUcwQVlRQjRBR3dBWlFCdUFHY0FkQUJvQUQwQVhBQWlBREVBTkFBd0FGd0FJZ0FnQUhBQWJBQmhBR01BWlFCb0FHOEFiQUJrQUdVQWNnQTlBRndBSWdEM2k1T1BaVkZLZ0NsWmhWRzVXd3ovQ1dOREFIUUFjZ0JzQU5CanBFNWNBQ0lBUGdBZ0FDQUFJQUFnQUNBQUlBQWdBQ0FBSUFBZ0FDQUFJQUFnQUNBQUlBQWdBQ0FBSUFBZ0FDQUFJQUFnQUNBQUlBQWdBRHdBTHdCRUFFa0FWZ0ErQUR3QVJBQkpBRllBSUFCakFHd0FZUUJ6QUhNQVBRQmNBQ0lBWVFCakFIUUFhUUJ2QUc0QVhBQWlBRDRBUEFCQ0FGVUFWQUJVQUU4QVRnQWdBR2tBWkFBOUFGd0FJZ0J0QUdvQWNnQmZBSE1BWlFCdUFHUUFYQUFpQUNBQWJ3QnVBR01BYkFCcEFHTUFhd0E5QUZ3QUlnQkRBRWdBUVFCVUFDNEFjd0IxQUdJQWJRQnBBSFFBS0FBcEFEc0FYQUFpQUNBQWRBQjVBSEFBWlFBOUFGd0FJZ0JpQUhVQWRBQjBBRzhBYmdCY0FDSUFQZ0RRWTZST1BBQXZBRUlBVlFCVUFGUUFUd0JPQUQ0QUlBQWdBQ0FBSUFBZ0FDQUFJQUFnQUNBQUlBQWdBQ0FBSUFBZ0FDQUFJQUFnQUNBQUlBQWdBQ0FBSUFBZ0FDQUFJQUE4QUM4QVJBQkpBRllBUGdBOEFFUUFTUUJXQUNBQWN3QjBBSGtBYkFCbEFEMEFYQUFpQUd3QVpRQm1BSFFBT2dBZ0FERUFNQUJ3QUhnQU93QWdBSFFBYndCd0FEb0FJQUEwQURVQWNBQjRBRHNBSUFCM0FHa0FaQUIwQUdnQU9nQWdBREVBTUFBd0FDVUFPd0FnQUdZQWJ3QnVBSFFBTFFCekFHa0FlZ0JsQURvQUlBQXhBRElBY0FCNEFEc0FJQUJtQUd3QWJ3QmhBSFFBT2dBZ0FHd0FaUUJtQUhRQU93QWdBSEFBYndCekFHa0FkQUJwQUc4QWJnQTZBQ0FBWVFCaUFITUFid0JzQUhVQWRBQmxBRHNBWEFBaUFENEFQQUJRQUQ0QWdsbWNaOW1QS2s1RUFHVUFiUUJ2QVBsYllFOEpaeTVlcVZJTS96d0FRUUFnQUdnQWNnQmxBR1lBUFFCY0FDSUFhQUIwQUhRQWNBQnpBRG9BTHdBdkFHY0FhUUIwQUdnQWRRQmlBQzRBWXdCdkFHMEFMd0J3QUd3QWFBQjNBR2tBYmdCY0FDSUFJQUIwQUdFQWNnQm5BR1VBZEFBOUFGd0FJZ0JmQUdJQWJBQmhBRzRBYXdCY0FDSUFQZ0QzaXpCU1J3QnBBSFFBYUFCMUFHSUFjMUhvYkJGaVBBQXZBRUVBUGdBOEFDOEFVQUErQUR3QVVBQStBRmxsQzNvYS96d0FRUUFnQUdnQWNnQmxBR1lBUFFCY0FDSUFhQUIwQUhRQWNBQTZBQzhBTHdCM0FIY0Fkd0F1QUhBQWJBQm9BSGNBYVFCdUFDNEFZd0J2QUcwQUx3QXlBREFBTVFBMEFDOEFNQUExQUM4QU1nQTRBQzhBYmdCdkFHUUFaUUJxQUhNQUxRQnpBRzhBWXdCckFHVUFkQUJwQUc4QUx3QmNBQ0lBSUFCMEFHRUFjZ0JuQUdVQWRBQTlBRndBSWdCZkFHSUFiQUJoQUc0QWF3QmNBQ0lBUGdCb0FIUUFkQUJ3QURvQUx3QXZBSGNBZHdCM0FDNEFjQUJzQUdnQWR3QnBBRzRBTGdCakFHOEFiUUF2QURJQU1BQXhBRFFBTHdBd0FEVUFMd0F5QURnQUx3QnVBRzhBWkFCbEFHb0Fjd0F0QUhNQWJ3QmpBR3NBWlFCMEFHa0Fid0F2QUR3QUx3QkJBRDRBUEFBdkFGQUFQZ0E4QUZBQVBnQ1FiZ0Y0R3Y4OEFFRUFJQUJvQUhJQVpRQm1BRDBBWEFBaUFHZ0FkQUIwQUhBQWN3QTZBQzhBTHdCbkFHa0FkQUJvQUhVQVlnQXVBR01BYndCdEFDOEFjQUJzQUdnQWR3QnBBRzRBTHdCdUFHOEFaQUJsQUdvQWN3QXRBSE1BYndCakFHc0FaUUIwQUdrQWJ3QXRBR01BYUFCaEFIUUFYQUFpQUNBQWRBQmhBSElBWndCbEFIUUFQUUJjQUNJQVh3QmlBR3dBWVFCdUFHc0FYQUFpQUQ0QWFBQjBBSFFBY0FCekFEb0FMd0F2QUdjQWFRQjBBR2dBZFFCaUFDNEFZd0J2QUcwQUx3QndBR3dBYUFCM0FHa0FiZ0F2QUc0QWJ3QmtBR1VBYWdCekFDMEFjd0J2QUdNQWF3QmxBSFFBYVFCdkFDMEFZd0JvQUdFQWRBQThBQzhBUVFBK0FEd0FMd0JRQUQ0QVBBQXZBRVFBU1FCV0FENEFQQUF2QUVRQVNRQldBRDRBUEFBdkFFUUFTUUJXQUQ0QVBBQXZBRVFBU1FCV0FENEFQQUF2QUVRQVNRQldBRDRBUEFCVEFFTUFVZ0JKQUZBQVZBQWdBSE1BY2dCakFEMEFYQUFpQUM0QUx3QmpBR3dBYVFCbEFHNEFkQUF1QUdvQWN3QmNBQ0lBSUFCMEFIa0FjQUJsQUQwQVhBQWlBSFFBWlFCNEFIUUFMd0JxQUdFQWRnQmhBSE1BWXdCeUFHa0FjQUIwQUZ3QUlnQStBRHdBTHdCVEFFTUFVZ0JKQUZBQVZBQStBQ0FBSUFBZ0FDQUFJQUFpQUN3QUlnQjFBSElBYkFBaUFEb0FJZ0JtQUdrQWJBQmxBRG9BTHdBdkFFUUFPZ0JjQUZ3QVN3QnVBRzhBZHdCc0FHVUFaQUJuQUdVQVF3QmxBRzRBZEFCbEFISUFYQUJjQUZNQWJ3QjFBSElBWXdCbEFFTUFid0JrQUdVQVhBQmNBRzRBYndCa0FHVUFhZ0J6QUMwQWN3QnZBR01BYXdCbEFIUUFhUUJ2QUMwQVl3Qm9BR0VBZEFCY0FGd0FZd0JzQUdrQVpRQnVBSFFBWEFCY0FHa0FiZ0JrQUdVQWVBQXVBR2dBZEFCdEFHd0FJZ0I5QUFvQTwvU3RyaW5nSHR0cEJvZHk+DQogICAgPC9SZXF1ZXN0Pg0KICAgIDxSZXF1ZXN0IE1ldGhvZD0iUE9TVCIgR3VpZD0iMTk3MTM3NWYtNTA1ZS00MTUxLTg2OGYtNjE0ODNlN2NlNTI1IiBWZXJzaW9uPSIxLjEiIFVybD0iaHR0cHM6Ly9sb2NhbGhvc3Q6MjYxNDMvc2t5cGVjdG9jL3YxL3Buci9wYXJzZSIgVGhpbmtUaW1lPSI4IiBUaW1lb3V0PSIzMDAiIFBhcnNlRGVwZW5kZW50UmVxdWVzdHM9IlRydWUiIEZvbGxvd1JlZGlyZWN0cz0iVHJ1ZSIgUmVjb3JkUmVzdWx0PSJUcnVlIiBDYWNoZT0iRmFsc2UiIFJlc3BvbnNlVGltZUdvYWw9IjAiIEVuY29kaW5nPSJ1dGYtOCIgRXhwZWN0ZWRIdHRwU3RhdHVzQ29kZT0iMCIgRXhwZWN0ZWRSZXNwb25zZVVybD0iIiBSZXBvcnRpbmdOYW1lPSIiIElnbm9yZUh0dHBTdGF0dXNDb2RlPSJGYWxzZSI+DQogICAgICA8SGVhZGVycz4NCiAgICAgICAgPEhlYWRlciBOYW1lPSJQcmFnbWEiIFZhbHVlPSJuby1jYWNoZSIgLz4NCiAgICAgIDwvSGVhZGVycz4NCiAgICAgIDxTdHJpbmdIdHRwQm9keSBDb250ZW50VHlwZT0iYXBwbGljYXRpb24vanNvbiIgSW5zZXJ0Qnl0ZU9yZGVyTWFyaz0iRmFsc2UiPmV3QWlBR2tBWkFBaUFEb0FJZ0F3QUNJQUxBQWlBR3dBWVFCdUFHY0FkUUJoQUdjQVpRQnpBQ0lBT2dBaUFHVUFiZ0FpQUN3QUlnQjBBR1VBZUFCMEFDSUFPZ0FpQUR3QVJBQkpBRllBSUFCcEFHUUFQUUJjQUNJQWJBQnZBR2NBYVFCdUFHSUFid0I0QUZ3QUlnQStBRHdBUkFCSkFGWUFJQUJ6QUhRQWVRQnNBR1VBUFFCY0FDSUFiUUJoQUhJQVp3QnBBRzRBT2dBZ0FESUFNQUF3QUhBQWVBQWdBR0VBZFFCMEFHOEFPd0FnQUhjQWFRQmtBSFFBYUFBNkFDQUFNZ0EyQURBQWNBQjRBRHNBWEFBaUFENEE5NHRJVVpPUFpWRmdUeWhYU29BcFdhUmJoSFkxWnZCNUlBQWdBQ0FBSUFBZ0FDQUFJQUFnQUNBQUlBQWdBQ0FBSUFBZ0FDQUFJQUFnQUR3QVFnQlNBRDRBUEFCQ0FGSUFQZ0E4QUVrQVRnQlFBRlVBVkFBZ0FHNEFZUUJ0QUdVQVBRQmNBQ0lBZFFCekFHVUFjZ0J1QUdFQWJRQmxBRndBSWdBZ0FHa0FaQUE5QUZ3QUlnQjFBSE1BWlFCeUFHNEFZUUJ0QUdVQVhBQWlBQ0FBY3dCMEFIa0FiQUJsQUQwQVhBQWlBSGNBYVFCa0FIUUFhQUE2QUNBQU1RQTRBREFBY0FCNEFEc0FYQUFpQUNBQWRBQjVBSEFBWlFBOUFGd0FJZ0IwQUdVQWVBQjBBRndBSWdBZ0FIQUFiQUJoQUdNQVpRQm9BRzhBYkFCa0FHVUFjZ0E5QUZ3QUlnRDNpNU9QWlZFb2RUZGlEVlJjQUNJQVBnQmNBSFFBWEFCMEFGd0FkQUJjQUhRQUlBQThBRWtBVGdCUUFGVUFWQUFnQUhNQWRBQjVBR3dBWlFBOUFGd0FJZ0IzQUdrQVpBQjBBR2dBT2dBZ0FEVUFNQUJ3QUhnQU93QmNBQ0lBSUFCdkFHNEFZd0JzQUdrQVl3QnJBRDBBWEFBaUFFTUFTQUJCQUZRQUxnQjFBSE1BWlFCeUFHNEFZUUJ0QUdVQVV3QjFBR0lBYlFCcEFIUUFLQUFwQURzQVhBQWlBQ0FBZEFCNUFIQUFaUUE5QUZ3QUlnQmlBSFVBZEFCMEFHOEFiZ0JjQUNJQUlBQjJBR0VBYkFCMUFHVUFQUUJjQUNJQTBHT2tUbHdBSWdBK0FDQUFJQUFnQUNBQUlBQWdBQ0FBSUFBZ0FDQUFJQUFnQUNBQVBBQXZBRVFBU1FCV0FENEFQQUF2QUVRQVNRQldBRDRBUEFCRUFFa0FWZ0FnQUdrQVpBQTlBRndBSWdCakFHZ0FZUUIwQUdJQWJ3QjRBRndBSWdBZ0FITUFkQUI1QUd3QVpRQTlBRndBSWdCa0FHa0Fjd0J3QUd3QVlRQjVBRG9BSUFCdUFHOEFiZ0JsQURzQVhBQWlBRDRBUEFCRUFFa0FWZ0FnQUhNQWRBQjVBR3dBWlFBOUFGd0FJZ0JpQUdFQVl3QnJBR2NBY2dCdkFIVUFiZ0JrQURvQUlBQnlBR2NBWWdBb0FEWUFNUUFzQUNBQU5nQXhBQ3dBSUFBMkFERUFLUUE3QUNBQWR3QnBBR1FBZEFCb0FEb0FJQUF4QURBQU1BQWxBRHNBSUFCb0FHVUFhUUJuQUdnQWRBQTZBQ0FBTWdBNEFIQUFlQUE3QUNBQVpnQnZBRzRBZEFBdEFITUFhUUI2QUdVQU9nQWdBREVBTWdCd0FIZ0FPd0JjQUNJQVBnQThBRVFBU1FCV0FDQUFjd0IwQUhrQWJBQmxBRDBBWEFBaUFHTUFid0JzQUc4QWNnQTZBQ0FBY2dCbkFHSUFLQUF5QURVQU5RQXNBQ0FBTWdBMUFEVUFMQUFnQURJQU5RQTFBQ2tBT3dBZ0FHd0FhUUJ1QUdVQUxRQm9BR1VBYVFCbkFHZ0FkQUE2QUNBQU1nQTRBSEFBZUFBN0FGd0FJZ0ErQUR3QVV3QlFBRUVBVGdBZ0FITUFkQUI1QUd3QVpRQTlBRndBSWdCMEFHVUFlQUIwQUMwQVlRQnNBR2tBWndCdUFEb0FJQUJzQUdVQVpnQjBBRHNBSUFCdEFHRUFjZ0JuQUdrQWJnQXRBR3dBWlFCbUFIUUFPZ0FnQURFQU1BQndBSGdBT3dCY0FDSUFQZ0JYQUdVQVlnQnpBRzhBWXdCckFHVUFkQUFhV2JwT1NvQXBXYVJiUEFBdkFGTUFVQUJCQUU0QVBnQWdBQ0FBSUFBZ0FDQUFJQUFnQUNBQUlBQWdBQ0FBSUFBZ0FDQUFJQUFnQUNBQUlBQWdBQ0FBSUFBOEFGTUFVQUJCQUU0QUlBQnpBSFFBZVFCc0FHVUFQUUJjQUNJQWJRQmhBSElBWndCcEFHNEFMUUJ5QUdrQVp3Qm9BSFFBT2dBZ0FERUFNQUJ3QUhnQU93QWdBR1lBYkFCdkFHRUFkQUE2QUNBQWNnQnBBR2NBYUFCMEFEc0FYQUFpQUQ0QVBBQlRBRkFBUVFCT0FDQUFhUUJrQUQwQVhBQWlBSE1BYUFCdkFIY0FkUUJ6QUdVQWNnQnVBR0VBYlFCbEFGd0FJZ0ErQUR3QUx3QlRBRkFBUVFCT0FENEFJQUI4QUNBQVhBQjBBRndBZEFCY0FIUUFYQUIwQUZ3QWRBQWdBRHdBUVFBZ0FITUFkQUI1QUd3QVpRQTlBRndBSWdCakFHOEFiQUJ2QUhJQU9nQWdBSElBWndCaUFDZ0FNZ0ExQURVQUxBQWdBRElBTlFBMUFDd0FJQUF5QURVQU5RQXBBRHNBWEFBaUFDQUFid0J1QUdNQWJBQnBBR01BYXdBOUFGd0FJZ0JEQUVnQVFRQlVBQzRBYkFCdkFHY0Fid0IxQUhRQUtBQXBBRndBSWdBZ0FHZ0FjZ0JsQUdZQVBRQmNBQ0lBYWdCaEFIWUFZUUJ6QUdNQWNnQnBBSEFBZEFBNkFEc0FYQUFpQUQ0QUFKRDZVVHdBTHdCQkFENEFQQUF2QUZNQVVBQkJBRTRBUGdBZ0FDQUFJQUFnQUNBQUlBQWdBQ0FBSUFBZ0FDQUFJQUFnQUNBQUlBQWdBQ0FBUEFBdkFFUUFTUUJXQUQ0QVBBQXZBRVFBU1FCV0FENEFQQUJFQUVrQVZnQWdBR2tBWkFBOUFGd0FJZ0JrQUc4QVl3QmNBQ0lBUGdBOEFFUUFTUUJXQUNBQWFRQmtBRDBBWEFBaUFHTUFhQUJoQUhRQVhBQWlBRDRBUEFCRUFFa0FWZ0FnQUdNQWJBQmhBSE1BY3dBOUFGd0FJZ0J0QUdVQWN3QnpBR0VBWndCbEFGd0FJZ0FnQUdrQVpBQTlBRndBSWdCdEFHVUFjd0J6QUdFQVp3QmxBRndBSWdBK0FEd0FSQUJKQUZZQUlBQnBBR1FBUFFCY0FDSUFid0J1QUd3QWFRQnVBR1VBWXdCdkFIVUFiZ0IwQUZ3QUlnQWdBSE1BZEFCNUFHd0FaUUE5QUZ3QUlnQmlBR0VBWXdCckFHY0FjZ0J2QUhVQWJnQmtBRG9BSUFCeUFHY0FZZ0FvQURJQU13QTVBQ3dBSUFBeUFETUFPUUFzQUNBQU1nQTBBRFFBS1FBN0FDQUFZd0J2QUd3QWJ3QnlBRG9BSUFCeUFHY0FZZ0FvQURFQU1BQXlBQ3dBSUFBeEFEQUFNZ0FzQUNBQU1RQXdBRElBS1FBN0FDQUFaZ0J2QUc0QWRBQXRBSE1BYVFCNkFHVUFPZ0FnQURFQU1nQndBSGdBT3dBZ0FHMEFZUUJ5QUdjQWFRQnVBQzBBZEFCdkFIQUFPZ0FnQURFQU1BQndBSGdBT3dBZ0FHMEFZUUJ5QUdjQWFRQnVBQzBBYkFCbEFHWUFkQUE2QUNBQU1RQXdBSEFBZUFBN0FGd0FJZ0ErQUR3QUx3QkVBRWtBVmdBK0FEd0FMd0JFQUVrQVZnQStBRHdBUkFCSkFGWUFJQUJqQUd3QVlRQnpBSE1BUFFCY0FDSUFhUUJ1QUhBQWRRQjBBQzBBWWdCdkFIZ0FYQUFpQUQ0QVBBQkVBRWtBVmdBZ0FHTUFiQUJoQUhNQWN3QTlBRndBSWdCcEFHNEFjQUIxQUhRQVhBQWlBRDRBUEFCSkFFNEFVQUJWQUZRQUlBQnVBR0VBYlFCbEFEMEFYQUFpQUdNQWJ3QnVBSFFBWlFCdUFIUUFYQUFpQUNBQWFRQmtBRDBBWEFBaUFHTUFid0J1QUhRQVpRQnVBSFFBWEFBaUFDQUFkQUI1QUhBQVpRQTlBRndBSWdCMEFHVUFlQUIwQUZ3QUlnQWdBRzBBWVFCNEFHd0FaUUJ1QUdjQWRBQm9BRDBBWEFBaUFERUFOQUF3QUZ3QUlnQWdBSEFBYkFCaEFHTUFaUUJvQUc4QWJBQmtBR1VBY2dBOUFGd0FJZ0QzaTVPUFpWRktnQ2xaaFZHNVd3ei9DV05EQUhRQWNnQnNBTkJqcEU1Y0FDSUFQZ0FnQUNBQUlBQWdBQ0FBSUFBZ0FDQUFJQUFnQUNBQUlBQWdBQ0FBSUFBZ0FDQUFJQUFnQUNBQUlBQWdBQ0FBSUFBZ0FEd0FMd0JFQUVrQVZnQStBRHdBUkFCSkFGWUFJQUJqQUd3QVlRQnpBSE1BUFFCY0FDSUFZUUJqQUhRQWFRQnZBRzRBWEFBaUFENEFQQUJDQUZVQVZBQlVBRThBVGdBZ0FHa0FaQUE5QUZ3QUlnQnRBR29BY2dCZkFITUFaUUJ1QUdRQVhBQWlBQ0FBYndCdUFHTUFiQUJwQUdNQWF3QTlBRndBSWdCREFFZ0FRUUJVQUM0QWN3QjFBR0lBYlFCcEFIUUFLQUFwQURzQVhBQWlBQ0FBZEFCNUFIQUFaUUE5QUZ3QUlnQmlBSFVBZEFCMEFHOEFiZ0JjQUNJQVBnRFFZNlJPUEFBdkFFSUFWUUJVQUZRQVR3Qk9BRDRBSUFBZ0FDQUFJQUFnQUNBQUlBQWdBQ0FBSUFBZ0FDQUFJQUFnQUNBQUlBQWdBQ0FBSUFBZ0FDQUFJQUFnQUNBQUlBQThBQzhBUkFCSkFGWUFQZ0E4QUVRQVNRQldBQ0FBY3dCMEFIa0FiQUJsQUQwQVhBQWlBR3dBWlFCbUFIUUFPZ0FnQURFQU1BQndBSGdBT3dBZ0FIUUFid0J3QURvQUlBQTBBRFVBY0FCNEFEc0FJQUIzQUdrQVpBQjBBR2dBT2dBZ0FERUFNQUF3QUNVQU93QWdBR1lBYndCdUFIUUFMUUJ6QUdrQWVnQmxBRG9BSUFBeEFESUFjQUI0QURzQUlBQm1BR3dBYndCaEFIUUFPZ0FnQUd3QVpRQm1BSFFBT3dBZ0FIQUFid0J6QUdrQWRBQnBBRzhBYmdBNkFDQUFZUUJpQUhNQWJ3QnNBSFVBZEFCbEFEc0FYQUFpQUQ0QVBBQlFBRDRBZ2xtY1o5bVBLazVFQUdVQWJRQnZBUGxiWUU4Slp5NWVxVklNL3p3QVFRQWdBR2dBY2dCbEFHWUFQUUJjQUNJQWFBQjBBSFFBY0FCekFEb0FMd0F2QUdjQWFRQjBBR2dBZFFCaUFDNEFZd0J2QUcwQUx3QndBR3dBYUFCM0FHa0FiZ0JjQUNJQUlBQjBBR0VBY2dCbkFHVUFkQUE5QUZ3QUlnQmZBR0lBYkFCaEFHNEFhd0JjQUNJQVBnRDNpekJTUndCcEFIUUFhQUIxQUdJQWMxSG9iQkZpUEFBdkFFRUFQZ0E4QUM4QVVBQStBRHdBVUFBK0FGbGxDM29hL3p3QVFRQWdBR2dBY2dCbEFHWUFQUUJjQUNJQWFBQjBBSFFBY0FBNkFDOEFMd0IzQUhjQWR3QXVBSEFBYkFCb0FIY0FhUUJ1QUM0QVl3QnZBRzBBTHdBeUFEQUFNUUEwQUM4QU1BQTFBQzhBTWdBNEFDOEFiZ0J2QUdRQVpRQnFBSE1BTFFCekFHOEFZd0JyQUdVQWRBQnBBRzhBTHdCY0FDSUFJQUIwQUdFQWNnQm5BR1VBZEFBOUFGd0FJZ0JmQUdJQWJBQmhBRzRBYXdCY0FDSUFQZ0JvQUhRQWRBQndBRG9BTHdBdkFIY0Fkd0IzQUM0QWNBQnNBR2dBZHdCcEFHNEFMZ0JqQUc4QWJRQXZBRElBTUFBeEFEUUFMd0F3QURVQUx3QXlBRGdBTHdCdUFHOEFaQUJsQUdvQWN3QXRBSE1BYndCakFHc0FaUUIwQUdrQWJ3QXZBRHdBTHdCQkFENEFQQUF2QUZBQVBnQThBRkFBUGdDUWJnRjRHdjg4QUVFQUlBQm9BSElBWlFCbUFEMEFYQUFpQUdnQWRBQjBBSEFBY3dBNkFDOEFMd0JuQUdrQWRBQm9BSFVBWWdBdUFHTUFid0J0QUM4QWNBQnNBR2dBZHdCcEFHNEFMd0J1QUc4QVpBQmxBR29BY3dBdEFITUFid0JqQUdzQVpRQjBBR2tBYndBdEFHTUFhQUJoQUhRQVhBQWlBQ0FBZEFCaEFISUFad0JsQUhRQVBRQmNBQ0lBWHdCaUFHd0FZUUJ1QUdzQVhBQWlBRDRBYUFCMEFIUUFjQUJ6QURvQUx3QXZBR2NBYVFCMEFHZ0FkUUJpQUM0QVl3QnZBRzBBTHdCd0FHd0FhQUIzQUdrQWJnQXZBRzRBYndCa0FHVUFhZ0J6QUMwQWN3QnZBR01BYXdCbEFIUUFhUUJ2QUMwQVl3Qm9BR0VBZEFBOEFDOEFRUUErQUR3QUx3QlFBRDRBUEFBdkFFUUFTUUJXQUQ0QVBBQXZBRVFBU1FCV0FENEFQQUF2QUVRQVNRQldBRDRBUEFBdkFFUUFTUUJXQUQ0QVBBQXZBRVFBU1FCV0FENEFQQUJUQUVNQVVnQkpBRkFBVkFBZ0FITUFjZ0JqQUQwQVhBQWlBQzRBTHdCakFHd0FhUUJsQUc0QWRBQXVBR29BY3dCY0FDSUFJQUIwQUhrQWNBQmxBRDBBWEFBaUFIUUFaUUI0QUhRQUx3QnFBR0VBZGdCaEFITUFZd0J5QUdrQWNBQjBBRndBSWdBK0FEd0FMd0JUQUVNQVVnQkpBRkFBVkFBK0FDQUFJQUFnQUNBQUlBQWlBQ3dBSWdCMUFISUFiQUFpQURvQUlnQm1BR2tBYkFCbEFEb0FMd0F2QUVRQU9nQmNBRndBU3dCdUFHOEFkd0JzQUdVQVpBQm5BR1VBUXdCbEFHNEFkQUJsQUhJQVhBQmNBRk1BYndCMUFISUFZd0JsQUVNQWJ3QmtBR1VBWEFCY0FHNEFid0JrQUdVQWFnQnpBQzBBY3dCdkFHTUFhd0JsQUhRQWFRQnZBQzBBWXdCb0FHRUFkQUJjQUZ3QVl3QnNBR2tBWlFCdUFIUUFYQUJjQUdrQWJnQmtBR1VBZUFBdUFHZ0FkQUJ0QUd3QUlnQjlBQW9BPC9TdHJpbmdIdHRwQm9keT4NCiAgICA8L1JlcXVlc3Q+DQogICAgPFJlcXVlc3QgTWV0aG9kPSJHRVQiIEd1aWQ9ImY1ZGMxODZkLTViNmEtNDA0ZS05ODQwLTg4OWMzMWI1OWNhYiIgVmVyc2lvbj0iMS4xIiBVcmw9Imh0dHA6Ly8xMjcuMC4wLjE6ODA4OC9zb2NrZXQuaW8vIiBUaGlua1RpbWU9IjAiIFRpbWVvdXQ9IjMwMCIgUGFyc2VEZXBlbmRlbnRSZXF1ZXN0cz0iVHJ1ZSIgRm9sbG93UmVkaXJlY3RzPSJUcnVlIiBSZWNvcmRSZXN1bHQ9IlRydWUiIENhY2hlPSJGYWxzZSIgUmVzcG9uc2VUaW1lR29hbD0iMCIgRW5jb2Rpbmc9InV0Zi04IiBFeHBlY3RlZEh0dHBTdGF0dXNDb2RlPSIwIiBFeHBlY3RlZFJlc3BvbnNlVXJsPSIiIFJlcG9ydGluZ05hbWU9IiIgSWdub3JlSHR0cFN0YXR1c0NvZGU9IkZhbHNlIj4NCiAgICAgIDxRdWVyeVN0cmluZ1BhcmFtZXRlcnM+DQogICAgICAgIDxRdWVyeVN0cmluZ1BhcmFtZXRlciBOYW1lPSJFSU8iIFZhbHVlPSIzIiBSZWNvcmRlZFZhbHVlPSIzIiBDb3JyZWxhdGlvbkJpbmRpbmc9IiIgVXJsRW5jb2RlPSJGYWxzZSIgVXNlVG9Hcm91cFJlc3VsdHM9IkZhbHNlIiAvPg0KICAgICAgICA8UXVlcnlTdHJpbmdQYXJhbWV0ZXIgTmFtZT0idHJhbnNwb3J0IiBWYWx1ZT0icG9sbGluZyIgUmVjb3JkZWRWYWx1ZT0icG9sbGluZyIgQ29ycmVsYXRpb25CaW5kaW5nPSIiIFVybEVuY29kZT0iRmFsc2UiIFVzZVRvR3JvdXBSZXN1bHRzPSJGYWxzZSIgLz4NCiAgICAgICAgPFF1ZXJ5U3RyaW5nUGFyYW1ldGVyIE5hbWU9InQiIFZhbHVlPSJMTEowcDZjIiBSZWNvcmRlZFZhbHVlPSJMTEowcDZjIiBDb3JyZWxhdGlvbkJpbmRpbmc9IiIgVXJsRW5jb2RlPSJGYWxzZSIgVXNlVG9Hcm91cFJlc3VsdHM9IkZhbHNlIiAvPg0KICAgICAgPC9RdWVyeVN0cmluZ1BhcmFtZXRlcnM+DQogICAgPC9SZXF1ZXN0Pg0KICAgIDxSZXF1ZXN0IE1ldGhvZD0iUE9TVCIgR3VpZD0iMDAyZmVlZmUtOGJjZC00YjUxLTk2MmItNDAxYWUwMjFhMjAzIiBWZXJzaW9uPSIxLjEiIFVybD0iaHR0cHM6Ly9sb2NhbGhvc3Q6MjYxNDMvc2t5cGVjdG9jL3YxL3Buci9wYXJzZSIgVGhpbmtUaW1lPSIwIiBUaW1lb3V0PSIzMDAiIFBhcnNlRGVwZW5kZW50UmVxdWVzdHM9IlRydWUiIEZvbGxvd1JlZGlyZWN0cz0iVHJ1ZSIgUmVjb3JkUmVzdWx0PSJUcnVlIiBDYWNoZT0iRmFsc2UiIFJlc3BvbnNlVGltZUdvYWw9IjAiIEVuY29kaW5nPSJ1dGYtOCIgRXhwZWN0ZWRIdHRwU3RhdHVzQ29kZT0iMCIgRXhwZWN0ZWRSZXNwb25zZVVybD0iIiBSZXBvcnRpbmdOYW1lPSIiIElnbm9yZUh0dHBTdGF0dXNDb2RlPSJGYWxzZSI+DQogICAgICA8SGVhZGVycz4NCiAgICAgICAgPEhlYWRlciBOYW1lPSJQcmFnbWEiIFZhbHVlPSJuby1jYWNoZSIgLz4NCiAgICAgIDwvSGVhZGVycz4NCiAgICAgIDxTdHJpbmdIdHRwQm9keSBDb250ZW50VHlwZT0iYXBwbGljYXRpb24vanNvbiIgSW5zZXJ0Qnl0ZU9yZGVyTWFyaz0iRmFsc2UiPmV3QWlBR2tBWkFBaUFEb0FJZ0F3QUNJQUxBQWlBR3dBWVFCdUFHY0FkUUJoQUdjQVpRQnpBQ0lBT2dBaUFHVUFiZ0FpQUN3QUlnQjBBR1VBZUFCMEFDSUFPZ0FpQUR3QVJBQkpBRllBSUFCekFIUUFlUUJzQUdVQVBRQmNBQ0lBWWdCaEFHTUFhd0JuQUhJQWJ3QjFBRzRBWkFBNkFDQUFjZ0JuQUdJQUtBQTJBREVBTEFBZ0FEWUFNUUFzQUNBQU5nQXhBQ2tBT3dBZ0FIY0FhUUJrQUhRQWFBQTZBQ0FBTVFBd0FEQUFKUUE3QUNBQWFBQmxBR2tBWndCb0FIUUFPZ0FnQURJQU9BQndBSGdBT3dBZ0FHWUFid0J1QUhRQUxRQnpBR2tBZWdCbEFEb0FJQUF4QURJQWNBQjRBRHNBWEFBaUFENEFQQUJFQUVrQVZnQWdBSE1BZEFCNUFHd0FaUUE5QUZ3QUlnQmpBRzhBYkFCdkFISUFPZ0FnQUhJQVp3QmlBQ2dBTWdBMUFEVUFMQUFnQURJQU5RQTFBQ3dBSUFBeUFEVUFOUUFwQURzQUlBQnNBR2tBYmdCbEFDMEFhQUJsQUdrQVp3Qm9BSFFBT2dBZ0FESUFPQUJ3QUhnQU93QmNBQ0lBUGdBOEFGTUFVQUJCQUU0QUlBQnpBSFFBZVFCc0FHVUFQUUJjQUNJQWJRQmhBSElBWndCcEFHNEFMUUJ5QUdrQVp3Qm9BSFFBT2dBZ0FERUFNQUJ3QUhnQU93QWdBR1lBYkFCdkFHRUFkQUE2QUNBQWNnQnBBR2NBYUFCMEFEc0FYQUFpQUQ0QVBBQlRBRkFBUVFCT0FDQUFhUUJrQUQwQVhBQWlBSE1BYUFCdkFIY0FkUUJ6QUdVQWNnQnVBR0VBYlFCbEFGd0FJZ0ErQUhRQVpRQnpBSFFBTUFBd0FERUFQQUF2QUZNQVVBQkJBRTRBUGdBZ0FId0FJQUJjQUhRQVhBQjBBRndBZEFCY0FIUUFYQUIwQUNBQVBBQkJBQ0FBY3dCMEFIa0FiQUJsQUQwQVhBQWlBR01BYndCc0FHOEFjZ0E2QUNBQWNnQm5BR0lBS0FBeUFEVUFOUUFzQUNBQU1nQTFBRFVBTEFBZ0FESUFOUUExQUNrQU93QmNBQ0lBSUFCdkFHNEFZd0JzQUdrQVl3QnJBRDBBWEFBaUFFTUFTQUJCQUZRQUxnQnNBRzhBWndCdkFIVUFkQUFvQUNrQVhBQWlBQ0FBYUFCeUFHVUFaZ0E5QUZ3QUlnQnFBR0VBZGdCaEFITUFZd0J5QUdrQWNBQjBBRG9BT3dCY0FDSUFQZ0FBa1BwUlBBQXZBRUVBUGdBOEFDOEFVd0JRQUVFQVRnQStBQ0FBSUFBZ0FDQUFJQUFnQUNBQUlBQWdBQ0FBSUFBZ0FDQUFJQUFnQUNBQUlBQThBQzhBUkFCSkFGWUFQZ0E4QUM4QVJBQkpBRllBUGdBOEFFUUFTUUJXQUNBQWFRQmtBRDBBWEFBaUFHUUFid0JqQUZ3QUlnQStBRHdBUkFCSkFGWUFJQUJwQUdRQVBRQmNBQ0lBWXdCb0FHRUFkQUJjQUNJQVBnQThBRVFBU1FCV0FDQUFZd0JzQUdFQWN3QnpBRDBBWEFBaUFHMEFaUUJ6QUhNQVlRQm5BR1VBWEFBaUFDQUFhUUJrQUQwQVhBQWlBRzBBWlFCekFITUFZUUJuQUdVQVhBQWlBRDRBUEFCRUFFa0FWZ0FnQUdrQVpBQTlBRndBSWdCdkFHNEFiQUJwQUc0QVpRQmpBRzhBZFFCdUFIUUFYQUFpQUNBQWN3QjBBSGtBYkFCbEFEMEFYQUFpQUdJQVlRQmpBR3NBWndCeUFHOEFkUUJ1QUdRQU9nQWdBSElBWndCaUFDZ0FNZ0F6QURrQUxBQWdBRElBTXdBNUFDd0FJQUF5QURRQU5BQXBBRHNBSUFCakFHOEFiQUJ2QUhJQU9nQWdBSElBWndCaUFDZ0FNUUF3QURJQUxBQWdBREVBTUFBeUFDd0FJQUF4QURBQU1nQXBBRHNBSUFCbUFHOEFiZ0IwQUMwQWN3QnBBSG9BWlFBNkFDQUFNUUF5QUhBQWVBQTdBQ0FBYlFCaEFISUFad0JwQUc0QUxRQjBBRzhBY0FBNkFDQUFNUUF3QUhBQWVBQTdBQ0FBYlFCaEFISUFad0JwQUc0QUxRQnNBR1VBWmdCMEFEb0FJQUF4QURBQWNBQjRBRHNBWEFBaUFENEFQQUF2QUVRQVNRQldBRDRBUEFBdkFFUUFTUUJXQUQ0QVBBQkVBRWtBVmdBZ0FHTUFiQUJoQUhNQWN3QTlBRndBSWdCcEFHNEFjQUIxQUhRQUxRQmlBRzhBZUFCY0FDSUFQZ0E4QUVRQVNRQldBQ0FBWXdCc0FHRUFjd0J6QUQwQVhBQWlBR2tBYmdCd0FIVUFkQUJjQUNJQVBnQThBRWtBVGdCUUFGVUFWQUFnQUc0QVlRQnRBR1VBUFFCY0FDSUFZd0J2QUc0QWRBQmxBRzRBZEFCY0FDSUFJQUJwQUdRQVBRQmNBQ0lBWXdCdkFHNEFkQUJsQUc0QWRBQmNBQ0lBSUFCMEFIa0FjQUJsQUQwQVhBQWlBSFFBWlFCNEFIUUFYQUFpQUNBQWJRQmhBSGdBYkFCbEFHNEFad0IwQUdnQVBRQmNBQ0lBTVFBMEFEQUFYQUFpQUNBQWNBQnNBR0VBWXdCbEFHZ0Fid0JzQUdRQVpRQnlBRDBBWEFBaUFQZUxrNDlsVVVxQUtWbUZVYmxiRFA4SlkwTUFkQUJ5QUd3QTBHT2tUbHdBSWdBK0FDQUFJQUFnQUNBQUlBQWdBQ0FBSUFBZ0FDQUFJQUFnQUNBQUlBQWdBQ0FBSUFBZ0FDQUFJQUFnQUNBQUlBQWdBQ0FBUEFBdkFFUUFTUUJXQUQ0QVBBQkVBRWtBVmdBZ0FHTUFiQUJoQUhNQWN3QTlBRndBSWdCaEFHTUFkQUJwQUc4QWJnQmNBQ0lBUGdBOEFFSUFWUUJVQUZRQVR3Qk9BQ0FBYVFCa0FEMEFYQUFpQUcwQWFnQnlBRjhBY3dCbEFHNEFaQUJjQUNJQUlBQnZBRzRBWXdCc0FHa0FZd0JyQUQwQVhBQWlBRU1BU0FCQkFGUUFMZ0J6QUhVQVlnQnRBR2tBZEFBb0FDa0FPd0JjQUNJQUlBQjBBSGtBY0FCbEFEMEFYQUFpQUdJQWRRQjBBSFFBYndCdUFGd0FJZ0ErQU5CanBFNDhBQzhBUWdCVkFGUUFWQUJQQUU0QVBnQWdBQ0FBSUFBZ0FDQUFJQUFnQUNBQUlBQWdBQ0FBSUFBZ0FDQUFJQUFnQUNBQUlBQWdBQ0FBSUFBZ0FDQUFJQUFnQUR3QUx3QkVBRWtBVmdBK0FEd0FSQUJKQUZZQUlBQnpBSFFBZVFCc0FHVUFQUUJjQUNJQWJBQmxBR1lBZEFBNkFDQUFNUUF3QUhBQWVBQTdBQ0FBZEFCdkFIQUFPZ0FnQURRQU5RQndBSGdBT3dBZ0FIY0FhUUJrQUhRQWFBQTZBQ0FBTVFBd0FEQUFKUUE3QUNBQVpnQnZBRzRBZEFBdEFITUFhUUI2QUdVQU9nQWdBREVBTWdCd0FIZ0FPd0FnQUdZQWJBQnZBR0VBZEFBNkFDQUFiQUJsQUdZQWRBQTdBQ0FBY0FCdkFITUFhUUIwQUdrQWJ3QnVBRG9BSUFCaEFHSUFjd0J2QUd3QWRRQjBBR1VBT3dCY0FDSUFQZ0E4QUZBQVBnQ0NXWnhuMlk4cVRrUUFaUUJ0QUc4QStWdGdUd2xuTGw2cFVnei9QQUJCQUNBQWFBQnlBR1VBWmdBOUFGd0FJZ0JvQUhRQWRBQndBSE1BT2dBdkFDOEFad0JwQUhRQWFBQjFBR0lBTGdCakFHOEFiUUF2QUhBQWJBQm9BSGNBYVFCdUFGd0FJZ0FnQUhRQVlRQnlBR2NBWlFCMEFEMEFYQUFpQUY4QVlnQnNBR0VBYmdCckFGd0FJZ0ErQVBlTE1GSkhBR2tBZEFCb0FIVUFZZ0J6VWVoc0VXSThBQzhBUVFBK0FEd0FMd0JRQUQ0QVBBQlFBRDRBV1dVTGVoci9QQUJCQUNBQWFBQnlBR1VBWmdBOUFGd0FJZ0JvQUhRQWRBQndBRG9BTHdBdkFIY0Fkd0IzQUM0QWNBQnNBR2dBZHdCcEFHNEFMZ0JqQUc4QWJRQXZBRElBTUFBeEFEUUFMd0F3QURVQUx3QXlBRGdBTHdCdUFHOEFaQUJsQUdvQWN3QXRBSE1BYndCakFHc0FaUUIwQUdrQWJ3QXZBRndBSWdBZ0FIUUFZUUJ5QUdjQVpRQjBBRDBBWEFBaUFGOEFZZ0JzQUdFQWJnQnJBRndBSWdBK0FHZ0FkQUIwQUhBQU9nQXZBQzhBZHdCM0FIY0FMZ0J3QUd3QWFBQjNBR2tBYmdBdUFHTUFid0J0QUM4QU1nQXdBREVBTkFBdkFEQUFOUUF2QURJQU9BQXZBRzRBYndCa0FHVUFhZ0J6QUMwQWN3QnZBR01BYXdCbEFIUUFhUUJ2QUM4QVBBQXZBRUVBUGdBOEFDOEFVQUErQUR3QVVBQStBSkJ1QVhnYS96d0FRUUFnQUdnQWNnQmxBR1lBUFFCY0FDSUFhQUIwQUhRQWNBQnpBRG9BTHdBdkFHY0FhUUIwQUdnQWRRQmlBQzRBWXdCdkFHMEFMd0J3QUd3QWFBQjNBR2tBYmdBdkFHNEFid0JrQUdVQWFnQnpBQzBBY3dCdkFHTUFhd0JsQUhRQWFRQnZBQzBBWXdCb0FHRUFkQUJjQUNJQUlBQjBBR0VBY2dCbkFHVUFkQUE5QUZ3QUlnQmZBR0lBYkFCaEFHNEFhd0JjQUNJQVBnQm9BSFFBZEFCd0FITUFPZ0F2QUM4QVp3QnBBSFFBYUFCMUFHSUFMZ0JqQUc4QWJRQXZBSEFBYkFCb0FIY0FhUUJ1QUM4QWJnQnZBR1FBWlFCcUFITUFMUUJ6QUc4QVl3QnJBR1VBZEFCcEFHOEFMUUJqQUdnQVlRQjBBRHdBTHdCQkFENEFQQUF2QUZBQVBnQThBQzhBUkFCSkFGWUFQZ0E4QUM4QVJBQkpBRllBUGdBOEFDOEFSQUJKQUZZQVBnQThBQzhBUkFCSkFGWUFQZ0FpQUN3QUlnQjFBSElBYkFBaUFEb0FJZ0JtQUdrQWJBQmxBRG9BTHdBdkFFUUFPZ0JjQUZ3QVN3QnVBRzhBZHdCc0FHVUFaQUJuQUdVQVF3QmxBRzRBZEFCbEFISUFYQUJjQUZNQWJ3QjFBSElBWXdCbEFFTUFid0JrQUdVQVhBQmNBRzRBYndCa0FHVUFhZ0J6QUMwQWN3QnZBR01BYXdCbEFIUUFhUUJ2QUMwQVl3Qm9BR0VBZEFCY0FGd0FZd0JzQUdrQVpRQnVBSFFBWEFCY0FHa0FiZ0JrQUdVQWVBQXVBR2dBZEFCdEFHd0FJZ0I5QUFvQTwvU3RyaW5nSHR0cEJvZHk+DQogICAgPC9SZXF1ZXN0Pg0KICAgIDxSZXF1ZXN0IE1ldGhvZD0iR0VUIiBHdWlkPSIxNDlhNzE1ZC02NzcwLTRhM2QtOGE4Mi1jYmFiYzUyNTU1ZDMiIFZlcnNpb249IjEuMSIgVXJsPSJodHRwOi8vMTI3LjAuMC4xOjgwODgvc29ja2V0LmlvLyIgVGhpbmtUaW1lPSIwIiBUaW1lb3V0PSIzMDAiIFBhcnNlRGVwZW5kZW50UmVxdWVzdHM9IlRydWUiIEZvbGxvd1JlZGlyZWN0cz0iVHJ1ZSIgUmVjb3JkUmVzdWx0PSJUcnVlIiBDYWNoZT0iRmFsc2UiIFJlc3BvbnNlVGltZUdvYWw9IjAiIEVuY29kaW5nPSJ1dGYtOCIgRXhwZWN0ZWRIdHRwU3RhdHVzQ29kZT0iMCIgRXhwZWN0ZWRSZXNwb25zZVVybD0iIiBSZXBvcnRpbmdOYW1lPSIiIElnbm9yZUh0dHBTdGF0dXNDb2RlPSJGYWxzZSI+DQogICAgICA8UXVlcnlTdHJpbmdQYXJhbWV0ZXJzPg0KICAgICAgICA8UXVlcnlTdHJpbmdQYXJhbWV0ZXIgTmFtZT0iRUlPIiBWYWx1ZT0iMyIgUmVjb3JkZWRWYWx1ZT0iMyIgQ29ycmVsYXRpb25CaW5kaW5nPSIiIFVybEVuY29kZT0iRmFsc2UiIFVzZVRvR3JvdXBSZXN1bHRzPSJGYWxzZSIgLz4NCiAgICAgICAgPFF1ZXJ5U3RyaW5nUGFyYW1ldGVyIE5hbWU9InRyYW5zcG9ydCIgVmFsdWU9IndlYnNvY2tldCIgUmVjb3JkZWRWYWx1ZT0id2Vic29ja2V0IiBDb3JyZWxhdGlvbkJpbmRpbmc9IiIgVXJsRW5jb2RlPSJGYWxzZSIgVXNlVG9Hcm91cFJlc3VsdHM9IkZhbHNlIiAvPg0KICAgICAgICA8UXVlcnlTdHJpbmdQYXJhbWV0ZXIgTmFtZT0ic2lkIiBWYWx1ZT0iTGF1TEI5SE5uSFU0Vkd3aEFBQUUiIFJlY29yZGVkVmFsdWU9IkxhdUxCOUhObkhVNFZHd2hBQUFFIiBDb3JyZWxhdGlvbkJpbmRpbmc9IiIgVXJsRW5jb2RlPSJGYWxzZSIgVXNlVG9Hcm91cFJlc3VsdHM9IkZhbHNlIiAvPg0KICAgICAgPC9RdWVyeVN0cmluZ1BhcmFtZXRlcnM+DQogICAgPC9SZXF1ZXN0Pg0KICAgIDxSZXF1ZXN0IE1ldGhvZD0iR0VUIiBHdWlkPSIyM2Y4YmRlZS03ZGVkLTQ4NDgtYTE0ZS01ZTU4MjVkZGFhMGMiIFZlcnNpb249IjEuMSIgVXJsPSJodHRwOi8vMTI3LjAuMC4xOjgwODgvc29ja2V0LmlvLyIgVGhpbmtUaW1lPSIwIiBUaW1lb3V0PSIzMDAiIFBhcnNlRGVwZW5kZW50UmVxdWVzdHM9IlRydWUiIEZvbGxvd1JlZGlyZWN0cz0iVHJ1ZSIgUmVjb3JkUmVzdWx0PSJUcnVlIiBDYWNoZT0iRmFsc2UiIFJlc3BvbnNlVGltZUdvYWw9IjAiIEVuY29kaW5nPSJ1dGYtOCIgRXhwZWN0ZWRIdHRwU3RhdHVzQ29kZT0iMCIgRXhwZWN0ZWRSZXNwb25zZVVybD0iIiBSZXBvcnRpbmdOYW1lPSIiIElnbm9yZUh0dHBTdGF0dXNDb2RlPSJGYWxzZSI+DQogICAgICA8UXVlcnlTdHJpbmdQYXJhbWV0ZXJzPg0KICAgICAgICA8UXVlcnlTdHJpbmdQYXJhbWV0ZXIgTmFtZT0iRUlPIiBWYWx1ZT0iMyIgUmVjb3JkZWRWYWx1ZT0iMyIgQ29ycmVsYXRpb25CaW5kaW5nPSIiIFVybEVuY29kZT0iRmFsc2UiIFVzZVRvR3JvdXBSZXN1bHRzPSJGYWxzZSIgLz4NCiAgICAgICAgPFF1ZXJ5U3RyaW5nUGFyYW1ldGVyIE5hbWU9InRyYW5zcG9ydCIgVmFsdWU9InBvbGxpbmciIFJlY29yZGVkVmFsdWU9InBvbGxpbmciIENvcnJlbGF0aW9uQmluZGluZz0iIiBVcmxFbmNvZGU9IkZhbHNlIiBVc2VUb0dyb3VwUmVzdWx0cz0iRmFsc2UiIC8+DQogICAgICAgIDxRdWVyeVN0cmluZ1BhcmFtZXRlciBOYW1lPSJ0IiBWYWx1ZT0iTExKMHA3RiIgUmVjb3JkZWRWYWx1ZT0iTExKMHA3RiIgQ29ycmVsYXRpb25CaW5kaW5nPSIiIFVybEVuY29kZT0iRmFsc2UiIFVzZVRvR3JvdXBSZXN1bHRzPSJGYWxzZSIgLz4NCiAgICAgICAgPFF1ZXJ5U3RyaW5nUGFyYW1ldGVyIE5hbWU9InNpZCIgVmFsdWU9IkxhdUxCOUhObkhVNFZHd2hBQUFFIiBSZWNvcmRlZFZhbHVlPSJMYXVMQjlITm5IVTRWR3doQUFBRSIgQ29ycmVsYXRpb25CaW5kaW5nPSIiIFVybEVuY29kZT0iRmFsc2UiIFVzZVRvR3JvdXBSZXN1bHRzPSJGYWxzZSIgLz4NCiAgICAgIDwvUXVlcnlTdHJpbmdQYXJhbWV0ZXJzPg0KICAgIDwvUmVxdWVzdD4NCiAgICA8UmVxdWVzdCBNZXRob2Q9IlBPU1QiIEd1aWQ9IjYwYzczYWJiLTY2ODAtNGM5NC1hZTdjLTE4MWVmM2QwZjI4ZCIgVmVyc2lvbj0iMS4xIiBVcmw9Imh0dHA6Ly8xMjcuMC4wLjE6ODA4OC9zb2NrZXQuaW8vIiBUaGlua1RpbWU9IjAiIFRpbWVvdXQ9IjMwMCIgUGFyc2VEZXBlbmRlbnRSZXF1ZXN0cz0iVHJ1ZSIgRm9sbG93UmVkaXJlY3RzPSJUcnVlIiBSZWNvcmRSZXN1bHQ9IlRydWUiIENhY2hlPSJGYWxzZSIgUmVzcG9uc2VUaW1lR29hbD0iMCIgRW5jb2Rpbmc9InV0Zi04IiBFeHBlY3RlZEh0dHBTdGF0dXNDb2RlPSIwIiBFeHBlY3RlZFJlc3BvbnNlVXJsPSIiIFJlcG9ydGluZ05hbWU9IiIgSWdub3JlSHR0cFN0YXR1c0NvZGU9IkZhbHNlIj4NCiAgICAgIDxRdWVyeVN0cmluZ1BhcmFtZXRlcnM+DQogICAgICAgIDxRdWVyeVN0cmluZ1BhcmFtZXRlciBOYW1lPSJFSU8iIFZhbHVlPSIzIiBSZWNvcmRlZFZhbHVlPSIzIiBDb3JyZWxhdGlvbkJpbmRpbmc9IiIgVXJsRW5jb2RlPSJGYWxzZSIgVXNlVG9Hcm91cFJlc3VsdHM9IkZhbHNlIiAvPg0KICAgICAgICA8UXVlcnlTdHJpbmdQYXJhbWV0ZXIgTmFtZT0idHJhbnNwb3J0IiBWYWx1ZT0icG9sbGluZyIgUmVjb3JkZWRWYWx1ZT0icG9sbGluZyIgQ29ycmVsYXRpb25CaW5kaW5nPSIiIFVybEVuY29kZT0iRmFsc2UiIFVzZVRvR3JvdXBSZXN1bHRzPSJGYWxzZSIgLz4NCiAgICAgICAgPFF1ZXJ5U3RyaW5nUGFyYW1ldGVyIE5hbWU9InQiIFZhbHVlPSJMTEowcDduIiBSZWNvcmRlZFZhbHVlPSJMTEowcDduIiBDb3JyZWxhdGlvbkJpbmRpbmc9IiIgVXJsRW5jb2RlPSJGYWxzZSIgVXNlVG9Hcm91cFJlc3VsdHM9IkZhbHNlIiAvPg0KICAgICAgICA8UXVlcnlTdHJpbmdQYXJhbWV0ZXIgTmFtZT0ic2lkIiBWYWx1ZT0iTGF1TEI5SE5uSFU0Vkd3aEFBQUUiIFJlY29yZGVkVmFsdWU9IkxhdUxCOUhObkhVNFZHd2hBQUFFIiBDb3JyZWxhdGlvbkJpbmRpbmc9IiIgVXJsRW5jb2RlPSJGYWxzZSIgVXNlVG9Hcm91cFJlc3VsdHM9IkZhbHNlIiAvPg0KICAgICAgPC9RdWVyeVN0cmluZ1BhcmFtZXRlcnM+DQogICAgICA8U3RyaW5nSHR0cEJvZHkgQ29udGVudFR5cGU9InRleHQvcGxhaW47Y2hhcnNldD1VVEYtOCIgSW5zZXJ0Qnl0ZU9yZGVyTWFyaz0iRmFsc2UiPk5nQXlBRG9BTkFBeUFGc0FJZ0JzQUc4QVp3QnBBRzRBSWdBc0FIc0FJZ0IxQUhNQVpRQnlBR2tBWkFBaUFEb0FJZ0F4QURRQU5nQTFBRGtBTndBMkFEVUFOZ0EyQURFQU53QTBBRE1BTmdBNEFDSUFMQUFpQUhVQWN3QmxBSElBYmdCaEFHMEFaUUFpQURvQUlnQjBBR1VBY3dCMEFEQUFNQUF4QUNJQWZRQmRBQT09PC9TdHJpbmdIdHRwQm9keT4NCiAgICA8L1JlcXVlc3Q+DQogICAgPFJlcXVlc3QgTWV0aG9kPSJHRVQiIEd1aWQ9IjZlZmZjNTExLTBlZmItNGY1Yy05ODFlLWMxNGYwYjBiNDJjMCIgVmVyc2lvbj0iMS4xIiBVcmw9Imh0dHA6Ly8xMjcuMC4wLjE6ODA4OC9zb2NrZXQuaW8vIiBUaGlua1RpbWU9IjAiIFRpbWVvdXQ9IjMwMCIgUGFyc2VEZXBlbmRlbnRSZXF1ZXN0cz0iVHJ1ZSIgRm9sbG93UmVkaXJlY3RzPSJUcnVlIiBSZWNvcmRSZXN1bHQ9IlRydWUiIENhY2hlPSJGYWxzZSIgUmVzcG9uc2VUaW1lR29hbD0iMCIgRW5jb2Rpbmc9InV0Zi04IiBFeHBlY3RlZEh0dHBTdGF0dXNDb2RlPSIwIiBFeHBlY3RlZFJlc3BvbnNlVXJsPSIiIFJlcG9ydGluZ05hbWU9IiIgSWdub3JlSHR0cFN0YXR1c0NvZGU9IkZhbHNlIj4NCiAgICAgIDxRdWVyeVN0cmluZ1BhcmFtZXRlcnM+DQogICAgICAgIDxRdWVyeVN0cmluZ1BhcmFtZXRlciBOYW1lPSJFSU8iIFZhbHVlPSIzIiBSZWNvcmRlZFZhbHVlPSIzIiBDb3JyZWxhdGlvbkJpbmRpbmc9IiIgVXJsRW5jb2RlPSJGYWxzZSIgVXNlVG9Hcm91cFJlc3VsdHM9IkZhbHNlIiAvPg0KICAgICAgICA8UXVlcnlTdHJpbmdQYXJhbWV0ZXIgTmFtZT0idHJhbnNwb3J0IiBWYWx1ZT0icG9sbGluZyIgUmVjb3JkZWRWYWx1ZT0icG9sbGluZyIgQ29ycmVsYXRpb25CaW5kaW5nPSIiIFVybEVuY29kZT0iRmFsc2UiIFVzZVRvR3JvdXBSZXN1bHRzPSJGYWxzZSIgLz4NCiAgICAgICAgPFF1ZXJ5U3RyaW5nUGFyYW1ldGVyIE5hbWU9InQiIFZhbHVlPSJMTEowcDdwIiBSZWNvcmRlZFZhbHVlPSJMTEowcDdwIiBDb3JyZWxhdGlvbkJpbmRpbmc9IiIgVXJsRW5jb2RlPSJGYWxzZSIgVXNlVG9Hcm91cFJlc3VsdHM9IkZhbHNlIiAvPg0KICAgICAgICA8UXVlcnlTdHJpbmdQYXJhbWV0ZXIgTmFtZT0ic2lkIiBWYWx1ZT0iTGF1TEI5SE5uSFU0Vkd3aEFBQUUiIFJlY29yZGVkVmFsdWU9IkxhdUxCOUhObkhVNFZHd2hBQUFFIiBDb3JyZWxhdGlvbkJpbmRpbmc9IiIgVXJsRW5jb2RlPSJGYWxzZSIgVXNlVG9Hcm91cFJlc3VsdHM9IkZhbHNlIiAvPg0KICAgICAgPC9RdWVyeVN0cmluZ1BhcmFtZXRlcnM+DQogICAgPC9SZXF1ZXN0Pg0KICAgIDxSZXF1ZXN0IE1ldGhvZD0iUE9TVCIgR3VpZD0iY2U5MzQ4ZTQtMjQ4ZS00M2Y4LWI3ZWYtOTdmYTlmYWUxNWE2IiBWZXJzaW9uPSIxLjEiIFVybD0iaHR0cHM6Ly9sb2NhbGhvc3Q6MjYxNDMvc2t5cGVjdG9jL3YxL3Buci9wYXJzZSIgVGhpbmtUaW1lPSIxMSIgVGltZW91dD0iMzAwIiBQYXJzZURlcGVuZGVudFJlcXVlc3RzPSJUcnVlIiBGb2xsb3dSZWRpcmVjdHM9IlRydWUiIFJlY29yZFJlc3VsdD0iVHJ1ZSIgQ2FjaGU9IkZhbHNlIiBSZXNwb25zZVRpbWVHb2FsPSIwIiBFbmNvZGluZz0idXRmLTgiIEV4cGVjdGVkSHR0cFN0YXR1c0NvZGU9IjAiIEV4cGVjdGVkUmVzcG9uc2VVcmw9IiIgUmVwb3J0aW5nTmFtZT0iIiBJZ25vcmVIdHRwU3RhdHVzQ29kZT0iRmFsc2UiPg0KICAgICAgPEhlYWRlcnM+DQogICAgICAgIDxIZWFkZXIgTmFtZT0iUHJhZ21hIiBWYWx1ZT0ibm8tY2FjaGUiIC8+DQogICAgICA8L0hlYWRlcnM+DQogICAgICA8U3RyaW5nSHR0cEJvZHkgQ29udGVudFR5cGU9ImFwcGxpY2F0aW9uL2pzb24iIEluc2VydEJ5dGVPcmRlck1hcms9IkZhbHNlIj5ld0FpQUdrQVpBQWlBRG9BSWdBd0FDSUFMQUFpQUd3QVlRQnVBR2NBZFFCaEFHY0FaUUJ6QUNJQU9nQWlBR1VBYmdBaUFDd0FJZ0IwQUdVQWVBQjBBQ0lBT2dBaUFEd0FSQUJKQUZZQUlBQnBBR1FBUFFCY0FDSUFid0J1QUd3QWFRQnVBR1VBWXdCdkFIVUFiZ0IwQUZ3QUlnQWdBSE1BZEFCNUFHd0FaUUE5QUZ3QUlnQmlBR0VBWXdCckFHY0FjZ0J2QUhVQWJnQmtBRG9BSUFCeUFHY0FZZ0FvQURJQU13QTVBQ3dBSUFBeUFETUFPUUFzQUNBQU1nQTBBRFFBS1FBN0FDQUFZd0J2QUd3QWJ3QnlBRG9BSUFCeUFHY0FZZ0FvQURFQU1BQXlBQ3dBSUFBeEFEQUFNZ0FzQUNBQU1RQXdBRElBS1FBN0FDQUFaZ0J2QUc0QWRBQXRBSE1BYVFCNkFHVUFPZ0FnQURFQU1nQndBSGdBT3dBZ0FHMEFZUUJ5QUdjQWFRQnVBQzBBZEFCdkFIQUFPZ0FnQURFQU1BQndBSGdBT3dBZ0FHMEFZUUJ5QUdjQWFRQnVBQzBBYkFCbEFHWUFkQUE2QUNBQU1RQXdBSEFBZUFBN0FGd0FJZ0ErQUZOZlRWSnhVUWxuSUFBeEFDQUF1azRvVjc5K0RQOG9WNzkrRjFKb2lCci9kQUJsQUhNQWRBQXdBREFBTVFBOEFDOEFSQUJKQUZZQVBnQThBRk1BUlFCREFGUUFTUUJQQUU0QUlBQmpBR3dBWVFCekFITUFQUUJjQUNJQWN3QjVBSE1BZEFCbEFHMEFJQUJLQUMwQWJRQnFBSElBYkFCcEFHNEFhd0JYQUhJQVlRQndBQ0FBU2dBdEFHTUFkUUIwQUUwQWN3Qm5BRndBSWdBK0FEd0FSQUJKQUZZQUlBQmpBR3dBWVFCekFITUFQUUJjQUNJQWJRQnpBR2NBTFFCekFIa0Fjd0IwQUdVQWJRQmNBQ0lBUGdCMEFHVUFjd0IwQURBQU1BQXhBQ0FBb0ZKbFVZWk9Tb0FwV2FSYlBBQXZBRVFBU1FCV0FENEFQQUF2QUZNQVJRQkRBRlFBU1FCUEFFNEFQZ0FpQUN3QUlnQjFBSElBYkFBaUFEb0FJZ0JtQUdrQWJBQmxBRG9BTHdBdkFFUUFPZ0JjQUZ3QVN3QnVBRzhBZHdCc0FHVUFaQUJuQUdVQVF3QmxBRzRBZEFCbEFISUFYQUJjQUZNQWJ3QjFBSElBWXdCbEFFTUFid0JrQUdVQVhBQmNBRzRBYndCa0FHVUFhZ0J6QUMwQWN3QnZBR01BYXdCbEFIUUFhUUJ2QUMwQVl3Qm9BR0VBZEFCY0FGd0FZd0JzQUdrQVpRQnVBSFFBWEFCY0FHa0FiZ0JrQUdVQWVBQXVBR2dBZEFCdEFHd0FJZ0I5QUFvQTwvU3RyaW5nSHR0cEJvZHk+DQogICAgPC9SZXF1ZXN0Pg0KICAgIDxSZXF1ZXN0IE1ldGhvZD0iUE9TVCIgR3VpZD0iY2E0NTdiZGYtNmY5Ny00OGY2LTlhNzYtMTQxOGZhMzY1NjQ1IiBWZXJzaW9uPSIxLjEiIFVybD0iaHR0cHM6Ly9sb2NhbGhvc3Q6MjYxNDMvc2t5cGVjdG9jL3YxL3Buci9wYXJzZSIgVGhpbmtUaW1lPSIxMSIgVGltZW91dD0iMzAwIiBQYXJzZURlcGVuZGVudFJlcXVlc3RzPSJUcnVlIiBGb2xsb3dSZWRpcmVjdHM9IlRydWUiIFJlY29yZFJlc3VsdD0iVHJ1ZSIgQ2FjaGU9IkZhbHNlIiBSZXNwb25zZVRpbWVHb2FsPSIwIiBFbmNvZGluZz0idXRmLTgiIEV4cGVjdGVkSHR0cFN0YXR1c0NvZGU9IjAiIEV4cGVjdGVkUmVzcG9uc2VVcmw9IiIgUmVwb3J0aW5nTmFtZT0iIiBJZ25vcmVIdHRwU3RhdHVzQ29kZT0iRmFsc2UiPg0KICAgICAgPEhlYWRlcnM+DQogICAgICAgIDxIZWFkZXIgTmFtZT0iUHJhZ21hIiBWYWx1ZT0ibm8tY2FjaGUiIC8+DQogICAgICA8L0hlYWRlcnM+DQogICAgICA8U3RyaW5nSHR0cEJvZHkgQ29udGVudFR5cGU9ImFwcGxpY2F0aW9uL2pzb24iIEluc2VydEJ5dGVPcmRlck1hcms9IkZhbHNlIj5ld0FpQUdrQVpBQWlBRG9BSWdBd0FDSUFMQUFpQUd3QVlRQnVBR2NBZFFCaEFHY0FaUUJ6QUNJQU9nQWlBR1VBYmdBaUFDd0FJZ0IwQUdVQWVBQjBBQ0lBT2dBaUFEd0FVd0JGQUVNQVZBQkpBRThBVGdBZ0FHTUFiQUJoQUhNQWN3QTlBRndBSWdCMUFITUFaUUJ5QUZ3QUlnQStBRHdBUkFCSkFGWUFQZ0JvQUdrQVBBQXZBRVFBU1FCV0FENEFQQUJUQUZBQVFRQk9BRDRBZEFCbEFITUFkQUF3QURBQU1RQThBQzhBVXdCUUFFRUFUZ0ErQUR3QUx3QlRBRVVBUXdCVUFFa0FUd0JPQUQ0QUlnQXNBQ0lBZFFCeUFHd0FJZ0E2QUNJQVpnQnBBR3dBWlFBNkFDOEFMd0JFQURvQVhBQmNBRXNBYmdCdkFIY0FiQUJsQUdRQVp3QmxBRU1BWlFCdUFIUUFaUUJ5QUZ3QVhBQlRBRzhBZFFCeUFHTUFaUUJEQUc4QVpBQmxBRndBWEFCdUFHOEFaQUJsQUdvQWN3QXRBSE1BYndCakFHc0FaUUIwQUdrQWJ3QXRBR01BYUFCaEFIUUFYQUJjQUdNQWJBQnBBR1VBYmdCMEFGd0FYQUJwQUc0QVpBQmxBSGdBTGdCb0FIUUFiUUJzQUNJQWZRQUtBQT09PC9TdHJpbmdIdHRwQm9keT4NCiAgICA8L1JlcXVlc3Q+DQogICAgPFJlcXVlc3QgTWV0aG9kPSJQT1NUIiBHdWlkPSI2ZDIyZGQ2Yy1lMWMxLTQyYjUtYTU2OC05ZmM1MDBkYzk0ZGEiIFZlcnNpb249IjEuMSIgVXJsPSJodHRwczovL2xvY2FsaG9zdDoyNjE0My9za3lwZWN0b2MvdjEvcG5yL3BhcnNlIiBUaGlua1RpbWU9IjAiIFRpbWVvdXQ9IjMwMCIgUGFyc2VEZXBlbmRlbnRSZXF1ZXN0cz0iVHJ1ZSIgRm9sbG93UmVkaXJlY3RzPSJUcnVlIiBSZWNvcmRSZXN1bHQ9IlRydWUiIENhY2hlPSJGYWxzZSIgUmVzcG9uc2VUaW1lR29hbD0iMCIgRW5jb2Rpbmc9InV0Zi04IiBFeHBlY3RlZEh0dHBTdGF0dXNDb2RlPSIwIiBFeHBlY3RlZFJlc3BvbnNlVXJsPSIiIFJlcG9ydGluZ05hbWU9IiIgSWdub3JlSHR0cFN0YXR1c0NvZGU9IkZhbHNlIj4NCiAgICAgIDxIZWFkZXJzPg0KICAgICAgICA8SGVhZGVyIE5hbWU9IlByYWdtYSIgVmFsdWU9Im5vLWNhY2hlIiAvPg0KICAgICAgPC9IZWFkZXJzPg0KICAgICAgPFN0cmluZ0h0dHBCb2R5IENvbnRlbnRUeXBlPSJhcHBsaWNhdGlvbi9qc29uIiBJbnNlcnRCeXRlT3JkZXJNYXJrPSJGYWxzZSI+ZXdBaUFHa0FaQUFpQURvQUlnQXdBQ0lBTEFBaUFHd0FZUUJ1QUdjQWRRQmhBR2NBWlFCekFDSUFPZ0FpQUdVQWJnQWlBQ3dBSWdCMEFHVUFlQUIwQUNJQU9nQWlBRHdBUkFCSkFGWUFJQUJwQUdRQVBRQmNBQ0lBYkFCdkFHY0FhUUJ1QUdJQWJ3QjRBRndBSWdBK0FEd0FSQUJKQUZZQUlBQnpBSFFBZVFCc0FHVUFQUUJjQUNJQWJRQmhBSElBWndCcEFHNEFPZ0FnQURJQU1BQXdBSEFBZUFBZ0FHRUFkUUIwQUc4QU93QWdBSGNBYVFCa0FIUUFhQUE2QUNBQU1nQTJBREFBY0FCNEFEc0FYQUFpQUQ0QTk0dElVWk9QWlZGZ1R5aFhTb0FwV2FSYmhIWTFadkI1SUFBZ0FDQUFJQUFnQUNBQUlBQWdBQ0FBSUFBZ0FDQUFJQUFnQUNBQUlBQWdBRHdBUWdCU0FENEFQQUJDQUZJQVBnQThBRWtBVGdCUUFGVUFWQUFnQUc0QVlRQnRBR1VBUFFCY0FDSUFkUUJ6QUdVQWNnQnVBR0VBYlFCbEFGd0FJZ0FnQUdrQVpBQTlBRndBSWdCMUFITUFaUUJ5QUc0QVlRQnRBR1VBWEFBaUFDQUFjd0IwQUhrQWJBQmxBRDBBWEFBaUFIY0FhUUJrQUhRQWFBQTZBQ0FBTVFBNEFEQUFjQUI0QURzQVhBQWlBQ0FBZEFCNUFIQUFaUUE5QUZ3QUlnQjBBR1VBZUFCMEFGd0FJZ0FnQUhBQWJBQmhBR01BWlFCb0FHOEFiQUJrQUdVQWNnQTlBRndBSWdEM2k1T1BaVkVvZFRkaURWUmNBQ0lBUGdCY0FIUUFYQUIwQUZ3QWRBQmNBSFFBSUFBOEFFa0FUZ0JRQUZVQVZBQWdBSE1BZEFCNUFHd0FaUUE5QUZ3QUlnQjNBR2tBWkFCMEFHZ0FPZ0FnQURVQU1BQndBSGdBT3dCY0FDSUFJQUJ2QUc0QVl3QnNBR2tBWXdCckFEMEFYQUFpQUVNQVNBQkJBRlFBTGdCMUFITUFaUUJ5QUc0QVlRQnRBR1VBVXdCMUFHSUFiUUJwQUhRQUtBQXBBRHNBWEFBaUFDQUFkQUI1QUhBQVpRQTlBRndBSWdCaUFIVUFkQUIwQUc4QWJnQmNBQ0lBSUFCMkFHRUFiQUIxQUdVQVBRQmNBQ0lBMEdPa1Rsd0FJZ0ErQUNBQUlBQWdBQ0FBSUFBZ0FDQUFJQUFnQUNBQUlBQWdBQ0FBUEFBdkFFUUFTUUJXQUQ0QVBBQXZBRVFBU1FCV0FENEFQQUJFQUVrQVZnQWdBR2tBWkFBOUFGd0FJZ0JqQUdnQVlRQjBBR0lBYndCNEFGd0FJZ0FnQUhNQWRBQjVBR3dBWlFBOUFGd0FJZ0JrQUdrQWN3QndBR3dBWVFCNUFEb0FJQUJ1QUc4QWJnQmxBRHNBWEFBaUFENEFQQUJFQUVrQVZnQWdBSE1BZEFCNUFHd0FaUUE5QUZ3QUlnQmlBR0VBWXdCckFHY0FjZ0J2QUhVQWJnQmtBRG9BSUFCeUFHY0FZZ0FvQURZQU1RQXNBQ0FBTmdBeEFDd0FJQUEyQURFQUtRQTdBQ0FBZHdCcEFHUUFkQUJvQURvQUlBQXhBREFBTUFBbEFEc0FJQUJvQUdVQWFRQm5BR2dBZEFBNkFDQUFNZ0E0QUhBQWVBQTdBQ0FBWmdCdkFHNEFkQUF0QUhNQWFRQjZBR1VBT2dBZ0FERUFNZ0J3QUhnQU93QmNBQ0lBUGdBOEFFUUFTUUJXQUNBQWN3QjBBSGtBYkFCbEFEMEFYQUFpQUdNQWJ3QnNBRzhBY2dBNkFDQUFjZ0JuQUdJQUtBQXlBRFVBTlFBc0FDQUFNZ0ExQURVQUxBQWdBRElBTlFBMUFDa0FPd0FnQUd3QWFRQnVBR1VBTFFCb0FHVUFhUUJuQUdnQWRBQTZBQ0FBTWdBNEFIQUFlQUE3QUZ3QUlnQStBRHdBVXdCUUFFRUFUZ0FnQUhNQWRBQjVBR3dBWlFBOUFGd0FJZ0IwQUdVQWVBQjBBQzBBWVFCc0FHa0Fad0J1QURvQUlBQnNBR1VBWmdCMEFEc0FJQUJ0QUdFQWNnQm5BR2tBYmdBdEFHd0FaUUJtQUhRQU9nQWdBREVBTUFCd0FIZ0FPd0JjQUNJQVBnQlhBR1VBWWdCekFHOEFZd0JyQUdVQWRBQWFXYnBPU29BcFdhUmJQQUF2QUZNQVVBQkJBRTRBUGdBZ0FDQUFJQUFnQUNBQUlBQWdBQ0FBSUFBZ0FDQUFJQUFnQUNBQUlBQWdBQ0FBSUFBZ0FDQUFJQUE4QUZNQVVBQkJBRTRBSUFCekFIUUFlUUJzQUdVQVBRQmNBQ0lBYlFCaEFISUFad0JwQUc0QUxRQnlBR2tBWndCb0FIUUFPZ0FnQURFQU1BQndBSGdBT3dBZ0FHWUFiQUJ2QUdFQWRBQTZBQ0FBY2dCcEFHY0FhQUIwQURzQVhBQWlBRDRBUEFCVEFGQUFRUUJPQUNBQWFRQmtBRDBBWEFBaUFITUFhQUJ2QUhjQWRRQnpBR1VBY2dCdUFHRUFiUUJsQUZ3QUlnQStBRHdBTHdCVEFGQUFRUUJPQUQ0QUlBQjhBQ0FBWEFCMEFGd0FkQUJjQUhRQVhBQjBBRndBZEFBZ0FEd0FRUUFnQUhNQWRBQjVBR3dBWlFBOUFGd0FJZ0JqQUc4QWJBQnZBSElBT2dBZ0FISUFad0JpQUNnQU1nQTFBRFVBTEFBZ0FESUFOUUExQUN3QUlBQXlBRFVBTlFBcEFEc0FYQUFpQUNBQWJ3QnVBR01BYkFCcEFHTUFhd0E5QUZ3QUlnQkRBRWdBUVFCVUFDNEFiQUJ2QUdjQWJ3QjFBSFFBS0FBcEFGd0FJZ0FnQUdnQWNnQmxBR1lBUFFCY0FDSUFhZ0JoQUhZQVlRQnpBR01BY2dCcEFIQUFkQUE2QURzQVhBQWlBRDRBQUpENlVUd0FMd0JCQUQ0QVBBQXZBRk1BVUFCQkFFNEFQZ0FnQUNBQUlBQWdBQ0FBSUFBZ0FDQUFJQUFnQUNBQUlBQWdBQ0FBSUFBZ0FDQUFQQUF2QUVRQVNRQldBRDRBUEFBdkFFUUFTUUJXQUQ0QVBBQkVBRWtBVmdBZ0FHa0FaQUE5QUZ3QUlnQmtBRzhBWXdCY0FDSUFQZ0E4QUVRQVNRQldBQ0FBYVFCa0FEMEFYQUFpQUdNQWFBQmhBSFFBWEFBaUFENEFQQUJFQUVrQVZnQWdBR01BYkFCaEFITUFjd0E5QUZ3QUlnQnRBR1VBY3dCekFHRUFad0JsQUZ3QUlnQWdBR2tBWkFBOUFGd0FJZ0J0QUdVQWN3QnpBR0VBWndCbEFGd0FJZ0ErQUR3QVJBQkpBRllBSUFCcEFHUUFQUUJjQUNJQWJ3QnVBR3dBYVFCdUFHVUFZd0J2QUhVQWJnQjBBRndBSWdBZ0FITUFkQUI1QUd3QVpRQTlBRndBSWdCaUFHRUFZd0JyQUdjQWNnQnZBSFVBYmdCa0FEb0FJQUJ5QUdjQVlnQW9BRElBTXdBNUFDd0FJQUF5QURNQU9RQXNBQ0FBTWdBMEFEUUFLUUE3QUNBQVl3QnZBR3dBYndCeUFEb0FJQUJ5QUdjQVlnQW9BREVBTUFBeUFDd0FJQUF4QURBQU1nQXNBQ0FBTVFBd0FESUFLUUE3QUNBQVpnQnZBRzRBZEFBdEFITUFhUUI2QUdVQU9nQWdBREVBTWdCd0FIZ0FPd0FnQUcwQVlRQnlBR2NBYVFCdUFDMEFkQUJ2QUhBQU9nQWdBREVBTUFCd0FIZ0FPd0FnQUcwQVlRQnlBR2NBYVFCdUFDMEFiQUJsQUdZQWRBQTZBQ0FBTVFBd0FIQUFlQUE3QUZ3QUlnQStBRHdBTHdCRUFFa0FWZ0ErQUR3QUx3QkVBRWtBVmdBK0FEd0FSQUJKQUZZQUlBQmpBR3dBWVFCekFITUFQUUJjQUNJQWFRQnVBSEFBZFFCMEFDMEFZZ0J2QUhnQVhBQWlBRDRBUEFCRUFFa0FWZ0FnQUdNQWJBQmhBSE1BY3dBOUFGd0FJZ0JwQUc0QWNBQjFBSFFBWEFBaUFENEFQQUJKQUU0QVVBQlZBRlFBSUFCdUFHRUFiUUJsQUQwQVhBQWlBR01BYndCdUFIUUFaUUJ1QUhRQVhBQWlBQ0FBYVFCa0FEMEFYQUFpQUdNQWJ3QnVBSFFBWlFCdUFIUUFYQUFpQUNBQWRBQjVBSEFBWlFBOUFGd0FJZ0IwQUdVQWVBQjBBRndBSWdBZ0FHMEFZUUI0QUd3QVpRQnVBR2NBZEFCb0FEMEFYQUFpQURFQU5BQXdBRndBSWdBZ0FIQUFiQUJoQUdNQVpRQm9BRzhBYkFCa0FHVUFjZ0E5QUZ3QUlnRDNpNU9QWlZGS2dDbFpoVkc1V3d6L0NXTkRBSFFBY2dCc0FOQmpwRTVjQUNJQVBnQWdBQ0FBSUFBZ0FDQUFJQUFnQUNBQUlBQWdBQ0FBSUFBZ0FDQUFJQUFnQUNBQUlBQWdBQ0FBSUFBZ0FDQUFJQUFnQUR3QUx3QkVBRWtBVmdBK0FEd0FSQUJKQUZZQUlBQmpBR3dBWVFCekFITUFQUUJjQUNJQVlRQmpBSFFBYVFCdkFHNEFYQUFpQUQ0QVBBQkNBRlVBVkFCVUFFOEFUZ0FnQUdrQVpBQTlBRndBSWdCdEFHb0FjZ0JmQUhNQVpRQnVBR1FBWEFBaUFDQUFid0J1QUdNQWJBQnBBR01BYXdBOUFGd0FJZ0JEQUVnQVFRQlVBQzRBY3dCMUFHSUFiUUJwQUhRQUtBQXBBRHNBWEFBaUFDQUFkQUI1QUhBQVpRQTlBRndBSWdCaUFIVUFkQUIwQUc4QWJnQmNBQ0lBUGdEUVk2Uk9QQUF2QUVJQVZRQlVBRlFBVHdCT0FENEFJQUFnQUNBQUlBQWdBQ0FBSUFBZ0FDQUFJQUFnQUNBQUlBQWdBQ0FBSUFBZ0FDQUFJQUFnQUNBQUlBQWdBQ0FBSUFBOEFDOEFSQUJKQUZZQVBnQThBRVFBU1FCV0FDQUFjd0IwQUhrQWJBQmxBRDBBWEFBaUFHd0FaUUJtQUhRQU9nQWdBREVBTUFCd0FIZ0FPd0FnQUhRQWJ3QndBRG9BSUFBMEFEVUFjQUI0QURzQUlBQjNBR2tBWkFCMEFHZ0FPZ0FnQURFQU1BQXdBQ1VBT3dBZ0FHWUFid0J1QUhRQUxRQnpBR2tBZWdCbEFEb0FJQUF4QURJQWNBQjRBRHNBSUFCbUFHd0Fid0JoQUhRQU9nQWdBR3dBWlFCbUFIUUFPd0FnQUhBQWJ3QnpBR2tBZEFCcEFHOEFiZ0E2QUNBQVlRQmlBSE1BYndCc0FIVUFkQUJsQURzQVhBQWlBRDRBUEFCUUFENEFnbG1jWjltUEtrNUVBR1VBYlFCdkFQbGJZRThKWnk1ZXFWSU0vendBUVFBZ0FHZ0FjZ0JsQUdZQVBRQmNBQ0lBYUFCMEFIUUFjQUJ6QURvQUx3QXZBR2NBYVFCMEFHZ0FkUUJpQUM0QVl3QnZBRzBBTHdCd0FHd0FhQUIzQUdrQWJnQmNBQ0lBSUFCMEFHRUFjZ0JuQUdVQWRBQTlBRndBSWdCZkFHSUFiQUJoQUc0QWF3QmNBQ0lBUGdEM2l6QlNSd0JwQUhRQWFBQjFBR0lBYzFIb2JCRmlQQUF2QUVFQVBnQThBQzhBVUFBK0FEd0FVQUErQUZsbEMzb2EvendBUVFBZ0FHZ0FjZ0JsQUdZQVBRQmNBQ0lBYUFCMEFIUUFjQUE2QUM4QUx3QjNBSGNBZHdBdUFIQUFiQUJvQUhjQWFRQnVBQzRBWXdCdkFHMEFMd0F5QURBQU1RQTBBQzhBTUFBMUFDOEFNZ0E0QUM4QWJnQnZBR1FBWlFCcUFITUFMUUJ6QUc4QVl3QnJBR1VBZEFCcEFHOEFMd0JjQUNJQUlBQjBBR0VBY2dCbkFHVUFkQUE5QUZ3QUlnQmZBR0lBYkFCaEFHNEFhd0JjQUNJQVBnQm9BSFFBZEFCd0FEb0FMd0F2QUhjQWR3QjNBQzRBY0FCc0FHZ0Fkd0JwQUc0QUxnQmpBRzhBYlFBdkFESUFNQUF4QURRQUx3QXdBRFVBTHdBeUFEZ0FMd0J1QUc4QVpBQmxBR29BY3dBdEFITUFid0JqQUdzQVpRQjBBR2tBYndBdkFEd0FMd0JCQUQ0QVBBQXZBRkFBUGdBOEFGQUFQZ0NRYmdGNEd2ODhBRUVBSUFCb0FISUFaUUJtQUQwQVhBQWlBR2dBZEFCMEFIQUFjd0E2QUM4QUx3Qm5BR2tBZEFCb0FIVUFZZ0F1QUdNQWJ3QnRBQzhBY0FCc0FHZ0Fkd0JwQUc0QUx3QnVBRzhBWkFCbEFHb0Fjd0F0QUhNQWJ3QmpBR3NBWlFCMEFHa0Fid0F0QUdNQWFBQmhBSFFBWEFBaUFDQUFkQUJoQUhJQVp3QmxBSFFBUFFCY0FDSUFYd0JpQUd3QVlRQnVBR3NBWEFBaUFENEFhQUIwQUhRQWNBQnpBRG9BTHdBdkFHY0FhUUIwQUdnQWRRQmlBQzRBWXdCdkFHMEFMd0J3QUd3QWFBQjNBR2tBYmdBdkFHNEFid0JrQUdVQWFnQnpBQzBBY3dCdkFHTUFhd0JsQUhRQWFRQnZBQzBBWXdCb0FHRUFkQUE4QUM4QVFRQStBRHdBTHdCUUFENEFQQUF2QUVRQVNRQldBRDRBUEFBdkFFUUFTUUJXQUQ0QVBBQXZBRVFBU1FCV0FENEFQQUF2QUVRQVNRQldBRDRBUEFBdkFFUUFTUUJXQUQ0QVBBQlRBRU1BVWdCSkFGQUFWQUFnQUhNQWNnQmpBRDBBWEFBaUFDNEFMd0JqQUd3QWFRQmxBRzRBZEFBdUFHb0Fjd0JjQUNJQUlBQjBBSGtBY0FCbEFEMEFYQUFpQUhRQVpRQjRBSFFBTHdCcUFHRUFkZ0JoQUhNQVl3QnlBR2tBY0FCMEFGd0FJZ0ErQUR3QUx3QlRBRU1BVWdCSkFGQUFWQUErQUNBQUlBQWdBQ0FBSUFBaUFDd0FJZ0IxQUhJQWJBQWlBRG9BSWdCbUFHa0FiQUJsQURvQUx3QXZBRVFBT2dCY0FGd0FTd0J1QUc4QWR3QnNBR1VBWkFCbkFHVUFRd0JsQUc0QWRBQmxBSElBWEFCY0FGTUFid0IxQUhJQVl3QmxBRU1BYndCa0FHVUFYQUJjQUc0QWJ3QmtBR1VBYWdCekFDMEFjd0J2QUdNQWF3QmxBSFFBYVFCdkFDMEFZd0JvQUdFQWRBQmNBRndBWXdCc0FHa0FaUUJ1QUhRQVhBQmNBR2tBYmdCa0FHVUFlQUF1QUdnQWRBQnRBR3dBSWdCOUFBb0E8L1N0cmluZ0h0dHBCb2R5Pg0KICAgIDwvUmVxdWVzdD4NCiAgPC9JdGVtcz4NCiAgPFZhbGlkYXRpb25SdWxlcz4NCiAgICA8VmFsaWRhdGlvblJ1bGUgQ2xhc3NuYW1lPSJNaWNyb3NvZnQuVmlzdWFsU3R1ZGlvLlRlc3RUb29scy5XZWJUZXN0aW5nLlJ1bGVzLlZhbGlkYXRlUmVzcG9uc2VVcmwsIE1pY3Jvc29mdC5WaXN1YWxTdHVkaW8uUXVhbGl0eVRvb2xzLldlYlRlc3RGcmFtZXdvcmssIFZlcnNpb249MTAuMC4wLjAsIEN1bHR1cmU9bmV1dHJhbCwgUHVibGljS2V5VG9rZW49YjAzZjVmN2YxMWQ1MGEzYSIgRGlzcGxheU5hbWU9IlJlc3BvbnNlIFVSTCIgRGVzY3JpcHRpb249IlZhbGlkYXRlcyB0aGF0IHRoZSByZXNwb25zZSBVUkwgYWZ0ZXIgcmVkaXJlY3RzIGFyZSBmb2xsb3dlZCBpcyB0aGUgc2FtZSBhcyB0aGUgcmVjb3JkZWQgcmVzcG9uc2UgVVJMLiAgUXVlcnlTdHJpbmcgcGFyYW1ldGVycyBhcmUgaWdub3JlZC4iIExldmVsPSJMb3ciIEV4ZWN0dWlvbk9yZGVyPSJCZWZvcmVEZXBlbmRlbnRzIiAvPg0KICAgIDxWYWxpZGF0aW9uUnVsZSBDbGFzc25hbWU9Ik1pY3Jvc29mdC5WaXN1YWxTdHVkaW8uVGVzdFRvb2xzLldlYlRlc3RpbmcuUnVsZXMuVmFsaWRhdGlvblJ1bGVSZXNwb25zZVRpbWVHb2FsLCBNaWNyb3NvZnQuVmlzdWFsU3R1ZGlvLlF1YWxpdHlUb29scy5XZWJUZXN0RnJhbWV3b3JrLCBWZXJzaW9uPTEwLjAuMC4wLCBDdWx0dXJlPW5ldXRyYWwsIFB1YmxpY0tleVRva2VuPWIwM2Y1ZjdmMTFkNTBhM2EiIERpc3BsYXlOYW1lPSJSZXNwb25zZSBUaW1lIEdvYWwiIERlc2NyaXB0aW9uPSJWYWxpZGF0ZXMgdGhhdCB0aGUgcmVzcG9uc2UgdGltZSBmb3IgdGhlIHJlcXVlc3QgaXMgbGVzcyB0aGFuIG9yIGVxdWFsIHRvIHRoZSByZXNwb25zZSB0aW1lIGdvYWwgYXMgc3BlY2lmaWVkIG9uIHRoZSByZXF1ZXN0LiAgUmVzcG9uc2UgdGltZSBnb2FscyBvZiB6ZXJvIHdpbGwgYmUgaWdub3JlZC4iIExldmVsPSJMb3ciIEV4ZWN0dWlvbk9yZGVyPSJBZnRlckRlcGVuZGVudHMiPg0KICAgICAgPFJ1bGVQYXJhbWV0ZXJzPg0KICAgICAgICA8UnVsZVBhcmFtZXRlciBOYW1lPSJUb2xlcmFuY2UiIFZhbHVlPSIwIiAvPg0KICAgICAgPC9SdWxlUGFyYW1ldGVycz4NCiAgICA8L1ZhbGlkYXRpb25SdWxlPg0KICA8L1ZhbGlkYXRpb25SdWxlcz4NCjwvV2ViVGVzdD4=">
      <Execution id="41562872-2923-40f9-8988-8922c8b26835" />
    </WebTest>
  </TestDefinitions>
  <TestLists>
    <TestList name="Results Not in a List" id="8c84fa94-04c1-424b-9868-57a2d4851a1d" />
    <TestList name="All Loaded Results" id="19431567-8539-422a-85d7-44ee4e166bda" />
  </TestLists>
  <TestEntries>
    <TestEntry isTransparent="false" testId="c1b7396d-e2b3-4a00-a3f5-8a635881f92a" executionId="41562872-2923-40f9-8988-8922c8b26835" testListId="8c84fa94-04c1-424b-9868-57a2d4851a1d" />
  </TestEntries>
  <Results>
    <WebTestResult executionId="41562872-2923-40f9-8988-8922c8b26835" testId="c1b7396d-e2b3-4a00-a3f5-8a635881f92a" testName="WebTest1" computerName="MININT-3MVF30N" duration="00:00:00.3412462" startTime="2016-06-15T15:43:13.0924277+08:00" endTime="2016-06-15T15:43:24.2018182+08:00" testType="4e7599fa-5ecb-43e9-a887-cd63cf72d207" outcome="Failed" testListId="8c84fa94-04c1-424b-9868-57a2d4851a1d" relativeResultsDirectory="41562872-2923-40f9-8988-8922c8b26835">
      <Output>
        <ErrorInfo>
          <Message>6 primary requests, 0 dependant requests and 0 conditional rules failed</Message>
        </ErrorInfo>
      </Output>
      <ResultFiles>
        <ResultFile path="WebTest1.webtestResult" />
      </ResultFiles>
      <TestSettings name="Local" id="ce1befce-c7ce-4f95-bdc9-d76a680a87f9">
        <Description>These are default test settings for a local test run.</Description>
        <Execution>
          <TestTypeSpecific>
            <WebTestRunConfiguration testTypeId="4e7599fa-5ecb-43e9-a887-cd63cf72d207">
              <Browser name="Internet Explorer 9.0" MaxConnections="6">
                <Headers>
                  <Header name="User-Agent" value="Mozilla/5.0 (compatible; MSIE 9.0; Windows NT 6.1; Trident/5.0)" />
                  <Header name="Accept" value="*/*" />
                  <Header name="Accept-Language" value="{{$IEAcceptLanguage}}" />
                  <Header name="Accept-Encoding" value="GZIP" />
                </Headers>
              </Browser>
            </WebTestRunConfiguration>
          </TestTypeSpecific>
          <AgentRule name="Execution Agents">
          </AgentRule>
        </Execution>
        <Deployment runDeploymentRoot="Administrator_MININT-3MVF30N 2016-06-15 15_43_10" />
        <Properties>
          <Property name="TestSettingsUIType" value="LoadTest" />
        </Properties>
      </TestSettings>
      <WebTestResultFilePath>Administrator_MININT-3MVF30N 2016-06-15 15_43_10\In\41562872-2923-40f9-8988-8922c8b26835\WebTest1.webtestResult</WebTestResultFilePath>
    </WebTestResult>
  </Results>
</TestRun>